Mplus VERSION 7.11 (Mac)
MUTHEN & MUTHEN
11/01/2013   1:10 PM

INPUT INSTRUCTIONS

  TITLE:

  	Scalar Invariance Model
  	Self-Concept - Peer Relationships

  DATA:

  	FILE IS self_concept_data.txt;
  	TYPE IS correlation means stdeviations;
  	NOBSERVATIONS = 134 251;
  	NGROUPS = 2;
  	
  VARIABLE:
  	
  	NAMES ARE phyab1 phyab2 phyab3 phyab4
  			  appear1 appear2 appear3 appear4
  			  peerrel1 peerrel2 peerrel3 peerrel4
  			  parrel1 parrel2 parrel3 parrel4;
  			
  	USEVARIABLES ARE peerrel1 peerrel2 peerrel3 peerrel4;
  	
  MODEL:

  	PEER BY peerrel1* (l1)
  			peerrel2 (l2)
  			peerrel3 (l3)
  			peerrel4 (l4);
  	
  	PEER@1;
  	[PEER@0];

  	[peerrel1] (i1);
  	[peerrel2] (i2);
  	[peerrel3] (i3);
  	[peerrel4] (i4);

  	peerrel1;
  	peerrel2;
  	peerrel3;
  	peerrel4;
  	
  MODEL g2:

  	PEER BY peerrel1* (l1)
  			peerrel2 (l2)
  			peerrel3 (l3)
  			peerrel4 (l4);

  	PEER*;
  	[PEER*];

  	[peerrel1] (i1);
  	[peerrel2] (i2);
  	[peerrel3] (i3);
  	[peerrel4] (i4);

  	peerrel1;
  	peerrel2;
  	peerrel3;
  	peerrel4;

  	
  	



INPUT READING TERMINATED NORMALLY





Scalar Invariance Model
Self-Concept - Peer Relationships

SUMMARY OF ANALYSIS

Number of groups                                                 2
Number of observations
   Group G1                                                    134
   Group G2                                                    251
   Total sample size                                           385

Number of dependent variables                                    4
Number of independent variables                                  0
Number of continuous latent variables                            1

Observed dependent variables

  Continuous
   PEERREL1    PEERREL2    PEERREL3    PEERREL4

Continuous latent variables
   PEER


Estimator                                                       ML
Information matrix                                        EXPECTED
Maximum number of iterations                                  1000
Convergence criterion                                    0.500D-04
Maximum number of steepest descent iterations                   20

Input data file(s)
  self_concept_data.txt

Input data format  FREE



THE MODEL ESTIMATION TERMINATED NORMALLY



MODEL FIT INFORMATION

Number of Free Parameters                       18

Loglikelihood

          H0 Value                       -3013.261
          H1 Value                       -3011.054

Information Criteria

          Akaike (AIC)                    6062.523
          Bayesian (BIC)                  6133.681
          Sample-Size Adjusted BIC        6076.570
            (n* = (n + 2) / 24)

Chi-Square Test of Model Fit

          Value                              4.415
          Degrees of Freedom                    10
          P-Value                           0.9267

Chi-Square Contribution From Each Group

          G1                                 2.381
          G2                                 2.034

RMSEA (Root Mean Square Error Of Approximation)

          Estimate                           0.000
          90 Percent C.I.                    0.000  0.025
          Probability RMSEA <= .05           0.985

CFI/TLI

          CFI                                1.000
          TLI                                1.014

Chi-Square Test of Model Fit for the Baseline Model

          Value                            503.360
          Degrees of Freedom                    12
          P-Value                           0.0000

SRMR (Standardized Root Mean Square Residual)

          Value                              0.029



MODEL RESULTS

                                                    Two-Tailed
                    Estimate       S.E.  Est./S.E.    P-Value

Group G1

 PEER     BY
    PEERREL1           1.435      0.131     10.953      0.000
    PEERREL2           1.587      0.145     10.961      0.000
    PEERREL3           1.990      0.164     12.151      0.000
    PEERREL4           1.724      0.145     11.892      0.000

 Means
    PEER               0.000      0.000    999.000    999.000

 Intercepts
    PEERREL1           8.466      0.148     57.276      0.000
    PEERREL2           7.589      0.164     46.412      0.000
    PEERREL3           7.060      0.194     36.302      0.000
    PEERREL4           7.891      0.170     46.319      0.000

 Variances
    PEER               1.000      0.000    999.000    999.000

 Residual Variances
    PEERREL1           1.850      0.273      6.767      0.000
    PEERREL2           2.242      0.332      6.752      0.000
    PEERREL3           1.871      0.345      5.422      0.000
    PEERREL4           1.635      0.282      5.808      0.000

Group G2

 PEER     BY
    PEERREL1           1.435      0.131     10.953      0.000
    PEERREL2           1.587      0.145     10.961      0.000
    PEERREL3           1.990      0.164     12.151      0.000
    PEERREL4           1.724      0.145     11.892      0.000

 Means
    PEER               0.231      0.110      2.094      0.036

 Intercepts
    PEERREL1           8.466      0.148     57.276      0.000
    PEERREL2           7.589      0.164     46.412      0.000
    PEERREL3           7.060      0.194     36.302      0.000
    PEERREL4           7.891      0.170     46.319      0.000

 Variances
    PEER               0.639      0.116      5.484      0.000

 Residual Variances
    PEERREL1           1.739      0.191      9.119      0.000
    PEERREL2           2.157      0.236      9.148      0.000
    PEERREL3           2.081      0.266      7.820      0.000
    PEERREL4           1.766      0.215      8.212      0.000


QUALITY OF NUMERICAL RESULTS

     Condition Number for the Information Matrix              0.204E-02
       (ratio of smallest to largest eigenvalue)


     Beginning Time:  13:10:06
        Ending Time:  13:10:06
       Elapsed Time:  00:00:00



MUTHEN & MUTHEN
3463 Stoner Ave.
Los Angeles, CA  90066

Tel: (310) 391-9971
Fax: (310) 391-8971
Web: www.StatModel.com
Support: Support@StatModel.com

Copyright (c) 1998-2013 Muthen & Muthen
