Mplus VERSION 7.11 (Mac)
MUTHEN & MUTHEN
11/01/2013   1:05 PM

INPUT INSTRUCTIONS

  TITLE:

  	Configural Invariance Model
  	Self-Concept - Peer Relationships

  DATA:

  	FILE IS self_concept_data.txt;
  	TYPE IS correlation means stdeviations;
  	NOBSERVATIONS = 134 251;
  	NGROUPS = 2;

  	
  VARIABLE:
  	
  	NAMES ARE phyab1 phyab2 phyab3 phyab4
  			  appear1 appear2 appear3 appear4
  			  peerrel1 peerrel2 peerrel3 peerrel4
  			  parrel1 parrel2 parrel3 parrel4;
  			
  	USEVARIABLES ARE peerrel1 peerrel2 peerrel3 peerrel4;
  	
  MODEL:

  	PEER BY peerrel1* (l1)
  			peerrel2
  			peerrel3
  			peerrel4;
  	
  	PEER@1;
  	[PEER@0];

  	[peerrel1] (i1);
  	[peerrel2];
  	[peerrel3];
  	[peerrel4];

  	peerrel1;
  	peerrel2;
  	peerrel3;
  	peerrel4;
  	
  MODEL g2:

  	PEER BY peerrel1* (l1)
  			peerrel2
  			peerrel3
  			peerrel4;

  	PEER*;
  	[PEER*];

  	[peerrel1] (i1);
  	[peerrel2];
  	[peerrel3];
  	[peerrel4];

  	peerrel1;
  	peerrel2;
  	peerrel3;
  	peerrel4;

  	
  	



INPUT READING TERMINATED NORMALLY





Configural Invariance Model
Self-Concept - Peer Relationships

SUMMARY OF ANALYSIS

Number of groups                                                 2
Number of observations
   Group G1                                                    134
   Group G2                                                    251
   Total sample size                                           385

Number of dependent variables                                    4
Number of independent variables                                  0
Number of continuous latent variables                            1

Observed dependent variables

  Continuous
   PEERREL1    PEERREL2    PEERREL3    PEERREL4

Continuous latent variables
   PEER


Estimator                                                       ML
Information matrix                                        EXPECTED
Maximum number of iterations                                  1000
Convergence criterion                                    0.500D-04
Maximum number of steepest descent iterations                   20

Input data file(s)
  self_concept_data.txt

Input data format  FREE



THE MODEL ESTIMATION TERMINATED NORMALLY



MODEL FIT INFORMATION

Number of Free Parameters                       24

Loglikelihood

          H0 Value                       -3011.779
          H1 Value                       -3011.054

Information Criteria

          Akaike (AIC)                    6071.559
          Bayesian (BIC)                  6166.437
          Sample-Size Adjusted BIC        6090.288
            (n* = (n + 2) / 24)

Chi-Square Test of Model Fit

          Value                              1.451
          Degrees of Freedom                     4
          P-Value                           0.8353

Chi-Square Contribution From Each Group

          G1                                 0.802
          G2                                 0.649

RMSEA (Root Mean Square Error Of Approximation)

          Estimate                           0.000
          90 Percent C.I.                    0.000  0.063
          Probability RMSEA <= .05           0.922

CFI/TLI

          CFI                                1.000
          TLI                                1.016

Chi-Square Test of Model Fit for the Baseline Model

          Value                            503.360
          Degrees of Freedom                    12
          P-Value                           0.0000

SRMR (Standardized Root Mean Square Residual)

          Value                              0.008



MODEL RESULTS

                                                    Two-Tailed
                    Estimate       S.E.  Est./S.E.    P-Value

Group G1

 PEER     BY
    PEERREL1           1.558      0.159      9.771      0.000
    PEERREL2           1.647      0.174      9.455      0.000
    PEERREL3           1.914      0.181     10.560      0.000
    PEERREL4           1.665      0.163     10.218      0.000

 Means
    PEER               0.000      0.000    999.000    999.000

 Intercepts
    PEERREL1           8.440      0.176     47.837      0.000
    PEERREL2           7.620      0.191     39.882      0.000
    PEERREL3           7.060      0.205     34.467      0.000
    PEERREL4           7.890      0.182     43.243      0.000

 Variances
    PEER               1.000      0.000    999.000    999.000

 Residual Variances
    PEERREL1           1.744      0.279      6.246      0.000
    PEERREL2           2.179      0.337      6.458      0.000
    PEERREL3           1.960      0.352      5.564      0.000
    PEERREL4           1.690      0.287      5.887      0.000

Group G2

 PEER     BY
    PEERREL1           1.558      0.159      9.771      0.000
    PEERREL2           1.821      0.300      6.058      0.000
    PEERREL3           2.431      0.380      6.390      0.000
    PEERREL4           2.089      0.329      6.345      0.000

 Means
    PEER               0.237      0.135      1.761      0.078

 Intercepts
    PEERREL1           8.440      0.176     47.837      0.000
    PEERREL2           7.508      0.253     29.664      0.000
    PEERREL3           6.943      0.325     21.347      0.000
    PEERREL4           7.794      0.282     27.685      0.000

 Variances
    PEER               0.462      0.134      3.442      0.001

 Residual Variances
    PEERREL1           1.790      0.192      9.311      0.000
    PEERREL2           2.178      0.240      9.067      0.000
    PEERREL3           2.003      0.287      6.977      0.000
    PEERREL4           1.731      0.229      7.564      0.000


QUALITY OF NUMERICAL RESULTS

     Condition Number for the Information Matrix              0.102E-02
       (ratio of smallest to largest eigenvalue)


     Beginning Time:  13:05:43
        Ending Time:  13:05:43
       Elapsed Time:  00:00:00



MUTHEN & MUTHEN
3463 Stoner Ave.
Los Angeles, CA  90066

Tel: (310) 391-9971
Fax: (310) 391-8971
Web: www.StatModel.com
Support: Support@StatModel.com

Copyright (c) 1998-2013 Muthen & Muthen
