Mplus VERSION 7.11 (Mac)
MUTHEN & MUTHEN
11/07/2013   3:55 PM

INPUT INSTRUCTIONS

  TITLE:

  	Structura Invariance Model
  	Variance
  	Self-Concept - Peer Relationships

  DATA:

  	FILE IS self_concept_data.txt;
  	TYPE IS correlation means stdeviations;
  	NOBSERVATIONS = 134 251;
  	NGROUPS = 2;
  	
  VARIABLE:
  	
  	NAMES ARE phyab1 phyab2 phyab3 phyab4
  			  appear1 appear2 appear3 appear4
  			  peerrel1 peerrel2 peerrel3 peerrel4
  			  parrel1 parrel2 parrel3 parrel4;
  			
  	USEVARIABLES ARE peerrel1 peerrel2 peerrel3 peerrel4;
  	
  MODEL:

  	PEER BY peerrel1* (l1)
  			peerrel2 (l2)
  			peerrel3 (l3)
  			peerrel4 (l4);
  	
  	PEER@1;
  	[PEER@0];

  	[peerrel1] (i1);
  	[peerrel2] (i2);
  	[peerrel3] (i3);
  	[peerrel4] (i4);

  	peerrel1 (e1);
  	peerrel2 (e2);
  	peerrel3 (e3);
  	peerrel4 (e4);
  	
  MODEL g2:

  	PEER BY peerrel1* (l1)
  			peerrel2 (l2)
  			peerrel3 (l3)
  			peerrel4 (l4);

  	PEER@1;
  	[PEER*];

  	[peerrel1] (i1);
  	[peerrel2] (i2);
  	[peerrel3] (i3);
  	[peerrel4] (i4);

  	peerrel1 (e1);
  	peerrel2 (e2);
  	peerrel3 (e3);
  	peerrel4 (e4);

  	
  	



INPUT READING TERMINATED NORMALLY





Structura Invariance Model
Variance
Self-Concept - Peer Relationships

SUMMARY OF ANALYSIS

Number of groups                                                 2
Number of observations
   Group G1                                                    134
   Group G2                                                    251
   Total sample size                                           385

Number of dependent variables                                    4
Number of independent variables                                  0
Number of continuous latent variables                            1

Observed dependent variables

  Continuous
   PEERREL1    PEERREL2    PEERREL3    PEERREL4

Continuous latent variables
   PEER


Estimator                                                       ML
Information matrix                                        EXPECTED
Maximum number of iterations                                  1000
Convergence criterion                                    0.500D-04
Maximum number of steepest descent iterations                   20

Input data file(s)
  self_concept_data.txt

Input data format  FREE



THE MODEL ESTIMATION TERMINATED NORMALLY



MODEL FIT INFORMATION

Number of Free Parameters                       13

Loglikelihood

          H0 Value                       -3016.551
          H1 Value                       -3011.054

Information Criteria

          Akaike (AIC)                    6059.102
          Bayesian (BIC)                  6110.494
          Sample-Size Adjusted BIC        6069.247
            (n* = (n + 2) / 24)

Chi-Square Test of Model Fit

          Value                             10.994
          Degrees of Freedom                    15
          P-Value                           0.7530

Chi-Square Contribution From Each Group

          G1                                 6.388
          G2                                 4.606

RMSEA (Root Mean Square Error Of Approximation)

          Estimate                           0.000
          90 Percent C.I.                    0.000  0.049
          Probability RMSEA <= .05           0.954

CFI/TLI

          CFI                                1.000
          TLI                                1.007

Chi-Square Test of Model Fit for the Baseline Model

          Value                            503.360
          Degrees of Freedom                    12
          P-Value                           0.0000

SRMR (Standardized Root Mean Square Residual)

          Value                              0.104



MODEL RESULTS

                                                    Two-Tailed
                    Estimate       S.E.  Est./S.E.    P-Value

Group G1

 PEER     BY
    PEERREL1           1.252      0.090     13.954      0.000
    PEERREL2           1.387      0.099     13.975      0.000
    PEERREL3           1.747      0.106     16.415      0.000
    PEERREL4           1.512      0.095     15.840      0.000

 Means
    PEER               0.000      0.000    999.000    999.000

 Intercepts
    PEERREL1           8.466      0.135     62.859      0.000
    PEERREL2           7.590      0.149     50.874      0.000
    PEERREL3           7.060      0.177     39.895      0.000
    PEERREL4           7.891      0.155     50.895      0.000

 Variances
    PEER               1.000      0.000    999.000    999.000

 Residual Variances
    PEERREL1           1.790      0.161     11.145      0.000
    PEERREL2           2.190      0.197     11.132      0.000
    PEERREL3           1.991      0.221      9.015      0.000
    PEERREL4           1.712      0.178      9.633      0.000

Group G2

 PEER     BY
    PEERREL1           1.252      0.090     13.954      0.000
    PEERREL2           1.387      0.099     13.975      0.000
    PEERREL3           1.747      0.106     16.415      0.000
    PEERREL4           1.512      0.095     15.840      0.000

 Means
    PEER               0.264      0.119      2.223      0.026

 Intercepts
    PEERREL1           8.466      0.135     62.859      0.000
    PEERREL2           7.590      0.149     50.874      0.000
    PEERREL3           7.060      0.177     39.895      0.000
    PEERREL4           7.891      0.155     50.895      0.000

 Variances
    PEER               1.000      0.000    999.000    999.000

 Residual Variances
    PEERREL1           1.790      0.161     11.145      0.000
    PEERREL2           2.190      0.197     11.132      0.000
    PEERREL3           1.991      0.221      9.015      0.000
    PEERREL4           1.712      0.178      9.633      0.000


QUALITY OF NUMERICAL RESULTS

     Condition Number for the Information Matrix              0.495E-02
       (ratio of smallest to largest eigenvalue)


     Beginning Time:  15:55:18
        Ending Time:  15:55:19
       Elapsed Time:  00:00:01



MUTHEN & MUTHEN
3463 Stoner Ave.
Los Angeles, CA  90066

Tel: (310) 391-9971
Fax: (310) 391-8971
Web: www.StatModel.com
Support: Support@StatModel.com

Copyright (c) 1998-2013 Muthen & Muthen
