Mplus VERSION 7.11 (Mac)
MUTHEN & MUTHEN
10/11/2013   4:53 PM

INPUT INSTRUCTIONS

  Title:
  	
  	CFA Two Factors;
  	Self-esteem and depression;
  	Orthogonal Factors;

  Data:

  	File is se_dep_items.csv;

  Variable:
  	
  	Names are sad blues depress lonely crying tired failure
  			  worthy capable goodqual attitude;
  			
  Model:

  	DEPRESSION BY sad-failure;
  	SE BY worthy-attitude;
  	
  	DEPRESSION WITH SE@0;
  	



INPUT READING TERMINATED NORMALLY





CFA Two Factors;
Self-esteem and depression;
Orthogonal Factors;

SUMMARY OF ANALYSIS

Number of groups                                                 1
Number of observations                                         711

Number of dependent variables                                   11
Number of independent variables                                  0
Number of continuous latent variables                            2

Observed dependent variables

  Continuous
   SAD         BLUES       DEPRESS     LONELY      CRYING      TIRED
   FAILURE     WORTHY      CAPABLE     GOODQUAL    ATTITUDE

Continuous latent variables
   DEPRESSI    SE


Estimator                                                       ML
Information matrix                                        OBSERVED
Maximum number of iterations                                  1000
Convergence criterion                                    0.500D-04
Maximum number of steepest descent iterations                   20

Input data file(s)
  se_dep_items.csv

Input data format  FREE



THE MODEL ESTIMATION TERMINATED NORMALLY



MODEL FIT INFORMATION

Number of Free Parameters                       33

Loglikelihood

          H0 Value                       -8020.760
          H1 Value                       -7914.784

Information Criteria

          Akaike (AIC)                   16107.521
          Bayesian (BIC)                 16258.221
          Sample-Size Adjusted BIC       16153.438
            (n* = (n + 2) / 24)

Chi-Square Test of Model Fit

          Value                            211.953
          Degrees of Freedom                    44
          P-Value                           0.0000

RMSEA (Root Mean Square Error Of Approximation)

          Estimate                           0.073
          90 Percent C.I.                    0.064  0.083
          Probability RMSEA <= .05           0.000

CFI/TLI

          CFI                                0.944
          TLI                                0.930

Chi-Square Test of Model Fit for the Baseline Model

          Value                           3051.490
          Degrees of Freedom                    55
          P-Value                           0.0000

SRMR (Standardized Root Mean Square Residual)

          Value                              0.118



MODEL RESULTS

                                                    Two-Tailed
                    Estimate       S.E.  Est./S.E.    P-Value

 DEPRESSI BY
    SAD                1.000      0.000    999.000    999.000
    BLUES              0.792      0.036     21.761      0.000
    DEPRESS            0.957      0.038     25.288      0.000
    LONELY             0.949      0.040     23.456      0.000
    CRYING             0.612      0.034     18.103      0.000
    TIRED              0.662      0.041     16.249      0.000
    FAILURE            0.501      0.027     18.604      0.000

 SE       BY
    WORTHY             1.000      0.000    999.000    999.000
    CAPABLE            0.913      0.077     11.889      0.000
    GOODQUAL           0.915      0.077     11.910      0.000
    ATTITUDE           0.809      0.073     11.041      0.000

 DEPRESSI WITH
    SE                 0.000      0.000    999.000    999.000

 Intercepts
    SAD                1.722      0.033     51.500      0.000
    BLUES              1.466      0.030     49.401      0.000
    DEPRESS            1.554      0.032     48.567      0.000
    LONELY             1.647      0.034     48.275      0.000
    CRYING             1.328      0.027     49.300      0.000
    TIRED              1.619      0.032     51.284      0.000
    FAILURE            1.221      0.021     57.442      0.000
    WORTHY             3.150      0.032     97.032      0.000
    CAPABLE            2.387      0.033     71.416      0.000
    GOODQUAL           2.980      0.029    101.748      0.000
    ATTITUDE           2.820      0.032     87.342      0.000

 Variances
    DEPRESSION         0.551      0.042     13.177      0.000
    SE                 0.343      0.041      8.268      0.000

 Residual Variances
    SAD                0.243      0.018     13.894      0.000
    BLUES              0.280      0.017     16.186      0.000
    DEPRESS            0.223      0.016     13.852      0.000
    LONELY             0.331      0.021     15.706      0.000
    CRYING             0.309      0.018     17.404      0.000
    TIRED              0.467      0.026     17.787      0.000
    FAILURE            0.183      0.011     17.275      0.000
    WORTHY             0.407      0.033     12.435      0.000
    CAPABLE            0.509      0.034     14.789      0.000
    GOODQUAL           0.323      0.027     12.109      0.000
    ATTITUDE           0.517      0.033     15.729      0.000


QUALITY OF NUMERICAL RESULTS

     Condition Number for the Information Matrix              0.879E-02
       (ratio of smallest to largest eigenvalue)


     Beginning Time:  16:53:02
        Ending Time:  16:53:02
       Elapsed Time:  00:00:00



MUTHEN & MUTHEN
3463 Stoner Ave.
Los Angeles, CA  90066

Tel: (310) 391-9971
Fax: (310) 391-8971
Web: www.StatModel.com
Support: Support@StatModel.com

Copyright (c) 1998-2013 Muthen & Muthen
