Mplus VERSION 7.11 (Mac)
MUTHEN & MUTHEN
11/08/2013   2:37 PM

INPUT INSTRUCTIONS

  TITLE:
  	
  	CFA Two Factors;
  	Self-esteem and depression;

  DATA:

  	FILE IS se_dep_items.csv;

  VARIABLE:
  	
  	Names are sad blues depress lonely crying tired failure
  			  worthy capable goodqual attitude;
  			
  MODEL:

  	DEPRESSION BY sad*
  				  blues-failure;
  	SE BY worthy*
  		 capable-attitude;
  		
  	DEPRESSION@1;
  	SE@1;
  		
  	DEPRESSION WITH SE;



INPUT READING TERMINATED NORMALLY





CFA Two Factors;
Self-esteem and depression;

SUMMARY OF ANALYSIS

Number of groups                                                 1
Number of observations                                         711

Number of dependent variables                                   11
Number of independent variables                                  0
Number of continuous latent variables                            2

Observed dependent variables

  Continuous
   SAD         BLUES       DEPRESS     LONELY      CRYING      TIRED
   FAILURE     WORTHY      CAPABLE     GOODQUAL    ATTITUDE

Continuous latent variables
   DEPRESSI    SE


Estimator                                                       ML
Information matrix                                        OBSERVED
Maximum number of iterations                                  1000
Convergence criterion                                    0.500D-04
Maximum number of steepest descent iterations                   20

Input data file(s)
  se_dep_items.csv

Input data format  FREE



THE MODEL ESTIMATION TERMINATED NORMALLY



MODEL FIT INFORMATION

Number of Free Parameters                       34

Loglikelihood

          H0 Value                       -7982.857
          H1 Value                       -7914.784

Information Criteria

          Akaike (AIC)                   16033.713
          Bayesian (BIC)                 16188.980
          Sample-Size Adjusted BIC       16081.022
            (n* = (n + 2) / 24)

Chi-Square Test of Model Fit

          Value                            136.145
          Degrees of Freedom                    43
          P-Value                           0.0000

RMSEA (Root Mean Square Error Of Approximation)

          Estimate                           0.055
          90 Percent C.I.                    0.045  0.066
          Probability RMSEA <= .05           0.195

CFI/TLI

          CFI                                0.969
          TLI                                0.960

Chi-Square Test of Model Fit for the Baseline Model

          Value                           3051.490
          Degrees of Freedom                    55
          P-Value                           0.0000

SRMR (Standardized Root Mean Square Residual)

          Value                              0.038



MODEL RESULTS

                                                    Two-Tailed
                    Estimate       S.E.  Est./S.E.    P-Value

 DEPRESSI BY
    SAD                0.740      0.028     26.276      0.000
    BLUES              0.587      0.026     22.288      0.000
    DEPRESS            0.711      0.027     26.406      0.000
    LONELY             0.706      0.030     23.790      0.000
    CRYING             0.451      0.025     17.869      0.000
    TIRED              0.495      0.030     16.489      0.000
    FAILURE            0.374      0.020     19.027      0.000

 SE       BY
    WORTHY             0.591      0.034     17.138      0.000
    CAPABLE            0.537      0.036     14.987      0.000
    GOODQUAL           0.520      0.031     16.659      0.000
    ATTITUDE           0.486      0.035     13.869      0.000

 DEPRESSI WITH
    SE                -0.394      0.041     -9.629      0.000

 Intercepts
    SAD                1.722      0.033     51.500      0.000
    BLUES              1.466      0.030     49.401      0.000
    DEPRESS            1.554      0.032     48.567      0.000
    LONELY             1.647      0.034     48.275      0.000
    CRYING             1.328      0.027     49.301      0.000
    TIRED              1.619      0.032     51.285      0.000
    FAILURE            1.221      0.021     57.443      0.000
    WORTHY             3.150      0.032     97.034      0.000
    CAPABLE            2.387      0.033     71.417      0.000
    GOODQUAL           2.980      0.029    101.746      0.000
    ATTITUDE           2.820      0.032     87.343      0.000

 Variances
    DEPRESSION         1.000      0.000    999.000    999.000
    SE                 1.000      0.000    999.000    999.000

 Residual Variances
    SAD                0.246      0.018     14.063      0.000
    BLUES              0.281      0.017     16.255      0.000
    DEPRESS            0.222      0.016     13.918      0.000
    LONELY             0.329      0.021     15.703      0.000
    CRYING             0.312      0.018     17.457      0.000
    TIRED              0.463      0.026     17.769      0.000
    FAILURE            0.182      0.011     17.269      0.000
    WORTHY             0.400      0.031     12.783      0.000
    CAPABLE            0.506      0.034     14.943      0.000
    GOODQUAL           0.340      0.026     13.281      0.000
    ATTITUDE           0.505      0.032     15.605      0.000


QUALITY OF NUMERICAL RESULTS

     Condition Number for the Information Matrix              0.264E-01
       (ratio of smallest to largest eigenvalue)


     Beginning Time:  14:37:42
        Ending Time:  14:37:42
       Elapsed Time:  00:00:00



MUTHEN & MUTHEN
3463 Stoner Ave.
Los Angeles, CA  90066

Tel: (310) 391-9971
Fax: (310) 391-8971
Web: www.StatModel.com
Support: Support@StatModel.com

Copyright (c) 1998-2013 Muthen & Muthen
