Mplus VERSION 7.11 (Mac)
MUTHEN & MUTHEN
11/13/2013  11:15 AM

INPUT INSTRUCTIONS

  TITLE:
  	
  	CFA One Factor - Depression itmes
  	Identifying the model by fixing the factor variance to 1

  DATA:

  	FILE IS dep_items.csv;

  VARIABLE:
  	
  	Names are sad blues depress lonely crying tired failure;

  MODEL:

  	DEPRESSION BY sad*
  				  blues-failure;
  	DEPRESSION@1;



INPUT READING TERMINATED NORMALLY





CFA One Factor - Depression itmes
Identifying the model by fixing the factor variance to 1

SUMMARY OF ANALYSIS

Number of groups                                                 1
Number of observations                                         711

Number of dependent variables                                    7
Number of independent variables                                  0
Number of continuous latent variables                            1

Observed dependent variables

  Continuous
   SAD         BLUES       DEPRESS     LONELY      CRYING      TIRED
   FAILURE

Continuous latent variables
   DEPRESSI


Estimator                                                       ML
Information matrix                                        OBSERVED
Maximum number of iterations                                  1000
Convergence criterion                                    0.500D-04
Maximum number of steepest descent iterations                   20

Input data file(s)
  dep_items.csv

Input data format  FREE



THE MODEL ESTIMATION TERMINATED NORMALLY



MODEL FIT INFORMATION

Number of Free Parameters                       21

Loglikelihood

          H0 Value                       -4714.186
          H1 Value                       -4686.134

Information Criteria

          Akaike (AIC)                    9470.371
          Bayesian (BIC)                  9566.271
          Sample-Size Adjusted BIC        9499.591
            (n* = (n + 2) / 24)

Chi-Square Test of Model Fit

          Value                             56.104
          Degrees of Freedom                    14
          P-Value                           0.0000

RMSEA (Root Mean Square Error Of Approximation)

          Estimate                           0.065
          90 Percent C.I.                    0.048  0.083
          Probability RMSEA <= .05           0.074

CFI/TLI

          CFI                                0.982
          TLI                                0.973

Chi-Square Test of Model Fit for the Baseline Model

          Value                           2371.165
          Degrees of Freedom                    21
          P-Value                           0.0000

SRMR (Standardized Root Mean Square Residual)

          Value                              0.020



MODEL RESULTS

                                                    Two-Tailed
                    Estimate       S.E.  Est./S.E.    P-Value

 DEPRESSI BY
    SAD                0.742      0.028     26.355      0.000
    BLUES              0.588      0.026     22.338      0.000
    DEPRESS            0.711      0.027     26.346      0.000
    LONELY             0.704      0.030     23.698      0.000
    CRYING             0.455      0.025     18.018      0.000
    TIRED              0.491      0.030     16.326      0.000
    FAILURE            0.372      0.020     18.909      0.000

 Intercepts
    SAD                1.722      0.033     51.501      0.000
    BLUES              1.466      0.030     49.401      0.000
    DEPRESS            1.554      0.032     48.567      0.000
    LONELY             1.647      0.034     48.275      0.000
    CRYING             1.328      0.027     49.300      0.000
    TIRED              1.619      0.032     51.285      0.000
    FAILURE            1.221      0.021     57.443      0.000

 Variances
    DEPRESSION         1.000      0.000    999.000    999.000

 Residual Variances
    SAD                0.243      0.018     13.893      0.000
    BLUES              0.280      0.017     16.185      0.000
    DEPRESS            0.223      0.016     13.852      0.000
    LONELY             0.331      0.021     15.706      0.000
    CRYING             0.309      0.018     17.403      0.000
    TIRED              0.467      0.026     17.786      0.000
    FAILURE            0.183      0.011     17.275      0.000


QUALITY OF NUMERICAL RESULTS

     Condition Number for the Information Matrix              0.278E-01
       (ratio of smallest to largest eigenvalue)


     Beginning Time:  11:15:24
        Ending Time:  11:15:24
       Elapsed Time:  00:00:00



MUTHEN & MUTHEN
3463 Stoner Ave.
Los Angeles, CA  90066

Tel: (310) 391-9971
Fax: (310) 391-8971
Web: www.StatModel.com
Support: Support@StatModel.com

Copyright (c) 1998-2013 Muthen & Muthen
