Mplus VERSION 7 (Mac)
MUTHEN & MUTHEN
08/29/2013   3:55 PM

INPUT INSTRUCTIONS

  Title:
  	
  	ANOVA example

  Data:

  	File is anova_example_data.csv;

  Variable:
  	
  	Names are dep1 dep2 dep3;
  		
  Model:

  	dep1 (b);
  	dep2 (b);
  	dep3 (b);
  	[dep1] (a);
  	[dep2] (a);
  	[dep3] (a);
  	
  	



*** WARNING in MODEL command
  All variables are uncorrelated with all other variables in the model.
  Check that this is what is intended.
   1 WARNING(S) FOUND IN THE INPUT INSTRUCTIONS





ANOVA example

SUMMARY OF ANALYSIS

Number of groups                                                 1
Number of observations                                          30

Number of dependent variables                                    3
Number of independent variables                                  0
Number of continuous latent variables                            0

Observed dependent variables

  Continuous
   DEP1        DEP2        DEP3


Estimator                                                       ML
Information matrix                                        OBSERVED
Maximum number of iterations                                  1000
Convergence criterion                                    0.500D-04
Maximum number of steepest descent iterations                   20

Input data file(s)
  anova_example_data.csv

Input data format  FREE



THE MODEL ESTIMATION TERMINATED NORMALLY



MODEL FIT INFORMATION

Number of Free Parameters                        2

Loglikelihood

          H0 Value                        -135.931
          H1 Value                        -128.724

Information Criteria

          Akaike (AIC)                     275.861
          Bayesian (BIC)                   278.663
          Sample-Size Adjusted BIC         272.436
            (n* = (n + 2) / 24)

Chi-Square Test of Model Fit

          Value                             14.413
          Degrees of Freedom                     7
          P-Value                           0.0443

RMSEA (Root Mean Square Error Of Approximation)

          Estimate                           0.188
          90 Percent C.I.                    0.029  0.326
          Probability RMSEA <= .05           0.062

CFI/TLI

          CFI                                0.000
          TLI                               -2.252

Chi-Square Test of Model Fit for the Baseline Model

          Value                              3.977
          Degrees of Freedom                     3
          P-Value                           0.2639

SRMR (Standardized Root Mean Square Residual)

          Value                              0.260



MODEL RESULTS

                                                    Two-Tailed
                    Estimate       S.E.  Est./S.E.    P-Value

 Means
    DEP1               0.421      0.115      3.648      0.000
    DEP2               0.421      0.115      3.648      0.000
    DEP3               0.421      0.115      3.648      0.000

 Variances
    DEP1               1.201      0.179      6.708      0.000
    DEP2               1.201      0.179      6.708      0.000
    DEP3               1.201      0.179      6.708      0.000


QUALITY OF NUMERICAL RESULTS

     Condition Number for the Information Matrix              0.416E+00
       (ratio of smallest to largest eigenvalue)


     Beginning Time:  15:55:42
        Ending Time:  15:55:42
       Elapsed Time:  00:00:00



MUTHEN & MUTHEN
3463 Stoner Ave.
Los Angeles, CA  90066

Tel: (310) 391-9971
Fax: (310) 391-8971
Web: www.StatModel.com
Support: Support@StatModel.com

Copyright (c) 1998-2012 Muthen & Muthen
