Mplus VERSION 7.11 (Mac)
MUTHEN & MUTHEN
10/15/2013   2:01 PM

INPUT INSTRUCTIONS

  Title:
  	
  	CFA Two Factors;
  	Self-esteem and depression;

  Data:

  	File is se_dep_items.csv;

  Variable:
  	
  	Names are sad blues depress lonely crying tired failure
  			  worthy capable goodqual attitude;
  			
  Model:

  	DEPRESSION BY sad-failure;
  	SE BY worthy-attitude;
  	



INPUT READING TERMINATED NORMALLY





CFA Two Factors;
Self-esteem and depression;

SUMMARY OF ANALYSIS

Number of groups                                                 1
Number of observations                                         711

Number of dependent variables                                   11
Number of independent variables                                  0
Number of continuous latent variables                            2

Observed dependent variables

  Continuous
   SAD         BLUES       DEPRESS     LONELY      CRYING      TIRED
   FAILURE     WORTHY      CAPABLE     GOODQUAL    ATTITUDE

Continuous latent variables
   DEPRESSI    SE


Estimator                                                       ML
Information matrix                                        OBSERVED
Maximum number of iterations                                  1000
Convergence criterion                                    0.500D-04
Maximum number of steepest descent iterations                   20

Input data file(s)
  se_dep_items.csv

Input data format  FREE



THE MODEL ESTIMATION TERMINATED NORMALLY



MODEL FIT INFORMATION

Number of Free Parameters                       34

Loglikelihood

          H0 Value                       -7982.857
          H1 Value                       -7914.784

Information Criteria

          Akaike (AIC)                   16033.713
          Bayesian (BIC)                 16188.980
          Sample-Size Adjusted BIC       16081.022
            (n* = (n + 2) / 24)

Chi-Square Test of Model Fit

          Value                            136.145
          Degrees of Freedom                    43
          P-Value                           0.0000

RMSEA (Root Mean Square Error Of Approximation)

          Estimate                           0.055
          90 Percent C.I.                    0.045  0.066
          Probability RMSEA <= .05           0.195

CFI/TLI

          CFI                                0.969
          TLI                                0.960

Chi-Square Test of Model Fit for the Baseline Model

          Value                           3051.490
          Degrees of Freedom                    55
          P-Value                           0.0000

SRMR (Standardized Root Mean Square Residual)

          Value                              0.038



MODEL RESULTS

                                                    Two-Tailed
                    Estimate       S.E.  Est./S.E.    P-Value

 DEPRESSI BY
    SAD                1.000      0.000    999.000    999.000
    BLUES              0.793      0.037     21.711      0.000
    DEPRESS            0.961      0.038     25.325      0.000
    LONELY             0.954      0.041     23.493      0.000
    CRYING             0.610      0.034     17.938      0.000
    TIRED              0.669      0.041     16.382      0.000
    FAILURE            0.505      0.027     18.693      0.000

 SE       BY
    WORTHY             1.000      0.000    999.000    999.000
    CAPABLE            0.909      0.075     12.163      0.000
    GOODQUAL           0.880      0.070     12.481      0.000
    ATTITUDE           0.822      0.072     11.406      0.000

 SE       WITH
    DEPRESSION        -0.172      0.023     -7.462      0.000

 Intercepts
    SAD                1.722      0.033     51.500      0.000
    BLUES              1.466      0.030     49.401      0.000
    DEPRESS            1.554      0.032     48.567      0.000
    LONELY             1.647      0.034     48.275      0.000
    CRYING             1.328      0.027     49.300      0.000
    TIRED              1.619      0.032     51.284      0.000
    FAILURE            1.221      0.021     57.443      0.000
    WORTHY             3.150      0.032     97.035      0.000
    CAPABLE            2.387      0.033     71.416      0.000
    GOODQUAL           2.980      0.029    101.748      0.000
    ATTITUDE           2.820      0.032     87.343      0.000

 Variances
    DEPRESSION         0.548      0.042     13.138      0.000
    SE                 0.349      0.041      8.569      0.000

 Residual Variances
    SAD                0.246      0.018     14.063      0.000
    BLUES              0.281      0.017     16.255      0.000
    DEPRESS            0.222      0.016     13.918      0.000
    LONELY             0.329      0.021     15.704      0.000
    CRYING             0.312      0.018     17.457      0.000
    TIRED              0.463      0.026     17.769      0.000
    FAILURE            0.182      0.011     17.269      0.000
    WORTHY             0.400      0.031     12.783      0.000
    CAPABLE            0.506      0.034     14.943      0.000
    GOODQUAL           0.340      0.026     13.281      0.000
    ATTITUDE           0.505      0.032     15.604      0.000


QUALITY OF NUMERICAL RESULTS

     Condition Number for the Information Matrix              0.954E-02
       (ratio of smallest to largest eigenvalue)


     Beginning Time:  14:01:44
        Ending Time:  14:01:44
       Elapsed Time:  00:00:00



MUTHEN & MUTHEN
3463 Stoner Ave.
Los Angeles, CA  90066

Tel: (310) 391-9971
Fax: (310) 391-8971
Web: www.StatModel.com
Support: Support@StatModel.com

Copyright (c) 1998-2013 Muthen & Muthen
