Mplus VERSION 7.11 (Mac)
MUTHEN & MUTHEN
10/11/2013   4:11 PM

INPUT INSTRUCTIONS

  Title:
  	
  	CFA One Factor - Depression itmes

  Data:

  	File is dep_items.csv;

  Variable:
  	
  	Names are sad blues depress lonely crying tired failure;

  Model:

  	DEPRESSION BY sad-failure;
  	
  Output:
  	
  	STANDARDIZED;



INPUT READING TERMINATED NORMALLY





CFA One Factor - Depression itmes

SUMMARY OF ANALYSIS

Number of groups                                                 1
Number of observations                                         711

Number of dependent variables                                    7
Number of independent variables                                  0
Number of continuous latent variables                            1

Observed dependent variables

  Continuous
   SAD         BLUES       DEPRESS     LONELY      CRYING      TIRED
   FAILURE

Continuous latent variables
   DEPRESSI


Estimator                                                       ML
Information matrix                                        OBSERVED
Maximum number of iterations                                  1000
Convergence criterion                                    0.500D-04
Maximum number of steepest descent iterations                   20

Input data file(s)
  dep_items.csv

Input data format  FREE



THE MODEL ESTIMATION TERMINATED NORMALLY



MODEL FIT INFORMATION

Number of Free Parameters                       21

Loglikelihood

          H0 Value                       -4714.186
          H1 Value                       -4686.134

Information Criteria

          Akaike (AIC)                    9470.371
          Bayesian (BIC)                  9566.271
          Sample-Size Adjusted BIC        9499.591
            (n* = (n + 2) / 24)

Chi-Square Test of Model Fit

          Value                             56.104
          Degrees of Freedom                    14
          P-Value                           0.0000

RMSEA (Root Mean Square Error Of Approximation)

          Estimate                           0.065
          90 Percent C.I.                    0.048  0.083
          Probability RMSEA <= .05           0.074

CFI/TLI

          CFI                                0.982
          TLI                                0.973

Chi-Square Test of Model Fit for the Baseline Model

          Value                           2371.165
          Degrees of Freedom                    21
          P-Value                           0.0000

SRMR (Standardized Root Mean Square Residual)

          Value                              0.020



MODEL RESULTS

                                                    Two-Tailed
                    Estimate       S.E.  Est./S.E.    P-Value

 DEPRESSI BY
    SAD                1.000      0.000    999.000    999.000
    BLUES              0.792      0.036     21.762      0.000
    DEPRESS            0.957      0.038     25.288      0.000
    LONELY             0.949      0.040     23.457      0.000
    CRYING             0.612      0.034     18.104      0.000
    TIRED              0.662      0.041     16.248      0.000
    FAILURE            0.501      0.027     18.603      0.000

 Intercepts
    SAD                1.722      0.033     51.501      0.000
    BLUES              1.466      0.030     49.401      0.000
    DEPRESS            1.554      0.032     48.566      0.000
    LONELY             1.647      0.034     48.275      0.000
    CRYING             1.328      0.027     49.300      0.000
    TIRED              1.619      0.032     51.285      0.000
    FAILURE            1.221      0.021     57.443      0.000

 Variances
    DEPRESSION         0.551      0.042     13.177      0.000

 Residual Variances
    SAD                0.243      0.018     13.894      0.000
    BLUES              0.280      0.017     16.186      0.000
    DEPRESS            0.223      0.016     13.852      0.000
    LONELY             0.331      0.021     15.706      0.000
    CRYING             0.309      0.018     17.404      0.000
    TIRED              0.467      0.026     17.786      0.000
    FAILURE            0.183      0.011     17.275      0.000


STANDARDIZED MODEL RESULTS


STDYX Standardization

                                                    Two-Tailed
                    Estimate       S.E.  Est./S.E.    P-Value

 DEPRESSI BY
    SAD                0.833      0.015     57.198      0.000
    BLUES              0.744      0.019     38.574      0.000
    DEPRESS            0.833      0.015     57.088      0.000
    LONELY             0.774      0.018     44.096      0.000
    CRYING             0.633      0.025     25.532      0.000
    TIRED              0.584      0.027     21.712      0.000
    FAILURE            0.656      0.024     27.811      0.000

 Intercepts
    SAD                1.931      0.063     30.425      0.000
    BLUES              1.853      0.062     29.975      0.000
    DEPRESS            1.821      0.061     29.785      0.000
    LONELY             1.810      0.061     29.718      0.000
    CRYING             1.849      0.062     29.952      0.000
    TIRED              1.923      0.063     30.381      0.000
    FAILURE            2.154      0.068     31.524      0.000

 Variances
    DEPRESSION         1.000      0.000    999.000    999.000

 Residual Variances
    SAD                0.306      0.024     12.629      0.000
    BLUES              0.447      0.029     15.588      0.000
    DEPRESS            0.306      0.024     12.597      0.000
    LONELY             0.400      0.027     14.721      0.000
    CRYING             0.599      0.031     19.094      0.000
    TIRED              0.659      0.031     21.015      0.000
    FAILURE            0.569      0.031     18.376      0.000


STDY Standardization

                                                    Two-Tailed
                    Estimate       S.E.  Est./S.E.    P-Value

 DEPRESSI BY
    SAD                0.833      0.015     57.198      0.000
    BLUES              0.744      0.019     38.574      0.000
    DEPRESS            0.833      0.015     57.088      0.000
    LONELY             0.774      0.018     44.096      0.000
    CRYING             0.633      0.025     25.532      0.000
    TIRED              0.584      0.027     21.712      0.000
    FAILURE            0.656      0.024     27.811      0.000

 Intercepts
    SAD                1.931      0.063     30.425      0.000
    BLUES              1.853      0.062     29.975      0.000
    DEPRESS            1.821      0.061     29.785      0.000
    LONELY             1.810      0.061     29.718      0.000
    CRYING             1.849      0.062     29.952      0.000
    TIRED              1.923      0.063     30.381      0.000
    FAILURE            2.154      0.068     31.524      0.000

 Variances
    DEPRESSION         1.000      0.000    999.000    999.000

 Residual Variances
    SAD                0.306      0.024     12.629      0.000
    BLUES              0.447      0.029     15.588      0.000
    DEPRESS            0.306      0.024     12.597      0.000
    LONELY             0.400      0.027     14.721      0.000
    CRYING             0.599      0.031     19.094      0.000
    TIRED              0.659      0.031     21.015      0.000
    FAILURE            0.569      0.031     18.376      0.000


STD Standardization

                                                    Two-Tailed
                    Estimate       S.E.  Est./S.E.    P-Value

 DEPRESSI BY
    SAD                0.742      0.028     26.355      0.000
    BLUES              0.588      0.026     22.339      0.000
    DEPRESS            0.711      0.027     26.346      0.000
    LONELY             0.704      0.030     23.698      0.000
    CRYING             0.455      0.025     18.018      0.000
    TIRED              0.491      0.030     16.326      0.000
    FAILURE            0.372      0.020     18.909      0.000

 Intercepts
    SAD                1.722      0.033     51.501      0.000
    BLUES              1.466      0.030     49.401      0.000
    DEPRESS            1.554      0.032     48.566      0.000
    LONELY             1.647      0.034     48.275      0.000
    CRYING             1.328      0.027     49.300      0.000
    TIRED              1.619      0.032     51.285      0.000
    FAILURE            1.221      0.021     57.443      0.000

 Variances
    DEPRESSION         1.000      0.000    999.000    999.000

 Residual Variances
    SAD                0.243      0.018     13.894      0.000
    BLUES              0.280      0.017     16.186      0.000
    DEPRESS            0.223      0.016     13.852      0.000
    LONELY             0.331      0.021     15.706      0.000
    CRYING             0.309      0.018     17.404      0.000
    TIRED              0.467      0.026     17.786      0.000
    FAILURE            0.183      0.011     17.275      0.000


R-SQUARE

    Observed                                        Two-Tailed
    Variable        Estimate       S.E.  Est./S.E.    P-Value

    SAD                0.694      0.024     28.599      0.000
    BLUES              0.553      0.029     19.287      0.000
    DEPRESS            0.694      0.024     28.544      0.000
    LONELY             0.600      0.027     22.048      0.000
    CRYING             0.401      0.031     12.766      0.000
    TIRED              0.341      0.031     10.856      0.000
    FAILURE            0.431      0.031     13.905      0.000


QUALITY OF NUMERICAL RESULTS

     Condition Number for the Information Matrix              0.244E-01
       (ratio of smallest to largest eigenvalue)


     Beginning Time:  16:11:19
        Ending Time:  16:11:19
       Elapsed Time:  00:00:00



MUTHEN & MUTHEN
3463 Stoner Ave.
Los Angeles, CA  90066

Tel: (310) 391-9971
Fax: (310) 391-8971
Web: www.StatModel.com
Support: Support@StatModel.com

Copyright (c) 1998-2013 Muthen & Muthen
