Mplus VERSION 7.11 (Mac)
MUTHEN & MUTHEN
10/30/2013  11:59 AM

INPUT INSTRUCTIONS

  TITLE:
  	
  	Structural Regression
  	6 paths among the latent variables
  	over identified

  DATA:

  	File is job_satis_data.txt;
  	Type is correlation stdeviations;
  	Nobservations = 263;

  VARIABLE:
  	
  	Names are work1 work2 work3 happy mood1 mood2
    			  perform1 perform2 approval beliefs
  			  selftalk imagery;

  MODEL:
  	
  	! Measurement Part;
  	
  	CT BY beliefs selftalk imagery;
  	SWB BY happy mood1 mood2;
  	DT BY perform1 perform2 approval;
  	JS BY work1 work2 work3;
  	
  	happy WITH mood2;
  	
  	! Structural Part;
  	
  	JS ON SWB DT;
  	SWB ON DT;
  	DT ON CT;
  	



INPUT READING TERMINATED NORMALLY





Structural Regression
6 paths among the latent variables
over identified

SUMMARY OF ANALYSIS

Number of groups                                                 1
Number of observations                                         263

Number of dependent variables                                   12
Number of independent variables                                  0
Number of continuous latent variables                            4

Observed dependent variables

  Continuous
   WORK1       WORK2       WORK3       HAPPY       MOOD1       MOOD2
   PERFORM1    PERFORM2    APPROVAL    BELIEFS     SELFTALK    IMAGERY

Continuous latent variables
   CT          SWB         DT          JS


Estimator                                                       ML
Information matrix                                        EXPECTED
Maximum number of iterations                                  1000
Convergence criterion                                    0.500D-04
Maximum number of steepest descent iterations                   20

Input data file(s)
  job_satis_data.txt

Input data format  FREE



THE MODEL ESTIMATION TERMINATED NORMALLY



MODEL FIT INFORMATION

Number of Free Parameters                       29

Loglikelihood

          H0 Value                       -3122.941
          H1 Value                       -3092.936

Information Criteria

          Akaike (AIC)                    6303.882
          Bayesian (BIC)                  6407.474
          Sample-Size Adjusted BIC        6315.530
            (n* = (n + 2) / 24)

Chi-Square Test of Model Fit

          Value                             60.010
          Degrees of Freedom                    49
          P-Value                           0.1347

RMSEA (Root Mean Square Error Of Approximation)

          Estimate                           0.029
          90 Percent C.I.                    0.000  0.052
          Probability RMSEA <= .05           0.931

CFI/TLI

          CFI                                0.989
          TLI                                0.985

Chi-Square Test of Model Fit for the Baseline Model

          Value                           1087.490
          Degrees of Freedom                    66
          P-Value                           0.0000

SRMR (Standardized Root Mean Square Residual)

          Value                              0.043



MODEL RESULTS

                                                    Two-Tailed
                    Estimate       S.E.  Est./S.E.    P-Value

 CT       BY
    BELIEFS            1.000      0.000    999.000    999.000
    SELFTALK           1.060      0.178      5.941      0.000
    IMAGERY            1.860      0.331      5.625      0.000

 SWB      BY
    HAPPY              1.000      0.000    999.000    999.000
    MOOD1              1.467      0.216      6.775      0.000
    MOOD2              0.818      0.125      6.545      0.000

 DT       BY
    PERFORM1           1.000      0.000    999.000    999.000
    PERFORM2           1.131      0.080     14.145      0.000
    APPROVAL           0.993      0.089     11.180      0.000

 JS       BY
    WORK1              1.000      0.000    999.000    999.000
    WORK2              1.031      0.081     12.730      0.000
    WORK3              0.891      0.073     12.158      0.000

 JS       ON
    SWB                0.805      0.201      3.995      0.000
    DT                -0.258      0.131     -1.975      0.048

 SWB      ON
    DT                -0.377      0.065     -5.827      0.000

 DT       ON
    CT                -0.139      0.078     -1.787      0.074

 HAPPY    WITH
    MOOD2             -0.044      0.018     -2.457      0.014

 Variances
    CT                 0.215      0.050      4.262      0.000

 Residual Variances
    WORK1              0.259      0.042      6.175      0.000
    WORK2              0.372      0.050      7.454      0.000
    WORK3              0.382      0.044      8.651      0.000
    HAPPY              0.171      0.025      6.716      0.000
    MOOD1              0.265      0.044      6.083      0.000
    MOOD2              0.177      0.022      8.033      0.000
    PERFORM1           0.105      0.016      6.782      0.000
    PERFORM2           0.069      0.017      4.043      0.000
    APPROVAL           0.300      0.029     10.185      0.000
    BELIEFS            0.289      0.043      6.665      0.000
    SELFTALK           1.017      0.097     10.441      0.000
    IMAGERY            0.255      0.124      2.062      0.039
    SWB                0.111      0.025      4.409      0.000
    DT                 0.231      0.030      7.589      0.000
    JS                 0.474      0.067      7.085      0.000


QUALITY OF NUMERICAL RESULTS

     Condition Number for the Information Matrix              0.854E-03
       (ratio of smallest to largest eigenvalue)


     Beginning Time:  11:59:20
        Ending Time:  11:59:20
       Elapsed Time:  00:00:00



MUTHEN & MUTHEN
3463 Stoner Ave.
Los Angeles, CA  90066

Tel: (310) 391-9971
Fax: (310) 391-8971
Web: www.StatModel.com
Support: Support@StatModel.com

Copyright (c) 1998-2013 Muthen & Muthen
