Mplus VERSION 7.11 (Mac)
MUTHEN & MUTHEN
11/08/2013  11:36 AM

INPUT INSTRUCTIONS

  TITLE:

  	Power Analysis for Indirect Effect
  	Missing Data
  	Indirect Effect is Half of Total Effect
  	N = 100

  MONTECARLO:

  	NAMES ARE x m y;
  	NOBSERVATIONS = 100;
  	NREPS = 10000;
  	PATMISS = m (0) y (0) | m (1) y (1);
  	PATPROB = .8 | .2;
  	
  MODEL POPULATION:

  	x*1;
  	[x*0];
  	m*1;
  	[m*0];
  	y*1;
  	[y*0];
  	
  	y ON m*.35 x*.375;
  	m ON x*.35;
  	
  MODEL:

  	x*1;
  	[x*0];
  	m*1;
  	[m*0];
  	y*1;
  	[y*0];
  	
  	y ON m*.35 x*.375;
  	m ON x*.35;
  	
  MODEL INDIRECT:
  	
  	Y IND X;




INPUT READING TERMINATED NORMALLY





Power Analysis for Indirect Effect
Missing Data
Indirect Effect is Half of Total Effect
N = 100

SUMMARY OF ANALYSIS

Number of groups                                                 1
Number of observations                                         100

Number of replications
    Requested                                                10000
    Completed                                                10000
Value of seed                                                    0

Number of dependent variables                                    2
Number of independent variables                                  1
Number of continuous latent variables                            0

Observed dependent variables

  Continuous
   M           Y

Observed independent variables
   X


Estimator                                                       ML
Information matrix                                        OBSERVED
Maximum number of iterations                                  1000
Convergence criterion                                    0.500D-04
Maximum number of steepest descent iterations                   20
Maximum number of iterations for H1                           2000
Convergence criterion for H1                             0.100D-03


SUMMARY OF DATA FOR THE FIRST REPLICATION

     Number of missing data patterns             2


SUMMARY OF MISSING DATA PATTERNS FOR THE FIRST REPLICATION


     MISSING DATA PATTERNS (x = not missing)

           1  2
 M         x
 Y         x
 X         x  x


     MISSING DATA PATTERN FREQUENCIES

    Pattern   Frequency     Pattern   Frequency
          1          80           2          20


COVARIANCE COVERAGE OF DATA FOR THE FIRST REPLICATION

Minimum covariance coverage value   0.100


     PROPORTION OF DATA PRESENT


           Covariance Coverage
              M             Y             X
              ________      ________      ________
 M              0.800
 Y              0.800         0.800
 X              0.800         0.800         1.000



SAMPLE STATISTICS FOR THE FIRST REPLICATION


     ESTIMATED SAMPLE STATISTICS


           Means
              M             Y             X
              ________      ________      ________
      1        -0.132         0.011         0.101


           Covariances
              M             Y             X
              ________      ________      ________
 M              0.835
 Y              0.202         1.252
 X              0.077         0.518         1.092


           Correlations
              M             Y             X
              ________      ________      ________
 M              1.000
 Y              0.198         1.000
 X              0.080         0.443         1.000


     MAXIMUM LOG-LIKELIHOOD VALUE FOR THE UNRESTRICTED (H1) MODEL IS -364.802


MODEL FIT INFORMATION

Number of Free Parameters                        9

Loglikelihood

    H0 Value

        Mean                              -364.313
        Std Dev                             16.171
        Number of successful computations    10000

             Proportions                   Percentiles
        Expected    Observed         Expected       Observed
           0.990       0.990         -401.933       -401.800
           0.980       0.981         -397.524       -397.475
           0.950       0.948         -390.914       -391.185
           0.900       0.899         -385.038       -385.082
           0.800       0.801         -377.923       -377.886
           0.700       0.703         -372.794       -372.691
           0.500       0.499         -364.313       -364.369
           0.300       0.297         -355.833       -356.016
           0.200       0.202         -350.704       -350.611
           0.100       0.102         -343.588       -343.399
           0.050       0.052         -337.713       -337.554
           0.020       0.021         -331.103       -330.994
           0.010       0.009         -326.694       -327.073

    H1 Value

        Mean                              -364.313
        Std Dev                             16.171
        Number of successful computations    10000

             Proportions                   Percentiles
        Expected    Observed         Expected       Observed
           0.990       0.990         -401.933       -401.800
           0.980       0.981         -397.524       -397.475
           0.950       0.948         -390.914       -391.185
           0.900       0.899         -385.038       -385.082
           0.800       0.801         -377.923       -377.886
           0.700       0.703         -372.794       -372.691
           0.500       0.499         -364.313       -364.369
           0.300       0.297         -355.833       -356.016
           0.200       0.202         -350.704       -350.611
           0.100       0.102         -343.588       -343.399
           0.050       0.052         -337.713       -337.554
           0.020       0.021         -331.103       -330.994
           0.010       0.009         -326.694       -327.073

Information Criteria

    Akaike (AIC)

        Mean                               746.627
        Std Dev                             32.343
        Number of successful computations    10000

             Proportions                   Percentiles
        Expected    Observed         Expected       Observed
           0.990       0.991          671.388        672.033
           0.980       0.979          680.205        679.979
           0.950       0.948          693.427        693.048
           0.900       0.898          705.177        704.759
           0.800       0.798          719.407        719.176
           0.700       0.703          729.666        730.032
           0.500       0.501          746.627        746.722
           0.300       0.297          763.587        763.380
           0.200       0.199          773.846        773.758
           0.100       0.101          788.077        788.133
           0.050       0.052          799.827        800.365
           0.020       0.019          813.049        812.920
           0.010       0.010          821.865        821.561

    Bayesian (BIC)

        Mean                               770.073
        Std Dev                             32.343
        Number of successful computations    10000

             Proportions                   Percentiles
        Expected    Observed         Expected       Observed
           0.990       0.991          694.835        695.480
           0.980       0.979          703.652        703.426
           0.950       0.948          716.873        716.495
           0.900       0.898          728.623        728.205
           0.800       0.798          742.854        742.622
           0.700       0.703          753.113        753.479
           0.500       0.501          770.073        770.168
           0.300       0.297          787.034        786.826
           0.200       0.199          797.293        797.205
           0.100       0.101          811.524        811.579
           0.050       0.052          823.274        823.812
           0.020       0.019          836.495        836.367
           0.010       0.010          845.312        845.007

    Sample-Size Adjusted BIC (n* = (n + 2) / 24)

        Mean                               741.649
        Std Dev                             32.343
        Number of successful computations    10000

             Proportions                   Percentiles
        Expected    Observed         Expected       Observed
           0.990       0.991          666.411        667.055
           0.980       0.979          675.227        675.002
           0.950       0.948          688.449        688.071
           0.900       0.898          700.199        699.781
           0.800       0.798          714.430        714.198
           0.700       0.703          724.689        725.054
           0.500       0.501          741.649        741.744
           0.300       0.297          758.610        758.402
           0.200       0.199          768.869        768.781
           0.100       0.101          783.099        783.155
           0.050       0.052          794.849        795.388
           0.020       0.019          808.071        807.942
           0.010       0.010          816.887        816.583

Chi-Square Test of Model Fit

        Degrees of freedom                       0

        Mean                                 0.000
        Std Dev                              0.000
        Number of successful computations    10000

             Proportions                   Percentiles
        Expected    Observed         Expected       Observed
           0.990       1.000            0.000          0.000
           0.980       1.000            0.000          0.000
           0.950       1.000            0.000          0.000
           0.900       1.000            0.000          0.000
           0.800       1.000            0.000          0.000
           0.700       1.000            0.000          0.000
           0.500       1.000            0.000          0.000
           0.300       1.000            0.000          0.000
           0.200       1.000            0.000          0.000
           0.100       1.000            0.000          0.000
           0.050       1.000            0.000          0.000
           0.020       1.000            0.000          0.000
           0.010       1.000            0.000          0.000

RMSEA (Root Mean Square Error Of Approximation)

        Mean                                 0.000
        Std Dev                              0.000
        Number of successful computations    10000

             Proportions                   Percentiles
        Expected    Observed         Expected       Observed
           0.990       0.000            0.000          0.000
           0.980       0.000            0.000          0.000
           0.950       0.000            0.000          0.000
           0.900       0.000            0.000          0.000
           0.800       0.000            0.000          0.000
           0.700       0.000            0.000          0.000
           0.500       0.000            0.000          0.000
           0.300       0.000            0.000          0.000
           0.200       0.000            0.000          0.000
           0.100       0.000            0.000          0.000
           0.050       0.000            0.000          0.000
           0.020       0.000            0.000          0.000
           0.010       0.000            0.000          0.000

SRMR (Standardized Root Mean Square Residual)

        Mean                                 0.000
        Std Dev                              0.000
        Number of successful computations    10000

             Proportions                   Percentiles
        Expected    Observed         Expected       Observed
           0.990       0.994            0.000          0.000
           0.980       0.983            0.000          0.000
           0.950       0.949            0.000          0.000
           0.900       0.895            0.000          0.000
           0.800       0.798            0.000          0.000
           0.700       0.703            0.000          0.000
           0.500       0.504            0.000          0.000
           0.300       0.296            0.000          0.000
           0.200       0.198            0.000          0.000
           0.100       0.096            0.000          0.000
           0.050       0.048            0.000          0.000
           0.020       0.020            0.000          0.000
           0.010       0.011            0.000          0.000


MODEL RESULTS

                           ESTIMATES              S. E.     M. S. E.  95%  % Sig
              Population   Average   Std. Dev.   Average             Cover Coeff
 Y        ON
  M                0.350     0.3525     0.1146     0.1121     0.0131 0.943 0.872
  X                0.375     0.3731     0.1219     0.1187     0.0149 0.940 0.871

 M        ON
  X                0.350     0.3500     0.1148     0.1119     0.0132 0.941 0.869

 Means
  X                0.000     0.0005     0.1006     0.0993     0.0101 0.947 0.053

 Intercepts
  M                0.000    -0.0001     0.1126     0.1108     0.0127 0.947 0.054
  Y                0.000     0.0024     0.1142     0.1110     0.0131 0.937 0.063

 Variances
  X                1.000     0.9905     0.1403     0.1401     0.0198 0.933 1.000

 Residual Variances
  M                1.000     0.9739     0.1563     0.1542     0.0251 0.918 1.000
  Y                1.000     0.9638     0.1549     0.1526     0.0253 0.908 1.000


QUALITY OF NUMERICAL RESULTS

     Average Condition Number for the Information Matrix      0.323E+00
       (ratio of smallest to largest eigenvalue)


TOTAL, TOTAL INDIRECT, SPECIFIC INDIRECT, AND DIRECT EFFECTS


                           ESTIMATES              S. E.     M. S. E.  95%  % Sig
              Population   Average   Std. Dev.   Average             Cover Coeff

Effects from X to Y

  Total            0.497     0.4965     0.1222     0.1187     0.0149 0.944 0.981
  Tot indirect     0.122     0.1234     0.0582     0.0573     0.0034 0.925 0.577

 Specific indirect

  Y
  M
  X                0.122     0.1234     0.0582     0.0573     0.0034 0.925 0.577

 Direct
  Y
  X                0.375     0.3731     0.1219     0.1187     0.0149 0.940 0.871



TECHNICAL OUTPUT


     PARAMETER SPECIFICATION


           NU
              M             Y             X
              ________      ________      ________
      1           0             0             0


           LAMBDA
              M             Y             X
              ________      ________      ________
 M                  0             0             0
 Y                  0             0             0
 X                  0             0             0


           THETA
              M             Y             X
              ________      ________      ________
 M                  0
 Y                  0             0
 X                  0             0             0


           ALPHA
              M             Y             X
              ________      ________      ________
      1           1             2             3


           BETA
              M             Y             X
              ________      ________      ________
 M                  0             0             4
 Y                  5             0             6
 X                  0             0             0


           PSI
              M             Y             X
              ________      ________      ________
 M                  7
 Y                  0             8
 X                  0             0             9


     STARTING VALUES


           NU
              M             Y             X
              ________      ________      ________
      1         0.000         0.000         0.000


           LAMBDA
              M             Y             X
              ________      ________      ________
 M              1.000         0.000         0.000
 Y              0.000         1.000         0.000
 X              0.000         0.000         1.000


           THETA
              M             Y             X
              ________      ________      ________
 M              0.000
 Y              0.000         0.000
 X              0.000         0.000         0.000


           ALPHA
              M             Y             X
              ________      ________      ________
      1         0.000         0.000         0.000


           BETA
              M             Y             X
              ________      ________      ________
 M              0.000         0.000         0.350
 Y              0.350         0.000         0.375
 X              0.000         0.000         0.000


           PSI
              M             Y             X
              ________      ________      ________
 M              1.000
 Y              0.000         1.000
 X              0.000         0.000         1.000


     POPULATION VALUES


           NU
              M             Y             X
              ________      ________      ________
 1              0.000         0.000         0.000


           LAMBDA
              M             Y             X
              ________      ________      ________
 M              1.000         0.000         0.000
 Y              0.000         1.000         0.000
 X              0.000         0.000         1.000


           THETA
              M             Y             X
              ________      ________      ________
 M              0.000
 Y              0.000         0.000
 X              0.000         0.000         0.000


           ALPHA
              M             Y             X
              ________      ________      ________
 1              0.000         0.000         0.000


           BETA
              M             Y             X
              ________      ________      ________
 M              0.000         0.000         0.350
 Y              0.350         0.000         0.375
 X              0.000         0.000         0.000


           PSI
              M             Y             X
              ________      ________      ________
 M              1.000
 Y              0.000         1.000
 X              0.000         0.000         1.000


     Beginning Time:  11:36:44
        Ending Time:  11:36:50
       Elapsed Time:  00:00:06



MUTHEN & MUTHEN
3463 Stoner Ave.
Los Angeles, CA  90066

Tel: (310) 391-9971
Fax: (310) 391-8971
Web: www.StatModel.com
Support: Support@StatModel.com

Copyright (c) 1998-2013 Muthen & Muthen
