Mplus VERSION 7.11 (Mac)
MUTHEN & MUTHEN
11/08/2013   3:02 PM

INPUT INSTRUCTIONS

  TITLE:

  	Power
  	Correlation between latent variables
  	

  MONTECARLO:

  	NAMES ARE sad blues depress lonely crying tired failure
  			  worthy capable goodqual attitude;
  	NOBSERVATIONS = 75;
  	NREPS = 10000;
  		
  MODEL POPULATION:

  	DEP BY sad*.740
  		   blues*.587
  		   depress*.711
  		   lonely*.706
  		   crying*.451
  		   tired*.495
  		   failure*.374;
  	
  	SE BY worthy*.591
  		  capable*.537
  		  goodqual*.520
  		  attitude*.486;
  		
  	DEP@1;
  	SE@1;
  	
  	DEP WITH SE*-.394;
  	
  	sad*0.246;
  	blues*0.281;
  	depress*0.222;
  	lonely*0.329;
  	crying*0.312;
  	tired*0.463;
  	failure*0.182;
  	worthy*0.400;
  	capable*0.506;
  	goodqual*0.340;
  	attitude*0.505;

  	
  MODEL:
  	
  	DEP BY sad*.740
  		   blues*.587
  		   depress*.711
  		   lonely*.706
  		   crying*.451
  		   tired*.495
  		   failure*.374;
  	
  	SE BY worthy*.591
  		  capable*.537
  		  goodqual*.520
  		  attitude*.486;
  		
  	DEP@1;
  	SE@1;
  	
  	DEP WITH SE*-.394;
  	
  	sad*0.246;
  	blues*0.281;
  	depress*0.222;
  	lonely*0.329;
  	crying*0.312;
  	tired*0.463;
  	failure*0.182;
  	worthy*0.400;
  	capable*0.506;
  	goodqual*0.340;
  	attitude*0.505;





INPUT READING TERMINATED NORMALLY





Power
Correlation between latent variables

SUMMARY OF ANALYSIS

Number of groups                                                 1
Number of observations                                          75

Number of replications
    Requested                                                10000
    Completed                                                10000
Value of seed                                                    0

Number of dependent variables                                   11
Number of independent variables                                  0
Number of continuous latent variables                            2

Observed dependent variables

  Continuous
   SAD         BLUES       DEPRESS     LONELY      CRYING      TIRED
   FAILURE     WORTHY      CAPABLE     GOODQUAL    ATTITUDE

Continuous latent variables
   DEP         SE


Estimator                                                       ML
Information matrix                                        OBSERVED
Maximum number of iterations                                  1000
Convergence criterion                                    0.500D-04
Maximum number of steepest descent iterations                   20



SAMPLE STATISTICS FOR THE FIRST REPLICATION


     SAMPLE STATISTICS


           Means
              SAD           BLUES         DEPRESS       LONELY        CRYING
              ________      ________      ________      ________      ________
      1        -0.104         0.002         0.034        -0.002        -0.119


           Means
              TIRED         FAILURE       WORTHY        CAPABLE       GOODQUAL
              ________      ________      ________      ________      ________
      1        -0.019         0.037         0.058        -0.157        -0.130


           Means
              ATTITUDE
              ________
      1         0.085


           Covariances
              SAD           BLUES         DEPRESS       LONELY        CRYING
              ________      ________      ________      ________      ________
 SAD            0.643
 BLUES          0.308         0.618
 DEPRESS        0.398         0.328         0.609
 LONELY         0.425         0.362         0.405         0.728
 CRYING         0.306         0.309         0.299         0.297         0.539
 TIRED          0.328         0.243         0.381         0.346         0.244
 FAILURE        0.174         0.193         0.185         0.196         0.143
 WORTHY        -0.185        -0.204        -0.176        -0.231        -0.199
 CAPABLE       -0.198        -0.197        -0.197        -0.149        -0.263
 GOODQUAL      -0.109        -0.220        -0.183        -0.237        -0.165
 ATTITUDE      -0.145        -0.160        -0.125        -0.164        -0.192


           Covariances
              TIRED         FAILURE       WORTHY        CAPABLE       GOODQUAL
              ________      ________      ________      ________      ________
 TIRED          0.727
 FAILURE        0.131         0.238
 WORTHY        -0.192        -0.112         0.586
 CAPABLE       -0.113        -0.036         0.381         0.889
 GOODQUAL      -0.035        -0.063         0.299         0.435         0.734
 ATTITUDE      -0.194        -0.163         0.243         0.273         0.199


           Covariances
              ATTITUDE
              ________
 ATTITUDE       0.810


           Correlations
              SAD           BLUES         DEPRESS       LONELY        CRYING
              ________      ________      ________      ________      ________
 SAD            1.000
 BLUES          0.488         1.000
 DEPRESS        0.637         0.534         1.000
 LONELY         0.622         0.540         0.608         1.000
 CRYING         0.520         0.535         0.522         0.475         1.000
 TIRED          0.479         0.362         0.573         0.475         0.390
 FAILURE        0.444         0.503         0.485         0.471         0.401
 WORTHY        -0.302        -0.339        -0.294        -0.354        -0.354
 CAPABLE       -0.262        -0.266        -0.267        -0.185        -0.379
 GOODQUAL      -0.158        -0.326        -0.274        -0.324        -0.263
 ATTITUDE      -0.200        -0.226        -0.178        -0.214        -0.291


           Correlations
              TIRED         FAILURE       WORTHY        CAPABLE       GOODQUAL
              ________      ________      ________      ________      ________
 TIRED          1.000
 FAILURE        0.315         1.000
 WORTHY        -0.294        -0.299         1.000
 CAPABLE       -0.141        -0.079         0.528         1.000
 GOODQUAL      -0.048        -0.151         0.456         0.539         1.000
 ATTITUDE      -0.253        -0.371         0.353         0.322         0.258


           Correlations
              ATTITUDE
              ________
 ATTITUDE       1.000


MODEL FIT INFORMATION

Number of Free Parameters                       34

Loglikelihood

    H0 Value

        Mean                              -824.824
        Std Dev                             20.483
        Number of successful computations    10000

             Proportions                   Percentiles
        Expected    Observed         Expected       Observed
           0.990       0.993         -872.474       -870.248
           0.980       0.983         -866.891       -865.864
           0.950       0.951         -858.517       -858.381
           0.900       0.899         -851.075       -851.121
           0.800       0.799         -842.063       -842.175
           0.700       0.694         -835.566       -835.888
           0.500       0.495         -824.824       -825.013
           0.300       0.298         -814.083       -814.238
           0.200       0.202         -807.585       -807.448
           0.100       0.101         -798.573       -798.523
           0.050       0.053         -791.131       -790.361
           0.020       0.023         -782.758       -781.443
           0.010       0.012         -777.174       -775.860

    H1 Value

        Mean                              -801.484
        Std Dev                             21.001
        Number of successful computations    10000

             Proportions                   Percentiles
        Expected    Observed         Expected       Observed
           0.990       0.991         -850.339       -849.076
           0.980       0.983         -844.614       -843.157
           0.950       0.953         -836.029       -835.466
           0.900       0.902         -828.399       -828.188
           0.800       0.796         -819.158       -819.492
           0.700       0.694         -812.497       -812.871
           0.500       0.496         -801.484       -801.695
           0.300       0.299         -790.471       -790.543
           0.200       0.199         -783.809       -783.888
           0.100       0.098         -774.569       -774.815
           0.050       0.055         -766.939       -765.962
           0.020       0.023         -758.354       -756.942
           0.010       0.011         -752.629       -751.450

Information Criteria

    Akaike (AIC)

        Mean                              1717.648
        Std Dev                             40.967
        Number of successful computations    10000

             Proportions                   Percentiles
        Expected    Observed         Expected       Observed
           0.990       0.988         1622.348       1619.625
           0.980       0.977         1633.515       1630.846
           0.950       0.947         1650.262       1648.717
           0.900       0.899         1665.145       1664.937
           0.800       0.798         1683.171       1682.881
           0.700       0.702         1696.165       1696.472
           0.500       0.505         1717.648       1718.024
           0.300       0.306         1739.131       1739.765
           0.200       0.201         1752.126       1752.304
           0.100       0.101         1770.151       1770.214
           0.050       0.049         1785.034       1784.750
           0.020       0.017         1801.781       1799.532
           0.010       0.007         1812.949       1808.450

    Bayesian (BIC)

        Mean                              1796.443
        Std Dev                             40.967
        Number of successful computations    10000

             Proportions                   Percentiles
        Expected    Observed         Expected       Observed
           0.990       0.988         1701.142       1698.420
           0.980       0.977         1712.310       1709.641
           0.950       0.947         1729.057       1727.511
           0.900       0.899         1743.940       1743.731
           0.800       0.798         1761.965       1761.675
           0.700       0.702         1774.960       1775.267
           0.500       0.505         1796.443       1796.819
           0.300       0.306         1817.926       1818.560
           0.200       0.201         1830.920       1831.098
           0.100       0.101         1848.946       1849.008
           0.050       0.049         1863.829       1863.545
           0.020       0.017         1880.576       1878.327
           0.010       0.007         1891.743       1887.244

    Sample-Size Adjusted BIC (n* = (n + 2) / 24)

        Mean                              1689.284
        Std Dev                             40.967
        Number of successful computations    10000

             Proportions                   Percentiles
        Expected    Observed         Expected       Observed
           0.990       0.988         1593.983       1591.261
           0.980       0.977         1605.151       1602.482
           0.950       0.947         1621.898       1620.352
           0.900       0.899         1636.781       1636.572
           0.800       0.798         1654.806       1654.516
           0.700       0.702         1667.801       1668.108
           0.500       0.505         1689.284       1689.660
           0.300       0.306         1710.767       1711.401
           0.200       0.201         1723.761       1723.939
           0.100       0.101         1741.786       1741.849
           0.050       0.049         1756.670       1756.386
           0.020       0.017         1773.417       1771.168
           0.010       0.007         1784.584       1780.085

Chi-Square Test of Model Fit

        Degrees of freedom                      43

        Mean                                46.681
        Std Dev                             10.096
        Number of successful computations    10000

             Proportions                   Percentiles
        Expected    Observed         Expected       Observed
           0.990       0.996           24.398         26.656
           0.980       0.991           26.159         28.856
           0.950       0.979           28.965         31.536
           0.900       0.949           31.625         34.214
           0.800       0.883           35.065         37.976
           0.700       0.809           37.698         40.861
           0.500       0.647           42.335         46.017
           0.300       0.447           47.339         51.317
           0.200       0.326           50.548         54.738
           0.100       0.188           55.230         59.828
           0.050       0.107           59.304         64.368
           0.020       0.052           64.116         70.400
           0.010       0.032           67.459         74.248

RMSEA (Root Mean Square Error Of Approximation)

        Mean                                 0.031
        Std Dev                              0.030
        Number of successful computations    10000

             Proportions                   Percentiles
        Expected    Observed         Expected       Observed
           0.990       1.000           -0.038          0.000
           0.980       1.000           -0.030          0.000
           0.950       1.000           -0.018          0.000
           0.900       1.000           -0.007          0.000
           0.800       0.618            0.006          0.000
           0.700       0.592            0.016          0.000
           0.500       0.494            0.031          0.031
           0.300       0.342            0.047          0.051
           0.200       0.240            0.056          0.060
           0.100       0.119            0.069          0.072
           0.050       0.056            0.080          0.081
           0.020       0.019            0.092          0.092
           0.010       0.007            0.100          0.098

SRMR (Standardized Root Mean Square Residual)

        Mean                                 0.060
        Std Dev                              0.009
        Number of successful computations    10000

             Proportions                   Percentiles
        Expected    Observed         Expected       Observed
           0.990       0.997            0.038          0.040
           0.980       0.992            0.040          0.042
           0.950       0.967            0.044          0.045
           0.900       0.911            0.047          0.048
           0.800       0.797            0.052          0.052
           0.700       0.685            0.055          0.054
           0.500       0.469            0.060          0.059
           0.300       0.281            0.064          0.064
           0.200       0.191            0.067          0.067
           0.100       0.104            0.072          0.072
           0.050       0.064            0.075          0.076
           0.020       0.030            0.079          0.081
           0.010       0.019            0.081          0.085


MODEL RESULTS

                           ESTIMATES              S. E.     M. S. E.  95%  % Sig
              Population   Average   Std. Dev.   Average             Cover Coeff
 DEP      BY
  SAD              0.740     0.7323     0.0865     0.0856     0.0075 0.945 1.000
  BLUES            0.587     0.5824     0.0808     0.0801     0.0066 0.945 1.000
  DEPRESS          0.711     0.7041     0.0825     0.0818     0.0068 0.944 1.000
  LONELY           0.706     0.6988     0.0924     0.0904     0.0086 0.941 1.000
  CRYING           0.451     0.4459     0.0774     0.0766     0.0060 0.947 1.000
  TIRED            0.495     0.4901     0.0928     0.0912     0.0086 0.945 1.000
  FAILURE          0.374     0.3709     0.0600     0.0598     0.0036 0.946 1.000

 SE       BY
  WORTHY           0.591     0.5876     0.1074     0.1056     0.0115 0.947 0.999
  CAPABLE          0.537     0.5328     0.1130     0.1094     0.0128 0.940 0.997
  GOODQUAL         0.520     0.5166     0.0986     0.0953     0.0097 0.938 0.999
  ATTITUDE         0.486     0.4818     0.1091     0.1063     0.0119 0.945 0.993

 DEP      WITH
  SE              -0.394    -0.3911     0.1303     0.1240     0.0170 0.927 0.827

 Intercepts
  SAD              0.000     0.0024     0.1040     0.1018     0.0108 0.944 0.056
  BLUES            0.000     0.0025     0.0915     0.0905     0.0084 0.945 0.055
  DEPRESS          0.000     0.0025     0.0998     0.0975     0.0100 0.942 0.058
  LONELY           0.000     0.0018     0.1050     0.1041     0.0110 0.944 0.056
  CRYING           0.000     0.0010     0.0853     0.0820     0.0073 0.938 0.062
  TIRED            0.000     0.0015     0.0975     0.0961     0.0095 0.945 0.055
  FAILURE          0.000     0.0012     0.0662     0.0649     0.0044 0.944 0.056
  WORTHY           0.000    -0.0008     0.0999     0.0991     0.0100 0.947 0.053
  CAPABLE          0.000     0.0015     0.1031     0.1019     0.0106 0.944 0.056
  GOODQUAL         0.000    -0.0008     0.0889     0.0894     0.0079 0.945 0.055
  ATTITUDE         0.000     0.0004     0.1004     0.0984     0.0101 0.942 0.058

 Variances
  DEP              1.000     1.0000     0.0000     0.0000     0.0000 1.000 0.000
  SE               1.000     1.0000     0.0000     0.0000     0.0000 1.000 0.000

 Residual Variances
  SAD              0.246     0.2392     0.0536     0.0520     0.0029 0.920 1.000
  BLUES            0.281     0.2730     0.0527     0.0517     0.0028 0.914 1.000
  DEPRESS          0.222     0.2151     0.0486     0.0471     0.0024 0.919 1.000
  LONELY           0.329     0.3210     0.0642     0.0630     0.0042 0.923 1.000
  CRYING           0.312     0.3033     0.0537     0.0534     0.0030 0.918 1.000
  TIRED            0.463     0.4492     0.0789     0.0780     0.0064 0.917 1.000
  FAILURE          0.182     0.1767     0.0320     0.0316     0.0011 0.917 1.000
  WORTHY           0.400     0.3853     0.1005     0.0962     0.0103 0.934 0.973
  CAPABLE          0.506     0.4880     0.1055     0.1029     0.0115 0.923 0.996
  GOODQUAL         0.340     0.3274     0.0818     0.0781     0.0068 0.928 0.982
  ATTITUDE         0.505     0.4877     0.0996     0.0976     0.0102 0.921 0.999


QUALITY OF NUMERICAL RESULTS

     Average Condition Number for the Information Matrix      0.137E-01
       (ratio of smallest to largest eigenvalue)


TECHNICAL OUTPUT


     PARAMETER SPECIFICATION


           NU
              SAD           BLUES         DEPRESS       LONELY        CRYING
              ________      ________      ________      ________      ________
      1           1             2             3             4             5


           NU
              TIRED         FAILURE       WORTHY        CAPABLE       GOODQUAL
              ________      ________      ________      ________      ________
      1           6             7             8             9            10


           NU
              ATTITUDE
              ________
      1          11


           LAMBDA
              DEP           SE
              ________      ________
 SAD               12             0
 BLUES             13             0
 DEPRESS           14             0
 LONELY            15             0
 CRYING            16             0
 TIRED             17             0
 FAILURE           18             0
 WORTHY             0            19
 CAPABLE            0            20
 GOODQUAL           0            21
 ATTITUDE           0            22


           THETA
              SAD           BLUES         DEPRESS       LONELY        CRYING
              ________      ________      ________      ________      ________
 SAD               23
 BLUES              0            24
 DEPRESS            0             0            25
 LONELY             0             0             0            26
 CRYING             0             0             0             0            27
 TIRED              0             0             0             0             0
 FAILURE            0             0             0             0             0
 WORTHY             0             0             0             0             0
 CAPABLE            0             0             0             0             0
 GOODQUAL           0             0             0             0             0
 ATTITUDE           0             0             0             0             0


           THETA
              TIRED         FAILURE       WORTHY        CAPABLE       GOODQUAL
              ________      ________      ________      ________      ________
 TIRED             28
 FAILURE            0            29
 WORTHY             0             0            30
 CAPABLE            0             0             0            31
 GOODQUAL           0             0             0             0            32
 ATTITUDE           0             0             0             0             0


           THETA
              ATTITUDE
              ________
 ATTITUDE          33


           ALPHA
              DEP           SE
              ________      ________
      1           0             0


           BETA
              DEP           SE
              ________      ________
 DEP                0             0
 SE                 0             0


           PSI
              DEP           SE
              ________      ________
 DEP                0
 SE                34             0


     STARTING VALUES


           NU
              SAD           BLUES         DEPRESS       LONELY        CRYING
              ________      ________      ________      ________      ________
      1         0.000         0.000         0.000         0.000         0.000


           NU
              TIRED         FAILURE       WORTHY        CAPABLE       GOODQUAL
              ________      ________      ________      ________      ________
      1         0.000         0.000         0.000         0.000         0.000


           NU
              ATTITUDE
              ________
      1         0.000


           LAMBDA
              DEP           SE
              ________      ________
 SAD            0.740         0.000
 BLUES          0.587         0.000
 DEPRESS        0.711         0.000
 LONELY         0.706         0.000
 CRYING         0.451         0.000
 TIRED          0.495         0.000
 FAILURE        0.374         0.000
 WORTHY         0.000         0.591
 CAPABLE        0.000         0.537
 GOODQUAL       0.000         0.520
 ATTITUDE       0.000         0.486


           THETA
              SAD           BLUES         DEPRESS       LONELY        CRYING
              ________      ________      ________      ________      ________
 SAD            0.246
 BLUES          0.000         0.281
 DEPRESS        0.000         0.000         0.222
 LONELY         0.000         0.000         0.000         0.329
 CRYING         0.000         0.000         0.000         0.000         0.312
 TIRED          0.000         0.000         0.000         0.000         0.000
 FAILURE        0.000         0.000         0.000         0.000         0.000
 WORTHY         0.000         0.000         0.000         0.000         0.000
 CAPABLE        0.000         0.000         0.000         0.000         0.000
 GOODQUAL       0.000         0.000         0.000         0.000         0.000
 ATTITUDE       0.000         0.000         0.000         0.000         0.000


           THETA
              TIRED         FAILURE       WORTHY        CAPABLE       GOODQUAL
              ________      ________      ________      ________      ________
 TIRED          0.463
 FAILURE        0.000         0.182
 WORTHY         0.000         0.000         0.400
 CAPABLE        0.000         0.000         0.000         0.506
 GOODQUAL       0.000         0.000         0.000         0.000         0.340
 ATTITUDE       0.000         0.000         0.000         0.000         0.000


           THETA
              ATTITUDE
              ________
 ATTITUDE       0.505


           ALPHA
              DEP           SE
              ________      ________
      1         0.000         0.000


           BETA
              DEP           SE
              ________      ________
 DEP            0.000         0.000
 SE             0.000         0.000


           PSI
              DEP           SE
              ________      ________
 DEP            1.000
 SE            -0.394         1.000


     POPULATION VALUES


           NU
              SAD           BLUES         DEPRESS       LONELY        CRYING
              ________      ________      ________      ________      ________
 1              0.000         0.000         0.000         0.000         0.000


           NU
              TIRED         FAILURE       WORTHY        CAPABLE       GOODQUAL
              ________      ________      ________      ________      ________
 1              0.000         0.000         0.000         0.000         0.000


           NU
              ATTITUDE
              ________
 1              0.000


           LAMBDA
              DEP           SE
              ________      ________
 SAD            0.740         0.000
 BLUES          0.587         0.000
 DEPRESS        0.711         0.000
 LONELY         0.706         0.000
 CRYING         0.451         0.000
 TIRED          0.495         0.000
 FAILURE        0.374         0.000
 WORTHY         0.000         0.591
 CAPABLE        0.000         0.537
 GOODQUAL       0.000         0.520
 ATTITUDE       0.000         0.486


           THETA
              SAD           BLUES         DEPRESS       LONELY        CRYING
              ________      ________      ________      ________      ________
 SAD            0.246
 BLUES          0.000         0.281
 DEPRESS        0.000         0.000         0.222
 LONELY         0.000         0.000         0.000         0.329
 CRYING         0.000         0.000         0.000         0.000         0.312
 TIRED          0.000         0.000         0.000         0.000         0.000
 FAILURE        0.000         0.000         0.000         0.000         0.000
 WORTHY         0.000         0.000         0.000         0.000         0.000
 CAPABLE        0.000         0.000         0.000         0.000         0.000
 GOODQUAL       0.000         0.000         0.000         0.000         0.000
 ATTITUDE       0.000         0.000         0.000         0.000         0.000


           THETA
              TIRED         FAILURE       WORTHY        CAPABLE       GOODQUAL
              ________      ________      ________      ________      ________
 TIRED          0.463
 FAILURE        0.000         0.182
 WORTHY         0.000         0.000         0.400
 CAPABLE        0.000         0.000         0.000         0.506
 GOODQUAL       0.000         0.000         0.000         0.000         0.340
 ATTITUDE       0.000         0.000         0.000         0.000         0.000


           THETA
              ATTITUDE
              ________
 ATTITUDE       0.505


           ALPHA
              DEP           SE
              ________      ________
 1              0.000         0.000


           BETA
              DEP           SE
              ________      ________
 DEP            0.000         0.000
 SE             0.000         0.000


           PSI
              DEP           SE
              ________      ________
 DEP            1.000
 SE            -0.394         1.000


     Beginning Time:  15:02:44
        Ending Time:  15:03:14
       Elapsed Time:  00:00:30



MUTHEN & MUTHEN
3463 Stoner Ave.
Los Angeles, CA  90066

Tel: (310) 391-9971
Fax: (310) 391-8971
Web: www.StatModel.com
Support: Support@StatModel.com

Copyright (c) 1998-2013 Muthen & Muthen
