Mplus VERSION 7.11 (Mac)
MUTHEN & MUTHEN
11/08/2013  11:38 AM

INPUT INSTRUCTIONS

  TITLE:

  	Power Analysis for Indirect Effect
  	No Missing Data
  	Indirect Effect is Half of Total Effect
  	N = 100

  MONTECARLO:

  	NAMES ARE x m y;
  	NOBSERVATIONS = 100;
  	NREPS = 10000;
  	
  MODEL POPULATION:

  	x*1;
  	[x*0];
  	m*1;
  	[m*0];
  	y*1;
  	[y*0];
  	
  	y ON m*.35 x*.375;
  	m ON x*.35;
  	
  MODEL:

  	x*1;
  	[x*0];
  	m*1;
  	[m*0];
  	y*1;
  	[y*0];
  	
  	y ON m*.35 x*.375;
  	m ON x*.35;
  	
  MODEL INDIRECT:
  	
  	Y IND X;




INPUT READING TERMINATED NORMALLY





Power Analysis for Indirect Effect
No Missing Data
Indirect Effect is Half of Total Effect
N = 100

SUMMARY OF ANALYSIS

Number of groups                                                 1
Number of observations                                         100

Number of replications
    Requested                                                10000
    Completed                                                10000
Value of seed                                                    0

Number of dependent variables                                    2
Number of independent variables                                  1
Number of continuous latent variables                            0

Observed dependent variables

  Continuous
   M           Y

Observed independent variables
   X


Estimator                                                       ML
Information matrix                                        OBSERVED
Maximum number of iterations                                  1000
Convergence criterion                                    0.500D-04
Maximum number of steepest descent iterations                   20



SAMPLE STATISTICS FOR THE FIRST REPLICATION


     SAMPLE STATISTICS


           Means
              M             Y             X
              ________      ________      ________
      1        -0.109         0.064         0.101


           Covariances
              M             Y             X
              ________      ________      ________
 M              1.108
 Y              0.331         1.338
 X              0.066         0.499         1.092


           Correlations
              M             Y             X
              ________      ________      ________
 M              1.000
 Y              0.272         1.000
 X              0.060         0.413         1.000


MODEL FIT INFORMATION

Number of Free Parameters                        9

Loglikelihood

    H0 Value

        Mean                              -421.173
        Std Dev                             12.385
        Number of successful computations    10000

             Proportions                   Percentiles
        Expected    Observed         Expected       Observed
           0.990       0.993         -449.984       -448.574
           0.980       0.984         -446.607       -445.741
           0.950       0.953         -441.545       -441.268
           0.900       0.903         -437.045       -436.897
           0.800       0.795         -431.596       -431.777
           0.700       0.689         -427.668       -428.110
           0.500       0.497         -421.173       -421.272
           0.300       0.301         -414.679       -414.641
           0.200       0.205         -410.750       -410.529
           0.100       0.101         -405.301       -405.269
           0.050       0.051         -400.802       -400.623
           0.020       0.021         -395.739       -395.685
           0.010       0.010         -392.363       -392.452

    H1 Value

        Mean                              -421.173
        Std Dev                             12.385
        Number of successful computations    10000

             Proportions                   Percentiles
        Expected    Observed         Expected       Observed
           0.990       0.993         -449.984       -448.574
           0.980       0.984         -446.607       -445.741
           0.950       0.953         -441.545       -441.268
           0.900       0.903         -437.045       -436.897
           0.800       0.795         -431.596       -431.777
           0.700       0.689         -427.668       -428.110
           0.500       0.497         -421.173       -421.272
           0.300       0.301         -414.679       -414.641
           0.200       0.205         -410.750       -410.529
           0.100       0.101         -405.301       -405.269
           0.050       0.051         -400.802       -400.623
           0.020       0.021         -395.739       -395.685
           0.010       0.010         -392.363       -392.452

Information Criteria

    Akaike (AIC)

        Mean                               860.346
        Std Dev                             24.769
        Number of successful computations    10000

             Proportions                   Percentiles
        Expected    Observed         Expected       Observed
           0.990       0.990          802.726        802.885
           0.980       0.980          809.478        809.347
           0.950       0.949          819.603        819.241
           0.900       0.899          828.602        828.507
           0.800       0.795          839.501        839.036
           0.700       0.699          847.357        847.278
           0.500       0.503          860.346        860.532
           0.300       0.311          873.335        874.219
           0.200       0.205          881.192        881.530
           0.100       0.097          892.091        891.781
           0.050       0.047          901.089        900.534
           0.020       0.016          911.215        909.461
           0.010       0.007          917.967        915.129

    Bayesian (BIC)

        Mean                               883.793
        Std Dev                             24.769
        Number of successful computations    10000

             Proportions                   Percentiles
        Expected    Observed         Expected       Observed
           0.990       0.990          826.172        826.332
           0.980       0.980          832.924        832.794
           0.950       0.949          843.050        842.688
           0.900       0.899          852.049        851.954
           0.800       0.795          862.947        862.482
           0.700       0.699          870.804        870.724
           0.500       0.503          883.793        883.979
           0.300       0.311          896.782        897.666
           0.200       0.205          904.639        904.977
           0.100       0.097          915.537        915.228
           0.050       0.047          924.536        923.980
           0.020       0.016          934.662        932.908
           0.010       0.007          941.414        938.576

    Sample-Size Adjusted BIC (n* = (n + 2) / 24)

        Mean                               855.369
        Std Dev                             24.769
        Number of successful computations    10000

             Proportions                   Percentiles
        Expected    Observed         Expected       Observed
           0.990       0.990          797.748        797.908
           0.980       0.980          804.500        804.370
           0.950       0.949          814.626        814.264
           0.900       0.899          823.624        823.529
           0.800       0.795          834.523        834.058
           0.700       0.699          842.380        842.300
           0.500       0.503          855.369        855.555
           0.300       0.311          868.358        869.241
           0.200       0.205          876.214        876.552
           0.100       0.097          887.113        886.804
           0.050       0.047          896.112        895.556
           0.020       0.016          906.237        904.483
           0.010       0.007          912.989        910.151

Chi-Square Test of Model Fit

        Degrees of freedom                       0

        Mean                                 0.000
        Std Dev                              0.000
        Number of successful computations    10000

             Proportions                   Percentiles
        Expected    Observed         Expected       Observed
           0.990       1.000            0.000          0.000
           0.980       1.000            0.000          0.000
           0.950       1.000            0.000          0.000
           0.900       1.000            0.000          0.000
           0.800       1.000            0.000          0.000
           0.700       1.000            0.000          0.000
           0.500       1.000            0.000          0.000
           0.300       1.000            0.000          0.000
           0.200       1.000            0.000          0.000
           0.100       1.000            0.000          0.000
           0.050       1.000            0.000          0.000
           0.020       1.000            0.000          0.000
           0.010       1.000            0.000          0.000

RMSEA (Root Mean Square Error Of Approximation)

        Mean                                 0.000
        Std Dev                              0.000
        Number of successful computations    10000

             Proportions                   Percentiles
        Expected    Observed         Expected       Observed
           0.990       0.000            0.000          0.000
           0.980       0.000            0.000          0.000
           0.950       0.000            0.000          0.000
           0.900       0.000            0.000          0.000
           0.800       0.000            0.000          0.000
           0.700       0.000            0.000          0.000
           0.500       0.000            0.000          0.000
           0.300       0.000            0.000          0.000
           0.200       0.000            0.000          0.000
           0.100       0.000            0.000          0.000
           0.050       0.000            0.000          0.000
           0.020       0.000            0.000          0.000
           0.010       0.000            0.000          0.000

SRMR (Standardized Root Mean Square Residual)

        Mean                                 0.000
        Std Dev                              0.000
        Number of successful computations    10000

             Proportions                   Percentiles
        Expected    Observed         Expected       Observed
           0.990       0.994            0.000          0.000
           0.980       0.984            0.000          0.000
           0.950       0.952            0.000          0.000
           0.900       0.899            0.000          0.000
           0.800       0.800            0.000          0.000
           0.700       0.703            0.000          0.000
           0.500       0.496            0.000          0.000
           0.300       0.297            0.000          0.000
           0.200       0.196            0.000          0.000
           0.100       0.097            0.000          0.000
           0.050       0.052            0.000          0.000
           0.020       0.023            0.000          0.000
           0.010       0.012            0.000          0.000


MODEL RESULTS

                           ESTIMATES              S. E.     M. S. E.  95%  % Sig
              Population   Average   Std. Dev.   Average             Cover Coeff
 Y        ON
  M                0.350     0.3513     0.1031     0.1001     0.0106 0.941 0.927
  X                0.375     0.3738     0.1094     0.1060     0.0120 0.939 0.933

 M        ON
  X                0.350     0.3494     0.1016     0.0999     0.0103 0.945 0.932

 Means
  X                0.000     0.0005     0.1006     0.0993     0.0101 0.947 0.053

 Intercepts
  M                0.000    -0.0004     0.1010     0.0992     0.0102 0.945 0.055
  Y                0.000     0.0026     0.1018     0.0993     0.0104 0.943 0.057

 Variances
  X                1.000     0.9905     0.1403     0.1401     0.0198 0.933 1.000

 Residual Variances
  M                1.000     0.9790     0.1395     0.1384     0.0199 0.926 1.000
  Y                1.000     0.9716     0.1398     0.1374     0.0203 0.917 1.000


QUALITY OF NUMERICAL RESULTS

     Average Condition Number for the Information Matrix      0.365E+00
       (ratio of smallest to largest eigenvalue)


TOTAL, TOTAL INDIRECT, SPECIFIC INDIRECT, AND DIRECT EFFECTS


                           ESTIMATES              S. E.     M. S. E.  95%  % Sig
              Population   Average   Std. Dev.   Average             Cover Coeff

Effects from X to Y

  Total            0.497     0.4966     0.1097     0.1060     0.0120 0.940 0.993
  Tot indirect     0.122     0.1228     0.0517     0.0508     0.0027 0.927 0.743

 Specific indirect

  Y
  M
  X                0.122     0.1228     0.0517     0.0508     0.0027 0.927 0.743

 Direct
  Y
  X                0.375     0.3738     0.1094     0.1060     0.0120 0.940 0.933



TECHNICAL OUTPUT


     PARAMETER SPECIFICATION


           NU
              M             Y             X
              ________      ________      ________
      1           0             0             0


           LAMBDA
              M             Y             X
              ________      ________      ________
 M                  0             0             0
 Y                  0             0             0
 X                  0             0             0


           THETA
              M             Y             X
              ________      ________      ________
 M                  0
 Y                  0             0
 X                  0             0             0


           ALPHA
              M             Y             X
              ________      ________      ________
      1           1             2             3


           BETA
              M             Y             X
              ________      ________      ________
 M                  0             0             4
 Y                  5             0             6
 X                  0             0             0


           PSI
              M             Y             X
              ________      ________      ________
 M                  7
 Y                  0             8
 X                  0             0             9


     STARTING VALUES


           NU
              M             Y             X
              ________      ________      ________
      1         0.000         0.000         0.000


           LAMBDA
              M             Y             X
              ________      ________      ________
 M              1.000         0.000         0.000
 Y              0.000         1.000         0.000
 X              0.000         0.000         1.000


           THETA
              M             Y             X
              ________      ________      ________
 M              0.000
 Y              0.000         0.000
 X              0.000         0.000         0.000


           ALPHA
              M             Y             X
              ________      ________      ________
      1         0.000         0.000         0.000


           BETA
              M             Y             X
              ________      ________      ________
 M              0.000         0.000         0.350
 Y              0.350         0.000         0.375
 X              0.000         0.000         0.000


           PSI
              M             Y             X
              ________      ________      ________
 M              1.000
 Y              0.000         1.000
 X              0.000         0.000         1.000


     POPULATION VALUES


           NU
              M             Y             X
              ________      ________      ________
 1              0.000         0.000         0.000


           LAMBDA
              M             Y             X
              ________      ________      ________
 M              1.000         0.000         0.000
 Y              0.000         1.000         0.000
 X              0.000         0.000         1.000


           THETA
              M             Y             X
              ________      ________      ________
 M              0.000
 Y              0.000         0.000
 X              0.000         0.000         0.000


           ALPHA
              M             Y             X
              ________      ________      ________
 1              0.000         0.000         0.000


           BETA
              M             Y             X
              ________      ________      ________
 M              0.000         0.000         0.350
 Y              0.350         0.000         0.375
 X              0.000         0.000         0.000


           PSI
              M             Y             X
              ________      ________      ________
 M              1.000
 Y              0.000         1.000
 X              0.000         0.000         1.000


     Beginning Time:  11:38:00
        Ending Time:  11:38:05
       Elapsed Time:  00:00:05



MUTHEN & MUTHEN
3463 Stoner Ave.
Los Angeles, CA  90066

Tel: (310) 391-9971
Fax: (310) 391-8971
Web: www.StatModel.com
Support: Support@StatModel.com

Copyright (c) 1998-2013 Muthen & Muthen
