Mplus VERSION 7.11 (Mac)
MUTHEN & MUTHEN
11/08/2013   3:28 PM

INPUT INSTRUCTIONS

  TITLE:

  	Power
  	Correlation between latent variables
  	

  MONTECARLO:

  	NAMES ARE sad blues depress lonely crying tired failure
  			  worthy capable goodqual attitude;
  	NOBSERVATIONS = 100;
  	NREPS = 10000;
  	PATMISS = sad (0) blues (0) depress (0) lonely (0) crying (0)
  		 	  tired (0) failure (0) worthy (0) capable (0)
  			  goodqual  (0) attitude (0) |
  			  sad (0) blues (0) depress (0) lonely (0) crying (0)
  		 	  tired (0) failure (0) worthy (1) capable (1)
  			  goodqual (1) attitude (1) |
  			  sad (1) blues (1) depress (1) lonely (1) crying (1)
  			  tired (1) failure (1) worthy (0) capable (0)
  			  goodqual  (0) attitude (0);
  	PATPROB = .5 | .25 | .25;
  		
  MODEL POPULATION:

  	DEP BY sad*.740
  		   blues*.587
  		   depress*.711
  		   lonely*.706
  		   crying*.451
  		   tired*.495
  		   failure*.374;
  	
  	SE BY worthy*.591
  		  capable*.537
  		  goodqual*.520
  		  attitude*.486;
  		
  	DEP@1;
  	SE@1;
  	
  	DEP WITH SE*-.394;
  	
  	sad*0.246;
  	blues*0.281;
  	depress*0.222;
  	lonely*0.329;
  	crying*0.312;
  	tired*0.463;
  	failure*0.182;
  	worthy*0.400;
  	capable*0.506;
  	goodqual*0.340;
  	attitude*0.505;

  	
  MODEL:
  	
  	DEP BY sad*.740
  		   blues*.587
  		   depress*.711
  		   lonely*.706
  		   crying*.451
  		   tired*.495
  		   failure*.374;
  	
  	SE BY worthy*.591
  		  capable*.537
  		  goodqual*.520
  		  attitude*.486;
  		
  	DEP@1;
  	SE@1;
  	
  	DEP WITH SE*-.394;
  	
  	sad*0.246;
  	blues*0.281;
  	depress*0.222;
  	lonely*0.329;
  	crying*0.312;
  	tired*0.463;
  	failure*0.182;
  	worthy*0.400;
  	capable*0.506;
  	goodqual*0.340;
  	attitude*0.505;





INPUT READING TERMINATED NORMALLY





Power
Correlation between latent variables

SUMMARY OF ANALYSIS

Number of groups                                                 1
Number of observations                                         100

Number of replications
    Requested                                                10000
    Completed                                                10000
Value of seed                                                    0

Number of dependent variables                                   11
Number of independent variables                                  0
Number of continuous latent variables                            2

Observed dependent variables

  Continuous
   SAD         BLUES       DEPRESS     LONELY      CRYING      TIRED
   FAILURE     WORTHY      CAPABLE     GOODQUAL    ATTITUDE

Continuous latent variables
   DEP         SE


Estimator                                                       ML
Information matrix                                        OBSERVED
Maximum number of iterations                                  1000
Convergence criterion                                    0.500D-04
Maximum number of steepest descent iterations                   20
Maximum number of iterations for H1                           2000
Convergence criterion for H1                             0.100D-03


SUMMARY OF DATA FOR THE FIRST REPLICATION

     Number of missing data patterns             3


SUMMARY OF MISSING DATA PATTERNS FOR THE FIRST REPLICATION


     MISSING DATA PATTERNS (x = not missing)

           1  2  3
 SAD       x  x
 BLUES     x  x
 DEPRESS   x  x
 LONELY    x  x
 CRYING    x  x
 TIRED     x  x
 FAILURE   x  x
 WORTHY    x     x
 CAPABLE   x     x
 GOODQUAL  x     x
 ATTITUDE  x     x


     MISSING DATA PATTERN FREQUENCIES

    Pattern   Frequency     Pattern   Frequency     Pattern   Frequency
          1          43           2          24           3          33


COVARIANCE COVERAGE OF DATA FOR THE FIRST REPLICATION

Minimum covariance coverage value   0.100


     PROPORTION OF DATA PRESENT


           Covariance Coverage
              SAD           BLUES         DEPRESS       LONELY        CRYING
              ________      ________      ________      ________      ________
 SAD            0.670
 BLUES          0.670         0.670
 DEPRESS        0.670         0.670         0.670
 LONELY         0.670         0.670         0.670         0.670
 CRYING         0.670         0.670         0.670         0.670         0.670
 TIRED          0.670         0.670         0.670         0.670         0.670
 FAILURE        0.670         0.670         0.670         0.670         0.670
 WORTHY         0.430         0.430         0.430         0.430         0.430
 CAPABLE        0.430         0.430         0.430         0.430         0.430
 GOODQUAL       0.430         0.430         0.430         0.430         0.430
 ATTITUDE       0.430         0.430         0.430         0.430         0.430


           Covariance Coverage
              TIRED         FAILURE       WORTHY        CAPABLE       GOODQUAL
              ________      ________      ________      ________      ________
 TIRED          0.670
 FAILURE        0.670         0.670
 WORTHY         0.430         0.430         0.760
 CAPABLE        0.430         0.430         0.760         0.760
 GOODQUAL       0.430         0.430         0.760         0.760         0.760
 ATTITUDE       0.430         0.430         0.760         0.760         0.760


           Covariance Coverage
              ATTITUDE
              ________
 ATTITUDE       0.760



SAMPLE STATISTICS FOR THE FIRST REPLICATION


     ESTIMATED SAMPLE STATISTICS


           Means
              SAD           BLUES         DEPRESS       LONELY        CRYING
              ________      ________      ________      ________      ________
      1         0.014         0.050         0.150         0.109        -0.099


           Means
              TIRED         FAILURE       WORTHY        CAPABLE       GOODQUAL
              ________      ________      ________      ________      ________
      1         0.051         0.053        -0.057        -0.115        -0.095


           Means
              ATTITUDE
              ________
      1         0.038


           Covariances
              SAD           BLUES         DEPRESS       LONELY        CRYING
              ________      ________      ________      ________      ________
 SAD            0.683
 BLUES          0.272         0.541
 DEPRESS        0.385         0.271         0.608
 LONELY         0.519         0.374         0.486         0.842
 CRYING         0.345         0.286         0.315         0.377         0.494
 TIRED          0.397         0.301         0.454         0.490         0.385
 FAILURE        0.219         0.191         0.211         0.231         0.179
 WORTHY        -0.173        -0.128        -0.117        -0.199        -0.050
 CAPABLE       -0.199        -0.150        -0.152        -0.192        -0.117
 GOODQUAL      -0.182        -0.188        -0.169        -0.339        -0.105
 ATTITUDE      -0.159        -0.112        -0.113        -0.095        -0.037


           Covariances
              TIRED         FAILURE       WORTHY        CAPABLE       GOODQUAL
              ________      ________      ________      ________      ________
 TIRED          0.879
 FAILURE        0.213         0.282
 WORTHY        -0.086        -0.081         0.734
 CAPABLE       -0.124        -0.033         0.411         0.846
 GOODQUAL      -0.076        -0.058         0.379         0.451         0.834
 ATTITUDE      -0.102        -0.068         0.299         0.418         0.276


           Covariances
              ATTITUDE
              ________
 ATTITUDE       0.716


           Correlations
              SAD           BLUES         DEPRESS       LONELY        CRYING
              ________      ________      ________      ________      ________
 SAD            1.000
 BLUES          0.448         1.000
 DEPRESS        0.597         0.473         1.000
 LONELY         0.685         0.554         0.680         1.000
 CRYING         0.594         0.553         0.575         0.585         1.000
 TIRED          0.513         0.436         0.621         0.569         0.585
 FAILURE        0.500         0.490         0.510         0.473         0.478
 WORTHY        -0.245        -0.202        -0.176        -0.253        -0.083
 CAPABLE       -0.261        -0.221        -0.212        -0.227        -0.180
 GOODQUAL      -0.241        -0.280        -0.238        -0.404        -0.163
 ATTITUDE      -0.227        -0.181        -0.172        -0.122        -0.062


           Correlations
              TIRED         FAILURE       WORTHY        CAPABLE       GOODQUAL
              ________      ________      ________      ________      ________
 TIRED          1.000
 FAILURE        0.428         1.000
 WORTHY        -0.107        -0.179         1.000
 CAPABLE       -0.143        -0.068         0.522         1.000
 GOODQUAL      -0.089        -0.120         0.485         0.537         1.000
 ATTITUDE      -0.129        -0.152         0.413         0.536         0.357


           Correlations
              ATTITUDE
              ________
 ATTITUDE       1.000


     MAXIMUM LOG-LIKELIHOOD VALUE FOR THE UNRESTRICTED (H1) MODEL IS -763.274


MODEL FIT INFORMATION

Number of Free Parameters                       34

Loglikelihood

    H0 Value

        Mean                              -825.996
        Std Dev                             35.623
        Number of successful computations    10000

             Proportions                   Percentiles
        Expected    Observed         Expected       Observed
           0.990       0.990         -908.866       -910.639
           0.980       0.978         -899.155       -900.931
           0.950       0.950         -884.592       -884.755
           0.900       0.897         -871.650       -872.250
           0.800       0.800         -855.976       -856.056
           0.700       0.703         -844.676       -844.215
           0.500       0.501         -825.996       -825.841
           0.300       0.306         -807.315       -806.869
           0.200       0.200         -796.015       -796.049
           0.100       0.097         -780.341       -780.797
           0.050       0.049         -767.399       -767.745
           0.020       0.020         -752.836       -753.096
           0.010       0.009         -743.126       -745.326

    H1 Value

        Mean                              -801.736
        Std Dev                             36.265
        Number of successful computations    10000

             Proportions                   Percentiles
        Expected    Observed         Expected       Observed
           0.990       0.990         -886.100       -887.227
           0.980       0.978         -876.214       -877.847
           0.950       0.949         -861.389       -861.906
           0.900       0.897         -848.214       -848.861
           0.800       0.801         -832.257       -832.183
           0.700       0.704         -820.754       -820.382
           0.500       0.503         -801.736       -801.397
           0.300       0.302         -782.718       -782.474
           0.200       0.199         -771.215       -771.302
           0.100       0.095         -755.258       -756.374
           0.050       0.050         -742.083       -742.281
           0.020       0.019         -727.258       -727.993
           0.010       0.009         -717.372       -719.136

Information Criteria

    Akaike (AIC)

        Mean                              1719.991
        Std Dev                             71.246
        Number of successful computations    10000

             Proportions                   Percentiles
        Expected    Observed         Expected       Observed
           0.990       0.991         1554.251       1558.484
           0.980       0.980         1573.673       1573.913
           0.950       0.951         1602.798       1603.431
           0.900       0.903         1628.682       1629.455
           0.800       0.800         1660.030       1660.080
           0.700       0.694         1682.630       1681.724
           0.500       0.499         1719.991       1719.676
           0.300       0.297         1757.353       1756.418
           0.200       0.200         1779.952       1780.022
           0.100       0.103         1811.301       1812.381
           0.050       0.050         1837.184       1837.505
           0.020       0.022         1866.310       1869.524
           0.010       0.011         1885.732       1887.256

    Bayesian (BIC)

        Mean                              1808.567
        Std Dev                             71.246
        Number of successful computations    10000

             Proportions                   Percentiles
        Expected    Observed         Expected       Observed
           0.990       0.991         1642.827       1647.060
           0.980       0.980         1662.249       1662.489
           0.950       0.951         1691.374       1692.007
           0.900       0.903         1717.258       1718.031
           0.800       0.800         1748.606       1748.656
           0.700       0.694         1771.206       1770.300
           0.500       0.499         1808.567       1808.252
           0.300       0.297         1845.929       1844.994
           0.200       0.200         1868.528       1868.597
           0.100       0.103         1899.876       1900.957
           0.050       0.050         1925.760       1926.080
           0.020       0.022         1954.886       1958.100
           0.010       0.011         1974.307       1975.832

    Sample-Size Adjusted BIC (n* = (n + 2) / 24)

        Mean                              1701.187
        Std Dev                             71.246
        Number of successful computations    10000

             Proportions                   Percentiles
        Expected    Observed         Expected       Observed
           0.990       0.991         1535.446       1539.679
           0.980       0.980         1554.868       1555.109
           0.950       0.951         1583.994       1584.627
           0.900       0.903         1609.877       1610.650
           0.800       0.800         1641.226       1641.275
           0.700       0.694         1663.825       1662.919
           0.500       0.499         1701.187       1700.872
           0.300       0.297         1738.548       1737.613
           0.200       0.200         1761.148       1761.217
           0.100       0.103         1792.496       1793.576
           0.050       0.050         1818.380       1818.700
           0.020       0.022         1847.505       1850.719
           0.010       0.011         1866.927       1868.452

Chi-Square Test of Model Fit

        Degrees of freedom                      43

        Mean                                48.519
        Std Dev                             10.485
        Number of successful computations    10000

             Proportions                   Percentiles
        Expected    Observed         Expected       Observed
           0.990       0.998           24.398         27.871
           0.980       0.995           26.159         29.639
           0.950       0.984           28.965         32.741
           0.900       0.961           31.625         35.709
           0.800       0.913           35.065         39.434
           0.700       0.854           37.698         42.522
           0.500       0.707           42.335         47.622
           0.300       0.513           47.339         53.456
           0.200       0.393           50.548         57.096
           0.100       0.249           55.230         62.502
           0.050       0.154           59.304         67.040
           0.020       0.079           64.116         72.219
           0.010       0.047           67.459         75.293

RMSEA (Root Mean Square Error Of Approximation)

        Mean                                 0.031
        Std Dev                              0.027
        Number of successful computations    10000

             Proportions                   Percentiles
        Expected    Observed         Expected       Observed
           0.990       1.000           -0.031          0.000
           0.980       1.000           -0.024          0.000
           0.950       1.000           -0.013          0.000
           0.900       1.000           -0.003          0.000
           0.800       0.668            0.009          0.000
           0.700       0.634            0.017          0.000
           0.500       0.517            0.031          0.033
           0.300       0.348            0.046          0.049
           0.200       0.240            0.054          0.057
           0.100       0.113            0.066          0.067
           0.050       0.046            0.076          0.075
           0.020       0.010            0.087          0.082
           0.010       0.004            0.094          0.087

SRMR (Standardized Root Mean Square Residual)

        Mean                                 0.076
        Std Dev                              0.014
        Number of successful computations    10000

             Proportions                   Percentiles
        Expected    Observed         Expected       Observed
           0.990       0.999            0.043          0.049
           0.980       0.995            0.047          0.051
           0.950       0.975            0.052          0.055
           0.900       0.920            0.058          0.059
           0.800       0.804            0.064          0.064
           0.700       0.681            0.068          0.067
           0.500       0.462            0.076          0.074
           0.300       0.268            0.083          0.082
           0.200       0.184            0.087          0.086
           0.100       0.103            0.094          0.094
           0.050       0.062            0.099          0.101
           0.020       0.034            0.104          0.110
           0.010       0.022            0.108          0.116


MODEL RESULTS

                           ESTIMATES              S. E.     M. S. E.  95%  % Sig
              Population   Average   Std. Dev.   Average             Cover Coeff
 DEP      BY
  SAD              0.740     0.7343     0.0864     0.0858     0.0075 0.943 1.000
  BLUES            0.587     0.5825     0.0811     0.0801     0.0066 0.944 1.000
  DEPRESS          0.711     0.7044     0.0823     0.0820     0.0068 0.946 1.000
  LONELY           0.706     0.6999     0.0917     0.0906     0.0085 0.943 1.000
  CRYING           0.451     0.4464     0.0778     0.0768     0.0061 0.945 1.000
  TIRED            0.495     0.4918     0.0932     0.0914     0.0087 0.944 0.999
  FAILURE          0.374     0.3713     0.0602     0.0599     0.0036 0.946 1.000

 SE       BY
  WORTHY           0.591     0.5875     0.1097     0.1067     0.0121 0.943 0.999
  CAPABLE          0.537     0.5320     0.1142     0.1101     0.0131 0.935 0.996
  GOODQUAL         0.520     0.5168     0.0990     0.0963     0.0098 0.942 0.999
  ATTITUDE         0.486     0.4822     0.1095     0.1071     0.0120 0.943 0.990

 DEP      WITH
  SE              -0.394    -0.3922     0.1616     0.1516     0.0261 0.917 0.696

 Intercepts
  SAD              0.000     0.0011     0.1029     0.1012     0.0106 0.944 0.056
  BLUES            0.000     0.0025     0.0918     0.0900     0.0084 0.941 0.059
  DEPRESS          0.000     0.0023     0.0993     0.0968     0.0099 0.939 0.061
  LONELY           0.000     0.0005     0.1055     0.1035     0.0111 0.944 0.056
  CRYING           0.000     0.0009     0.0837     0.0817     0.0070 0.940 0.060
  TIRED            0.000     0.0018     0.0976     0.0959     0.0095 0.943 0.057
  FAILURE          0.000     0.0010     0.0654     0.0646     0.0043 0.946 0.054
  WORTHY           0.000    -0.0008     0.0982     0.0986     0.0097 0.947 0.052
  CAPABLE          0.000     0.0026     0.1031     0.1014     0.0106 0.941 0.059
  GOODQUAL         0.000     0.0003     0.0889     0.0890     0.0079 0.949 0.051
  ATTITUDE         0.000     0.0006     0.0998     0.0982     0.0100 0.943 0.057

 Variances
  DEP              1.000     1.0000     0.0000     0.0000     0.0000 1.000 0.000
  SE               1.000     1.0000     0.0000     0.0000     0.0000 1.000 0.000

 Residual Variances
  SAD              0.246     0.2388     0.0538     0.0521     0.0029 0.922 1.000
  BLUES            0.281     0.2723     0.0527     0.0516     0.0028 0.917 1.000
  DEPRESS          0.222     0.2161     0.0489     0.0474     0.0024 0.921 1.000
  LONELY           0.329     0.3205     0.0647     0.0631     0.0043 0.921 1.000
  CRYING           0.312     0.3031     0.0546     0.0535     0.0031 0.914 1.000
  TIRED            0.463     0.4487     0.0793     0.0780     0.0065 0.913 1.000
  FAILURE          0.182     0.1765     0.0321     0.0316     0.0011 0.917 1.000
  WORTHY           0.400     0.3853     0.1013     0.0979     0.0105 0.936 0.966
  CAPABLE          0.506     0.4876     0.1062     0.1038     0.0116 0.928 0.996
  GOODQUAL         0.340     0.3276     0.0829     0.0796     0.0070 0.930 0.977
  ATTITUDE         0.505     0.4884     0.1003     0.0984     0.0103 0.925 0.999


QUALITY OF NUMERICAL RESULTS

     Average Condition Number for the Information Matrix      0.175E-01
       (ratio of smallest to largest eigenvalue)


TECHNICAL OUTPUT


     PARAMETER SPECIFICATION


           NU
              SAD           BLUES         DEPRESS       LONELY        CRYING
              ________      ________      ________      ________      ________
      1           1             2             3             4             5


           NU
              TIRED         FAILURE       WORTHY        CAPABLE       GOODQUAL
              ________      ________      ________      ________      ________
      1           6             7             8             9            10


           NU
              ATTITUDE
              ________
      1          11


           LAMBDA
              DEP           SE
              ________      ________
 SAD               12             0
 BLUES             13             0
 DEPRESS           14             0
 LONELY            15             0
 CRYING            16             0
 TIRED             17             0
 FAILURE           18             0
 WORTHY             0            19
 CAPABLE            0            20
 GOODQUAL           0            21
 ATTITUDE           0            22


           THETA
              SAD           BLUES         DEPRESS       LONELY        CRYING
              ________      ________      ________      ________      ________
 SAD               23
 BLUES              0            24
 DEPRESS            0             0            25
 LONELY             0             0             0            26
 CRYING             0             0             0             0            27
 TIRED              0             0             0             0             0
 FAILURE            0             0             0             0             0
 WORTHY             0             0             0             0             0
 CAPABLE            0             0             0             0             0
 GOODQUAL           0             0             0             0             0
 ATTITUDE           0             0             0             0             0


           THETA
              TIRED         FAILURE       WORTHY        CAPABLE       GOODQUAL
              ________      ________      ________      ________      ________
 TIRED             28
 FAILURE            0            29
 WORTHY             0             0            30
 CAPABLE            0             0             0            31
 GOODQUAL           0             0             0             0            32
 ATTITUDE           0             0             0             0             0


           THETA
              ATTITUDE
              ________
 ATTITUDE          33


           ALPHA
              DEP           SE
              ________      ________
      1           0             0


           BETA
              DEP           SE
              ________      ________
 DEP                0             0
 SE                 0             0


           PSI
              DEP           SE
              ________      ________
 DEP                0
 SE                34             0


     STARTING VALUES


           NU
              SAD           BLUES         DEPRESS       LONELY        CRYING
              ________      ________      ________      ________      ________
      1         0.000         0.000         0.000         0.000         0.000


           NU
              TIRED         FAILURE       WORTHY        CAPABLE       GOODQUAL
              ________      ________      ________      ________      ________
      1         0.000         0.000         0.000         0.000         0.000


           NU
              ATTITUDE
              ________
      1         0.000


           LAMBDA
              DEP           SE
              ________      ________
 SAD            0.740         0.000
 BLUES          0.587         0.000
 DEPRESS        0.711         0.000
 LONELY         0.706         0.000
 CRYING         0.451         0.000
 TIRED          0.495         0.000
 FAILURE        0.374         0.000
 WORTHY         0.000         0.591
 CAPABLE        0.000         0.537
 GOODQUAL       0.000         0.520
 ATTITUDE       0.000         0.486


           THETA
              SAD           BLUES         DEPRESS       LONELY        CRYING
              ________      ________      ________      ________      ________
 SAD            0.246
 BLUES          0.000         0.281
 DEPRESS        0.000         0.000         0.222
 LONELY         0.000         0.000         0.000         0.329
 CRYING         0.000         0.000         0.000         0.000         0.312
 TIRED          0.000         0.000         0.000         0.000         0.000
 FAILURE        0.000         0.000         0.000         0.000         0.000
 WORTHY         0.000         0.000         0.000         0.000         0.000
 CAPABLE        0.000         0.000         0.000         0.000         0.000
 GOODQUAL       0.000         0.000         0.000         0.000         0.000
 ATTITUDE       0.000         0.000         0.000         0.000         0.000


           THETA
              TIRED         FAILURE       WORTHY        CAPABLE       GOODQUAL
              ________      ________      ________      ________      ________
 TIRED          0.463
 FAILURE        0.000         0.182
 WORTHY         0.000         0.000         0.400
 CAPABLE        0.000         0.000         0.000         0.506
 GOODQUAL       0.000         0.000         0.000         0.000         0.340
 ATTITUDE       0.000         0.000         0.000         0.000         0.000


           THETA
              ATTITUDE
              ________
 ATTITUDE       0.505


           ALPHA
              DEP           SE
              ________      ________
      1         0.000         0.000


           BETA
              DEP           SE
              ________      ________
 DEP            0.000         0.000
 SE             0.000         0.000


           PSI
              DEP           SE
              ________      ________
 DEP            1.000
 SE            -0.394         1.000


     POPULATION VALUES


           NU
              SAD           BLUES         DEPRESS       LONELY        CRYING
              ________      ________      ________      ________      ________
 1              0.000         0.000         0.000         0.000         0.000


           NU
              TIRED         FAILURE       WORTHY        CAPABLE       GOODQUAL
              ________      ________      ________      ________      ________
 1              0.000         0.000         0.000         0.000         0.000


           NU
              ATTITUDE
              ________
 1              0.000


           LAMBDA
              DEP           SE
              ________      ________
 SAD            0.740         0.000
 BLUES          0.587         0.000
 DEPRESS        0.711         0.000
 LONELY         0.706         0.000
 CRYING         0.451         0.000
 TIRED          0.495         0.000
 FAILURE        0.374         0.000
 WORTHY         0.000         0.591
 CAPABLE        0.000         0.537
 GOODQUAL       0.000         0.520
 ATTITUDE       0.000         0.486


           THETA
              SAD           BLUES         DEPRESS       LONELY        CRYING
              ________      ________      ________      ________      ________
 SAD            0.246
 BLUES          0.000         0.281
 DEPRESS        0.000         0.000         0.222
 LONELY         0.000         0.000         0.000         0.329
 CRYING         0.000         0.000         0.000         0.000         0.312
 TIRED          0.000         0.000         0.000         0.000         0.000
 FAILURE        0.000         0.000         0.000         0.000         0.000
 WORTHY         0.000         0.000         0.000         0.000         0.000
 CAPABLE        0.000         0.000         0.000         0.000         0.000
 GOODQUAL       0.000         0.000         0.000         0.000         0.000
 ATTITUDE       0.000         0.000         0.000         0.000         0.000


           THETA
              TIRED         FAILURE       WORTHY        CAPABLE       GOODQUAL
              ________      ________      ________      ________      ________
 TIRED          0.463
 FAILURE        0.000         0.182
 WORTHY         0.000         0.000         0.400
 CAPABLE        0.000         0.000         0.000         0.506
 GOODQUAL       0.000         0.000         0.000         0.000         0.340
 ATTITUDE       0.000         0.000         0.000         0.000         0.000


           THETA
              ATTITUDE
              ________
 ATTITUDE       0.505


           ALPHA
              DEP           SE
              ________      ________
 1              0.000         0.000


           BETA
              DEP           SE
              ________      ________
 DEP            0.000         0.000
 SE             0.000         0.000


           PSI
              DEP           SE
              ________      ________
 DEP            1.000
 SE            -0.394         1.000


     Beginning Time:  15:28:20
        Ending Time:  15:29:04
       Elapsed Time:  00:00:44



MUTHEN & MUTHEN
3463 Stoner Ave.
Los Angeles, CA  90066

Tel: (310) 391-9971
Fax: (310) 391-8971
Web: www.StatModel.com
Support: Support@StatModel.com

Copyright (c) 1998-2013 Muthen & Muthen
