Mplus VERSION 7.11 (Mac)
MUTHEN & MUTHEN
11/08/2013  11:36 AM

INPUT INSTRUCTIONS

  TITLE:

  	Power Analysis for Indirect Effect
  	Missing Data
  	Indirect Effect is Half of Total Effect
  	N = 50

  MONTECARLO:

  	NAMES ARE x m y;
  	NOBSERVATIONS = 50;
  	NREPS = 10000;
  	SEED = 2;
  	PATMISS = m (0) y (0) | m (1) y (1);
  	PATPROB = .8 | .2;
  	
  MODEL POPULATION:

  	x*1;
  	[x*0];
  	m*1;
  	[m*0];
  	y*1;
  	[y*0];
  	
  	y ON m*.5 x*.25;
  	m ON x*.5;
  	
  MODEL:

  	x*1;
  	[x*0];
  	m*1;
  	[m*0];
  	y*1;
  	[y*0];
  	
  	y ON m*.5 x*.25;
  	m ON x*.5;
  	
  MODEL INDIRECT:
  	
  	Y IND X;




INPUT READING TERMINATED NORMALLY





Power Analysis for Indirect Effect
Missing Data
Indirect Effect is Half of Total Effect
N = 50

SUMMARY OF ANALYSIS

Number of groups                                                 1
Number of observations                                          50

Number of replications
    Requested                                                10000
    Completed                                                10000
Value of seed                                                    2

Number of dependent variables                                    2
Number of independent variables                                  1
Number of continuous latent variables                            0

Observed dependent variables

  Continuous
   M           Y

Observed independent variables
   X


Estimator                                                       ML
Information matrix                                        OBSERVED
Maximum number of iterations                                  1000
Convergence criterion                                    0.500D-04
Maximum number of steepest descent iterations                   20
Maximum number of iterations for H1                           2000
Convergence criterion for H1                             0.100D-03


SUMMARY OF DATA FOR THE FIRST REPLICATION

     Number of missing data patterns             2


SUMMARY OF MISSING DATA PATTERNS FOR THE FIRST REPLICATION


     MISSING DATA PATTERNS (x = not missing)

           1  2
 M         x
 Y         x
 X         x  x


     MISSING DATA PATTERN FREQUENCIES

    Pattern   Frequency     Pattern   Frequency
          1          37           2          13


COVARIANCE COVERAGE OF DATA FOR THE FIRST REPLICATION

Minimum covariance coverage value   0.100


     PROPORTION OF DATA PRESENT


           Covariance Coverage
              M             Y             X
              ________      ________      ________
 M              0.740
 Y              0.740         0.740
 X              0.740         0.740         1.000



SAMPLE STATISTICS FOR THE FIRST REPLICATION


     ESTIMATED SAMPLE STATISTICS


           Means
              M             Y             X
              ________      ________      ________
      1         0.113         0.101         0.144


           Covariances
              M             Y             X
              ________      ________      ________
 M              1.452
 Y              0.879         1.956
 X              0.500         0.455         0.973


           Correlations
              M             Y             X
              ________      ________      ________
 M              1.000
 Y              0.521         1.000
 X              0.421         0.330         1.000


     MAXIMUM LOG-LIKELIHOOD VALUE FOR THE UNRESTRICTED (H1) MODEL IS -184.729


MODEL FIT INFORMATION

Number of Free Parameters                        9

Loglikelihood

    H0 Value

        Mean                              -179.830
        Std Dev                             11.678
        Number of successful computations    10000

             Proportions                   Percentiles
        Expected    Observed         Expected       Observed
           0.990       0.992         -206.997       -206.265
           0.980       0.982         -203.814       -203.349
           0.950       0.953         -199.040       -198.705
           0.900       0.903         -194.797       -194.587
           0.800       0.798         -189.659       -189.738
           0.700       0.695         -185.954       -186.118
           0.500       0.498         -179.830       -179.925
           0.300       0.291         -173.706       -173.926
           0.200       0.198         -170.002       -170.097
           0.100       0.106         -164.863       -164.473
           0.050       0.052         -160.621       -160.349
           0.020       0.022         -155.846       -155.513
           0.010       0.010         -152.663       -152.367

    H1 Value

        Mean                              -179.830
        Std Dev                             11.678
        Number of successful computations    10000

             Proportions                   Percentiles
        Expected    Observed         Expected       Observed
           0.990       0.992         -206.997       -206.265
           0.980       0.982         -203.814       -203.349
           0.950       0.953         -199.040       -198.705
           0.900       0.903         -194.797       -194.587
           0.800       0.798         -189.659       -189.738
           0.700       0.695         -185.954       -186.118
           0.500       0.498         -179.830       -179.925
           0.300       0.291         -173.706       -173.926
           0.200       0.198         -170.002       -170.097
           0.100       0.106         -164.863       -164.473
           0.050       0.052         -160.621       -160.349
           0.020       0.022         -155.846       -155.513
           0.010       0.010         -152.663       -152.367

Information Criteria

    Akaike (AIC)

        Mean                               377.660
        Std Dev                             23.357
        Number of successful computations    10000

             Proportions                   Percentiles
        Expected    Observed         Expected       Observed
           0.990       0.990          323.326        322.666
           0.980       0.978          329.693        329.002
           0.950       0.948          339.241        338.698
           0.900       0.894          347.727        346.934
           0.800       0.802          358.003        358.185
           0.700       0.709          365.412        365.835
           0.500       0.502          377.660        377.850
           0.300       0.305          389.908        390.215
           0.200       0.202          397.317        397.459
           0.100       0.097          407.594        407.123
           0.050       0.047          416.080        415.409
           0.020       0.018          425.628        424.591
           0.010       0.008          431.995        430.523

    Bayesian (BIC)

        Mean                               394.869
        Std Dev                             23.357
        Number of successful computations    10000

             Proportions                   Percentiles
        Expected    Observed         Expected       Observed
           0.990       0.990          340.534        339.874
           0.980       0.978          346.901        346.210
           0.950       0.948          356.449        355.906
           0.900       0.894          364.935        364.142
           0.800       0.802          375.212        375.393
           0.700       0.709          382.620        383.043
           0.500       0.502          394.869        395.058
           0.300       0.305          407.117        407.423
           0.200       0.202          414.525        414.667
           0.100       0.097          424.802        424.331
           0.050       0.047          433.288        432.617
           0.020       0.018          442.836        441.800
           0.010       0.008          449.203        447.731

    Sample-Size Adjusted BIC (n* = (n + 2) / 24)

        Mean                               366.619
        Std Dev                             23.357
        Number of successful computations    10000

             Proportions                   Percentiles
        Expected    Observed         Expected       Observed
           0.990       0.990          312.285        311.625
           0.980       0.978          318.652        317.961
           0.950       0.948          328.200        327.657
           0.900       0.894          336.685        335.893
           0.800       0.802          346.962        347.143
           0.700       0.709          354.371        354.794
           0.500       0.502          366.619        366.808
           0.300       0.305          378.867        379.173
           0.200       0.202          386.276        386.418
           0.100       0.097          396.553        396.082
           0.050       0.047          405.038        404.367
           0.020       0.018          414.586        413.550
           0.010       0.008          420.953        419.482

Chi-Square Test of Model Fit

        Degrees of freedom                       0

        Mean                                 0.000
        Std Dev                              0.000
        Number of successful computations    10000

             Proportions                   Percentiles
        Expected    Observed         Expected       Observed
           0.990       1.000            0.000          0.000
           0.980       1.000            0.000          0.000
           0.950       1.000            0.000          0.000
           0.900       1.000            0.000          0.000
           0.800       1.000            0.000          0.000
           0.700       1.000            0.000          0.000
           0.500       1.000            0.000          0.000
           0.300       1.000            0.000          0.000
           0.200       1.000            0.000          0.000
           0.100       1.000            0.000          0.000
           0.050       1.000            0.000          0.000
           0.020       1.000            0.000          0.000
           0.010       1.000            0.000          0.000

RMSEA (Root Mean Square Error Of Approximation)

        Mean                                 0.000
        Std Dev                              0.000
        Number of successful computations    10000

             Proportions                   Percentiles
        Expected    Observed         Expected       Observed
           0.990       0.000            0.000          0.000
           0.980       0.000            0.000          0.000
           0.950       0.000            0.000          0.000
           0.900       0.000            0.000          0.000
           0.800       0.000            0.000          0.000
           0.700       0.000            0.000          0.000
           0.500       0.000            0.000          0.000
           0.300       0.000            0.000          0.000
           0.200       0.000            0.000          0.000
           0.100       0.000            0.000          0.000
           0.050       0.000            0.000          0.000
           0.020       0.000            0.000          0.000
           0.010       0.000            0.000          0.000

SRMR (Standardized Root Mean Square Residual)

        Mean                                 0.000
        Std Dev                              0.000
        Number of successful computations    10000

             Proportions                   Percentiles
        Expected    Observed         Expected       Observed
           0.990       0.980            0.000          0.000
           0.980       0.975            0.000          0.000
           0.950       0.964            0.000          0.000
           0.900       0.901            0.000          0.000
           0.800       0.773            0.000          0.000
           0.700       0.681            0.000          0.000
           0.500       0.520            0.000          0.000
           0.300       0.325            0.000          0.000
           0.200       0.204            0.000          0.000
           0.100       0.090            0.000          0.000
           0.050       0.040            0.000          0.000
           0.020       0.015            0.000          0.000
           0.010       0.007            0.000          0.000


MODEL RESULTS

                           ESTIMATES              S. E.     M. S. E.  95%  % Sig
              Population   Average   Std. Dev.   Average             Cover Coeff
 Y        ON
  M                0.500     0.5022     0.1682     0.1582     0.0283 0.932 0.866
  X                0.250     0.2486     0.1868     0.1767     0.0349 0.934 0.313

 M        ON
  X                0.500     0.5008     0.1645     0.1583     0.0270 0.937 0.868

 Means
  X                0.000     0.0003     0.1403     0.1396     0.0197 0.947 0.053

 Intercepts
  M                0.000     0.0000     0.1620     0.1555     0.0262 0.934 0.066
  Y                0.000    -0.0021     0.1634     0.1553     0.0267 0.933 0.067

 Variances
  X                1.000     0.9837     0.1977     0.1967     0.0393 0.918 1.000

 Residual Variances
  M                1.000     0.9515     0.2198     0.2131     0.0507 0.887 1.000
  Y                1.000     0.9227     0.2141     0.2067     0.0518 0.863 1.000


QUALITY OF NUMERICAL RESULTS

     Average Condition Number for the Information Matrix      0.126E+00
       (ratio of smallest to largest eigenvalue)


TOTAL, TOTAL INDIRECT, SPECIFIC INDIRECT, AND DIRECT EFFECTS


                           ESTIMATES              S. E.     M. S. E.  95%  % Sig
              Population   Average   Std. Dev.   Average             Cover Coeff

Effects from X to Y

  Total            0.500     0.4998     0.1833     0.1769     0.0336 0.939 0.794
  Tot indirect     0.250     0.2512     0.1208     0.1163     0.0146 0.920 0.586

 Specific indirect

  Y
  M
  X                0.250     0.2512     0.1208     0.1163     0.0146 0.920 0.586

 Direct
  Y
  X                0.250     0.2486     0.1868     0.1767     0.0349 0.934 0.313



TECHNICAL OUTPUT


     PARAMETER SPECIFICATION


           NU
              M             Y             X
              ________      ________      ________
      1           0             0             0


           LAMBDA
              M             Y             X
              ________      ________      ________
 M                  0             0             0
 Y                  0             0             0
 X                  0             0             0


           THETA
              M             Y             X
              ________      ________      ________
 M                  0
 Y                  0             0
 X                  0             0             0


           ALPHA
              M             Y             X
              ________      ________      ________
      1           1             2             3


           BETA
              M             Y             X
              ________      ________      ________
 M                  0             0             4
 Y                  5             0             6
 X                  0             0             0


           PSI
              M             Y             X
              ________      ________      ________
 M                  7
 Y                  0             8
 X                  0             0             9


     STARTING VALUES


           NU
              M             Y             X
              ________      ________      ________
      1         0.000         0.000         0.000


           LAMBDA
              M             Y             X
              ________      ________      ________
 M              1.000         0.000         0.000
 Y              0.000         1.000         0.000
 X              0.000         0.000         1.000


           THETA
              M             Y             X
              ________      ________      ________
 M              0.000
 Y              0.000         0.000
 X              0.000         0.000         0.000


           ALPHA
              M             Y             X
              ________      ________      ________
      1         0.000         0.000         0.000


           BETA
              M             Y             X
              ________      ________      ________
 M              0.000         0.000         0.500
 Y              0.500         0.000         0.250
 X              0.000         0.000         0.000


           PSI
              M             Y             X
              ________      ________      ________
 M              1.000
 Y              0.000         1.000
 X              0.000         0.000         1.000


     POPULATION VALUES


           NU
              M             Y             X
              ________      ________      ________
 1              0.000         0.000         0.000


           LAMBDA
              M             Y             X
              ________      ________      ________
 M              1.000         0.000         0.000
 Y              0.000         1.000         0.000
 X              0.000         0.000         1.000


           THETA
              M             Y             X
              ________      ________      ________
 M              0.000
 Y              0.000         0.000
 X              0.000         0.000         0.000


           ALPHA
              M             Y             X
              ________      ________      ________
 1              0.000         0.000         0.000


           BETA
              M             Y             X
              ________      ________      ________
 M              0.000         0.000         0.500
 Y              0.500         0.000         0.250
 X              0.000         0.000         0.000


           PSI
              M             Y             X
              ________      ________      ________
 M              1.000
 Y              0.000         1.000
 X              0.000         0.000         1.000


     Beginning Time:  11:36:06
        Ending Time:  11:36:12
       Elapsed Time:  00:00:06



MUTHEN & MUTHEN
3463 Stoner Ave.
Los Angeles, CA  90066

Tel: (310) 391-9971
Fax: (310) 391-8971
Web: www.StatModel.com
Support: Support@StatModel.com

Copyright (c) 1998-2013 Muthen & Muthen
