Mplus VERSION 7.11 (Mac)
MUTHEN & MUTHEN
11/05/2013   2:16 PM

INPUT INSTRUCTIONS

  TITLE:
  	
  	Mediation Model
  	Model 1c
  	Bootstrap

  DATA:

  	FILE IS read_data.csv;

  VARIABLE:
  	
  	NAMES ARE att4 math7 read7 read21
  			  vocab4 adopted male momed;
  	USEVARIABLES ARE att4 read7 read21;
  	MISSING ARE ALL (-9999);
  	
  ANALYSIS:

  	BOOTSTRAP = 1000;
  		
  MODEL:
  	
  	read21 ON read7 (a)
  			  att4 (cprime);
  	read7 ON att4 (b);
  	
  MODEL INDIRECT:

  	read21 IND att4;
  	
  MODEL CONSTRAINT:

  	NEW (indirect total);
  	indirect = a*b;
  	total = (a*b) + cprime;
  	
  OUTPUT:

  	STANDARDIZED (STDYX);
  	CINTERVAL;
  	
  	
  	
  	



*** WARNING
  Data set contains cases with missing on all variables except
  x-variables.  These cases were not included in the analysis.
  Number of cases with missing on all variables except x-variables:  17
   1 WARNING(S) FOUND IN THE INPUT INSTRUCTIONS





Mediation Model
Model 1c
Bootstrap

SUMMARY OF ANALYSIS

Number of groups                                                 1
Number of observations                                         413

Number of dependent variables                                    2
Number of independent variables                                  1
Number of continuous latent variables                            0

Observed dependent variables

  Continuous
   READ7       READ21

Observed independent variables
   ATT4


Estimator                                                       ML
Information matrix                                        OBSERVED
Maximum number of iterations                                  1000
Convergence criterion                                    0.500D-04
Maximum number of steepest descent iterations                   20
Maximum number of iterations for H1                           2000
Convergence criterion for H1                             0.100D-03
Number of bootstrap draws
    Requested                                                 1000
    Completed                                                 1000

Input data file(s)
  read_data.csv

Input data format  FREE


SUMMARY OF DATA

     Number of missing data patterns             3


COVARIANCE COVERAGE OF DATA

Minimum covariance coverage value   0.100


     PROPORTION OF DATA PRESENT


           Covariance Coverage
              READ7         READ21        ATT4
              ________      ________      ________
 READ7          0.944
 READ21         0.816         0.872
 ATT4           0.944         0.872         1.000



THE MODEL ESTIMATION TERMINATED NORMALLY



MODEL FIT INFORMATION

Number of Free Parameters                        7

Loglikelihood

          H0 Value                       -2587.469
          H1 Value                       -2587.469

Information Criteria

          Akaike (AIC)                    5188.938
          Bayesian (BIC)                  5217.103
          Sample-Size Adjusted BIC        5194.890
            (n* = (n + 2) / 24)

Chi-Square Test of Model Fit

          Value                              0.000
          Degrees of Freedom                     0
          P-Value                           0.0000

RMSEA (Root Mean Square Error Of Approximation)

          Estimate                           0.000
          90 Percent C.I.                    0.000  0.000
          Probability RMSEA <= .05           0.000

CFI/TLI

          CFI                                1.000
          TLI                                1.000

Chi-Square Test of Model Fit for the Baseline Model

          Value                            120.458
          Degrees of Freedom                     3
          P-Value                           0.0000

SRMR (Standardized Root Mean Square Residual)

          Value                              0.000



MODEL RESULTS

                                                    Two-Tailed
                    Estimate       S.E.  Est./S.E.    P-Value

 READ21   ON
    READ7              0.540      0.052     10.408      0.000
    ATT4               0.209      0.129      1.614      0.106

 READ7    ON
    ATT4               0.333      0.130      2.561      0.010

 Intercepts
    READ7             25.574      2.339     10.934      0.000
    READ21            52.753      2.837     18.597      0.000

 Residual Variances
    READ7             63.913      4.920     12.991      0.000
    READ21            51.358      6.393      8.033      0.000

 New/Additional Parameters
    INDIRECT           0.180      0.072      2.513      0.012
    TOTAL              0.389      0.145      2.687      0.007


STANDARDIZED MODEL RESULTS

                      StdYX
                    Estimate

 READ21   ON
    READ7              0.515
    ATT4               0.076

 READ7    ON
    ATT4               0.127

 Intercepts
    READ7              3.173
    READ21             6.242

 Residual Variances
    READ7              0.984
    READ21             0.719


R-SQUARE

    Observed
    Variable        Estimate

    READ7              0.016
    READ21             0.281


TOTAL, TOTAL INDIRECT, SPECIFIC INDIRECT, AND DIRECT EFFECTS


                                                    Two-Tailed
                    Estimate       S.E.  Est./S.E.    P-Value

Effects from ATT4 to READ21

  Total                0.389      0.145      2.687      0.007
  Total indirect       0.180      0.072      2.513      0.012

  Specific indirect

    READ21
    READ7
    ATT4               0.180      0.072      2.513      0.012

  Direct
    READ21
    ATT4               0.209      0.129      1.614      0.106


STANDARDIZED TOTAL, TOTAL INDIRECT, SPECIFIC INDIRECT, AND DIRECT EFFECTS


STDYX Standardization

                                                    Two-Tailed
                    Estimate       S.E.  Est./S.E.    P-Value

Effects from ATT4 to READ21

  Total                0.141      0.051      2.749      0.006
  Total indirect       0.065      0.025      2.578      0.010

  Specific indirect

    READ21
    READ7
    ATT4               0.065      0.025      2.578      0.010

  Direct
    READ21
    ATT4               0.076      0.047      1.628      0.104



CONFIDENCE INTERVALS OF MODEL RESULTS

                  Lower .5%  Lower 2.5%    Lower 5%    Estimate    Upper 5%  Upper 2.5%   Upper .5%

 READ21   ON
    READ7            0.406       0.438       0.455       0.540       0.626       0.642       0.674
    ATT4            -0.124      -0.045      -0.004       0.209       0.421       0.462       0.542

 READ7    ON
    ATT4            -0.002       0.078       0.119       0.333       0.547       0.588       0.668

 Intercepts
    READ7           19.549      20.990      21.726      25.574      29.421      30.158      31.598
    READ21          45.447      47.193      48.087      52.753      57.419      58.313      60.060

 Residual Variances
    READ7           51.240      54.270      55.819      63.913      72.006      73.555      76.585
    READ21          34.890      38.827      40.841      51.358      61.874      63.888      67.825

 New/Additional Parameters
    INDIRECT        -0.004       0.040       0.062       0.180       0.298       0.320       0.364
    TOTAL            0.016       0.105       0.151       0.389       0.626       0.672       0.761


CONFIDENCE INTERVALS OF TOTAL, TOTAL INDIRECT, SPECIFIC INDIRECT, AND DIRECT EFFECTS


                  Lower .5%  Lower 2.5%    Lower 5%    Estimate    Upper 5%  Upper 2.5%   Upper .5%

Effects from ATT4 to READ21

  Total              0.016       0.105       0.151       0.389       0.626       0.672       0.761
  Total indirect    -0.004       0.040       0.062       0.180       0.298       0.320       0.364

  Specific indirect

    READ21
    READ7
    ATT4            -0.004       0.040       0.062       0.180       0.298       0.320       0.364

  Direct
    READ21
    ATT4            -0.124      -0.045      -0.004       0.209       0.421       0.462       0.542


CONFIDENCE INTERVALS OF STANDARDIZED TOTAL, TOTAL INDIRECT, SPECIFIC INDIRECT,
AND DIRECT EFFECTS


STDYX Standardization

                  Lower .5%  Lower 2.5%    Lower 5%    Estimate    Upper 5%  Upper 2.5%   Upper .5%

Effects from ATT4 to READ21

  Total              0.009       0.041       0.057       0.141       0.226       0.242       0.274
  Total indirect     0.000       0.016       0.024       0.065       0.107       0.115       0.131

  Specific indirect

    READ21
    READ7
    ATT4             0.000       0.016       0.024       0.065       0.107       0.115       0.131

  Direct
    READ21
    ATT4            -0.044      -0.015      -0.001       0.076       0.153       0.167       0.196



     Beginning Time:  14:16:50
        Ending Time:  14:16:51
       Elapsed Time:  00:00:01



MUTHEN & MUTHEN
3463 Stoner Ave.
Los Angeles, CA  90066

Tel: (310) 391-9971
Fax: (310) 391-8971
Web: www.StatModel.com
Support: Support@StatModel.com

Copyright (c) 1998-2013 Muthen & Muthen
