Mplus VERSION 7.11 (Mac)
MUTHEN & MUTHEN
11/06/2013   3:23 PM

INPUT INSTRUCTIONS

  TITLE:
  	
  	Mediation Model
  	Model 2c
  	Modification Indices

  DATA:

  	FILE IS read_data.csv;

  VARIABLE:
  	
  	NAMES ARE att4 math7 read7 read21 vocab4
  			  adopted male momed;
  	USEVARIABLES ARE att4 math7 read7 read21;
  	MISSING ARE ALL (-9999);
  	
  ANALYSIS:
  	
  	PROCESSORS = 2;
  	
  MODEL:
  	
  	read21 ON read7 (b1)
  			  math7 (b2)
  			  att4 (cprime);
  	read7 ON att4 (a1);
  	math7 ON att4 (a2);
  	
  MODEL INDIRECT:
  	
  	read21 IND att4;
  	
  OUTPUT:

  	STANDARDIZED (STDYX);
  	CINTERVAL;
  	MODINDICES(4);
  	
  	
  	
  	



*** WARNING
  Data set contains cases with missing on all variables except
  x-variables.  These cases were not included in the analysis.
  Number of cases with missing on all variables except x-variables:  16
   1 WARNING(S) FOUND IN THE INPUT INSTRUCTIONS





Mediation Model
Model 2c
Modification Indices

SUMMARY OF ANALYSIS

Number of groups                                                 1
Number of observations                                         414

Number of dependent variables                                    3
Number of independent variables                                  1
Number of continuous latent variables                            0

Observed dependent variables

  Continuous
   MATH7       READ7       READ21

Observed independent variables
   ATT4


Estimator                                                       ML
Information matrix                                        OBSERVED
Maximum number of iterations                                  1000
Convergence criterion                                    0.500D-04
Maximum number of steepest descent iterations                   20
Maximum number of iterations for H1                           2000
Convergence criterion for H1                             0.100D-03

Input data file(s)
  read_data.csv

Input data format  FREE


SUMMARY OF DATA

     Number of missing data patterns             6


COVARIANCE COVERAGE OF DATA

Minimum covariance coverage value   0.100


     PROPORTION OF DATA PRESENT


           Covariance Coverage
              MATH7         READ7         READ21        ATT4
              ________      ________      ________      ________
 MATH7          0.959
 READ7          0.940         0.942
 READ21         0.829         0.814         0.870
 ATT4           0.959         0.942         0.870         1.000



THE MODEL ESTIMATION TERMINATED NORMALLY



MODEL FIT INFORMATION

Number of Free Parameters                       11

Loglikelihood

          H0 Value                       -3547.033
          H1 Value                       -3533.191

Information Criteria

          Akaike (AIC)                    7116.065
          Bayesian (BIC)                  7160.350
          Sample-Size Adjusted BIC        7125.444
            (n* = (n + 2) / 24)

Chi-Square Test of Model Fit

          Value                             27.683
          Degrees of Freedom                     1
          P-Value                           0.0000

RMSEA (Root Mean Square Error Of Approximation)

          Estimate                           0.254
          90 Percent C.I.                    0.178  0.339
          Probability RMSEA <= .05           0.000

CFI/TLI

          CFI                                0.828
          TLI                               -0.031

Chi-Square Test of Model Fit for the Baseline Model

          Value                            161.275
          Degrees of Freedom                     6
          P-Value                           0.0000

SRMR (Standardized Root Mean Square Residual)

          Value                              0.082



MODEL RESULTS

                                                    Two-Tailed
                    Estimate       S.E.  Est./S.E.    P-Value

 READ21   ON
    READ7              0.511      0.048     10.543      0.000
    MATH7              0.338      0.142      2.381      0.017
    ATT4               0.181      0.123      1.464      0.143

 READ7    ON
    ATT4               0.333      0.131      2.542      0.011

 MATH7    ON
    ATT4               0.123      0.045      2.734      0.006

 Intercepts
    MATH7              8.529      0.817     10.438      0.000
    READ7             25.567      2.391     10.694      0.000
    READ21            50.554      2.697     18.747      0.000

 Residual Variances
    MATH7              7.465      0.530     14.091      0.000
    READ7             63.924      4.584     13.945      0.000
    READ21            50.608      3.843     13.170      0.000


STANDARDIZED MODEL RESULTS


STDYX Standardization

                                                    Two-Tailed
                    Estimate       S.E.  Est./S.E.    P-Value

 READ21   ON
    READ7              0.493      0.042     11.863      0.000
    MATH7              0.112      0.047      2.362      0.018
    ATT4               0.067      0.045      1.469      0.142

 READ7    ON
    ATT4               0.127      0.050      2.564      0.010

 MATH7    ON
    ATT4               0.137      0.049      2.760      0.006

 Intercepts
    MATH7              3.092      0.335      9.240      0.000
    READ7              3.172      0.336      9.435      0.000
    READ21             6.060      0.459     13.217      0.000

 Residual Variances
    MATH7              0.981      0.014     72.655      0.000
    READ7              0.984      0.013     78.154      0.000
    READ21             0.727      0.040     18.403      0.000


R-SQUARE

    Observed                                        Two-Tailed
    Variable        Estimate       S.E.  Est./S.E.    P-Value

    MATH7              0.019      0.014      1.380      0.168
    READ7              0.016      0.013      1.282      0.200
    READ21             0.273      0.040      6.901      0.000


QUALITY OF NUMERICAL RESULTS

     Condition Number for the Information Matrix              0.104E-02
       (ratio of smallest to largest eigenvalue)


TOTAL, TOTAL INDIRECT, SPECIFIC INDIRECT, AND DIRECT EFFECTS


                                                    Two-Tailed
                    Estimate       S.E.  Est./S.E.    P-Value

Effects from ATT4 to READ21

  Total                0.392      0.138      2.840      0.005
  Total indirect       0.212      0.072      2.954      0.003

  Specific indirect

    READ21
    MATH7
    ATT4               0.041      0.023      1.803      0.071

    READ21
    READ7
    ATT4               0.170      0.069      2.469      0.014

  Direct
    READ21
    ATT4               0.181      0.123      1.464      0.143


STANDARDIZED TOTAL, TOTAL INDIRECT, SPECIFIC INDIRECT, AND DIRECT EFFECTS


STDYX Standardization

                                                    Two-Tailed
                    Estimate       S.E.  Est./S.E.    P-Value

Effects from ATT4 to READ21

  Total                0.145      0.050      2.872      0.004
  Total indirect       0.078      0.026      2.991      0.003

  Specific indirect

    READ21
    MATH7
    ATT4               0.015      0.008      1.796      0.072

    READ21
    READ7
    ATT4               0.063      0.025      2.500      0.012

  Direct
    READ21
    ATT4               0.067      0.045      1.469      0.142



CONFIDENCE INTERVALS OF MODEL RESULTS

                  Lower .5%  Lower 2.5%    Lower 5%    Estimate    Upper 5%  Upper 2.5%   Upper .5%

 READ21   ON
    READ7            0.386       0.416       0.431       0.511       0.590       0.606       0.635
    MATH7           -0.028       0.060       0.104       0.338       0.571       0.616       0.703
    ATT4            -0.137      -0.061      -0.022       0.181       0.384       0.423       0.499

 READ7    ON
    ATT4            -0.004       0.076       0.118       0.333       0.549       0.590       0.671

 MATH7    ON
    ATT4             0.007       0.035       0.049       0.123       0.196       0.210       0.238

 Intercepts
    MATH7            6.424       6.927       7.185       8.529       9.873      10.130      10.633
    READ7           19.409      20.882      21.635      25.567      29.500      30.253      31.725
    READ21          43.608      45.268      46.118      50.554      54.990      55.839      57.500

 Residual Variances
    MATH7            6.101       6.427       6.594       7.465       8.337       8.504       8.830
    READ7           52.116      54.939      56.383      63.924      71.465      72.909      75.732
    READ21          40.711      43.077      44.287      50.608      56.930      58.140      60.506


CONFIDENCE INTERVALS OF STANDARDIZED MODEL RESULTS


STDYX Standardization

                  Lower .5%  Lower 2.5%    Lower 5%    Estimate    Upper 5%  Upper 2.5%   Upper .5%

 READ21   ON
    READ7            0.386       0.412       0.425       0.493       0.562       0.575       0.601
    MATH7           -0.010       0.019       0.034       0.112       0.189       0.204       0.233
    ATT4            -0.050      -0.022      -0.008       0.067       0.141       0.155       0.183

 READ7    ON
    ATT4            -0.001       0.030       0.046       0.127       0.209       0.224       0.255

 MATH7    ON
    ATT4             0.009       0.040       0.055       0.137       0.218       0.233       0.264

 Intercepts
    MATH7            2.230       2.436       2.542       3.092       3.643       3.748       3.954
    READ7            2.306       2.513       2.619       3.172       3.725       3.831       4.038
    READ21           4.879       5.162       5.306       6.060       6.815       6.959       7.241

 Residual Variances
    MATH7            0.947       0.955       0.959       0.981       1.004       1.008       1.016
    READ7            0.951       0.959       0.963       0.984       1.005       1.009       1.016
    READ21           0.625       0.650       0.662       0.727       0.792       0.805       0.829


CONFIDENCE INTERVALS OF TOTAL, TOTAL INDIRECT, SPECIFIC INDIRECT, AND DIRECT EFFECTS


                  Lower .5%  Lower 2.5%    Lower 5%    Estimate    Upper 5%  Upper 2.5%   Upper .5%

Effects from ATT4 to READ21

  Total              0.036       0.122       0.165       0.392       0.620       0.663       0.748
  Total indirect     0.027       0.071       0.094       0.212       0.329       0.352       0.396

  Specific indirect

    READ21
    MATH7
    ATT4            -0.018      -0.004       0.004       0.041       0.079       0.086       0.101

    READ21
    READ7
    ATT4            -0.007       0.035       0.057       0.170       0.284       0.305       0.348

  Direct
    READ21
    ATT4            -0.137      -0.061      -0.022       0.181       0.384       0.423       0.499


CONFIDENCE INTERVALS OF STANDARDIZED TOTAL, TOTAL INDIRECT, SPECIFIC INDIRECT,
AND DIRECT EFFECTS


STDYX Standardization

                  Lower .5%  Lower 2.5%    Lower 5%    Estimate    Upper 5%  Upper 2.5%   Upper .5%

Effects from ATT4 to READ21

  Total              0.015       0.046       0.062       0.145       0.227       0.243       0.274
  Total indirect     0.011       0.027       0.035       0.078       0.121       0.129       0.145

  Specific indirect

    READ21
    MATH7
    ATT4            -0.007      -0.001       0.001       0.015       0.029       0.032       0.037

    READ21
    READ7
    ATT4            -0.002       0.014       0.021       0.063       0.104       0.112       0.127

  Direct
    READ21
    ATT4            -0.050      -0.022      -0.008       0.067       0.141       0.155       0.183



MODEL MODIFICATION INDICES

NOTE:  Modification indices for direct effects of observed dependent variables
regressed on covariates may not be included.  To include these, request
MODINDICES (ALL).

Minimum M.I. value for printing the modification index     4.000

                                   M.I.     E.P.C.  Std E.P.C.  StdYX E.P.C.

ON Statements

MATH7    ON READ7                 27.039     0.090      0.090        0.263
MATH7    ON READ21                27.033     0.176      0.176        0.532
READ7    ON MATH7                 27.041     0.770      0.770        0.263
READ7    ON READ21                27.021     2.278      2.278        2.358

WITH Statements

READ7    WITH MATH7               27.041     5.746      5.746        0.263


     Beginning Time:  15:23:43
        Ending Time:  15:23:43
       Elapsed Time:  00:00:00



MUTHEN & MUTHEN
3463 Stoner Ave.
Los Angeles, CA  90066

Tel: (310) 391-9971
Fax: (310) 391-8971
Web: www.StatModel.com
Support: Support@StatModel.com

Copyright (c) 1998-2013 Muthen & Muthen
