Mplus VERSION 7.11 (Mac)
MUTHEN & MUTHEN
11/01/2013   1:08 PM

INPUT INSTRUCTIONS

  TITLE:

  	Metric Invariance Model
  	Self-Concept - Peer Relationships

  DATA:

  	FILE IS self_concept_data.txt;
  	TYPE IS correlation means stdeviations;
  	NOBSERVATIONS = 134 251;
  	NGROUPS = 2;
  	
  VARIABLE:
  	
  	NAMES ARE phyab1 phyab2 phyab3 phyab4
  			  appear1 appear2 appear3 appear4
  			  peerrel1 peerrel2 peerrel3 peerrel4
  			  parrel1 parrel2 parrel3 parrel4;
  			
  	USEVARIABLES ARE peerrel1 peerrel2 peerrel3 peerrel4;
  	
  MODEL:

  	PEER BY peerrel1* (l1)
  			peerrel2 (l2)
  			peerrel3 (l3)
  			peerrel4 (l4);
  	
  	PEER@1;
  	[PEER@0];

  	[peerrel1] (i1);
  	[peerrel2];
  	[peerrel3];
  	[peerrel4];

  	peerrel1;
  	peerrel2;
  	peerrel3;
  	peerrel4;
  	
  MODEL g2:

  	PEER BY peerrel1* (l1)
  			peerrel2 (l2)
  			peerrel3 (l3)
  			peerrel4 (l4);

  	PEER*;
  	[PEER*];

  	[peerrel1] (i1);
  	[peerrel2];
  	[peerrel3];
  	[peerrel4];

  	peerrel1;
  	peerrel2;
  	peerrel3;
  	peerrel4;

  	
  	



INPUT READING TERMINATED NORMALLY





Metric Invariance Model
Self-Concept - Peer Relationships

SUMMARY OF ANALYSIS

Number of groups                                                 2
Number of observations
   Group G1                                                    134
   Group G2                                                    251
   Total sample size                                           385

Number of dependent variables                                    4
Number of independent variables                                  0
Number of continuous latent variables                            1

Observed dependent variables

  Continuous
   PEERREL1    PEERREL2    PEERREL3    PEERREL4

Continuous latent variables
   PEER


Estimator                                                       ML
Information matrix                                        EXPECTED
Maximum number of iterations                                  1000
Convergence criterion                                    0.500D-04
Maximum number of steepest descent iterations                   20

Input data file(s)
  self_concept_data.txt

Input data format  FREE



THE MODEL ESTIMATION TERMINATED NORMALLY



MODEL FIT INFORMATION

Number of Free Parameters                       21

Loglikelihood

          H0 Value                       -3013.181
          H1 Value                       -3011.054

Information Criteria

          Akaike (AIC)                    6068.362
          Bayesian (BIC)                  6151.380
          Sample-Size Adjusted BIC        6084.749
            (n* = (n + 2) / 24)

Chi-Square Test of Model Fit

          Value                              4.254
          Degrees of Freedom                     7
          P-Value                           0.7501

Chi-Square Contribution From Each Group

          G1                                 2.300
          G2                                 1.953

RMSEA (Root Mean Square Error Of Approximation)

          Estimate                           0.000
          90 Percent C.I.                    0.000  0.063
          Probability RMSEA <= .05           0.908

CFI/TLI

          CFI                                1.000
          TLI                                1.010

Chi-Square Test of Model Fit for the Baseline Model

          Value                            503.360
          Degrees of Freedom                    12
          P-Value                           0.0000

SRMR (Standardized Root Mean Square Residual)

          Value                              0.029



MODEL RESULTS

                                                    Two-Tailed
                    Estimate       S.E.  Est./S.E.    P-Value

Group G1

 PEER     BY
    PEERREL1           1.431      0.131     10.895      0.000
    PEERREL2           1.592      0.146     10.931      0.000
    PEERREL3           1.990      0.164     12.113      0.000
    PEERREL4           1.724      0.145     11.851      0.000

 Means
    PEER               0.000      0.000    999.000    999.000

 Intercepts
    PEERREL1           8.440      0.171     49.479      0.000
    PEERREL2           7.620      0.189     40.383      0.000
    PEERREL3           7.060      0.209     33.847      0.000
    PEERREL4           7.890      0.185     42.551      0.000

 Variances
    PEER               1.000      0.000    999.000    999.000

 Residual Variances
    PEERREL1           1.851      0.273      6.773      0.000
    PEERREL2           2.238      0.332      6.739      0.000
    PEERREL3           1.871      0.345      5.418      0.000
    PEERREL4           1.635      0.282      5.804      0.000

Group G2

 PEER     BY
    PEERREL1           1.431      0.131     10.895      0.000
    PEERREL2           1.592      0.146     10.931      0.000
    PEERREL3           1.990      0.164     12.113      0.000
    PEERREL4           1.724      0.145     11.851      0.000

 Means
    PEER               0.259      0.144      1.797      0.072

 Intercepts
    PEERREL1           8.440      0.171     49.479      0.000
    PEERREL2           7.529      0.233     32.249      0.000
    PEERREL3           7.006      0.282     24.813      0.000
    PEERREL4           7.844      0.246     31.841      0.000

 Variances
    PEER               0.639      0.116      5.484      0.000

 Residual Variances
    PEERREL1           1.741      0.191      9.125      0.000
    PEERREL2           2.154      0.236      9.128      0.000
    PEERREL3           2.081      0.266      7.811      0.000
    PEERREL4           1.766      0.215      8.205      0.000


QUALITY OF NUMERICAL RESULTS

     Condition Number for the Information Matrix              0.220E-02
       (ratio of smallest to largest eigenvalue)


     Beginning Time:  13:08:55
        Ending Time:  13:08:55
       Elapsed Time:  00:00:00



MUTHEN & MUTHEN
3463 Stoner Ave.
Los Angeles, CA  90066

Tel: (310) 391-9971
Fax: (310) 391-8971
Web: www.StatModel.com
Support: Support@StatModel.com

Copyright (c) 1998-2013 Muthen & Muthen
