Mplus VERSION 7.11 (Mac)
MUTHEN & MUTHEN
11/07/2013   3:55 PM

INPUT INSTRUCTIONS

  TITLE:

  	Structura Invariance Model
  	Variance and Mean
  	Self-Concept - Peer Relationships

  DATA:

  	FILE IS self_concept_data.txt;
  	TYPE IS correlation means stdeviations;
  	NOBSERVATIONS = 134 251;
  	NGROUPS = 2;
  	
  VARIABLE:
  	
  	NAMES ARE phyab1 phyab2 phyab3 phyab4
  			  appear1 appear2 appear3 appear4
  			  peerrel1 peerrel2 peerrel3 peerrel4
  			  parrel1 parrel2 parrel3 parrel4;
  			
  	USEVARIABLES ARE peerrel1 peerrel2 peerrel3 peerrel4;
  	
  MODEL:

  	PEER BY peerrel1* (l1)
  			peerrel2 (l2)
  			peerrel3 (l3)
  			peerrel4 (l4);
  	
  	PEER@1;
  	[PEER@0];

  	[peerrel1] (i1);
  	[peerrel2] (i2);
  	[peerrel3] (i3);
  	[peerrel4] (i4);

  	peerrel1 (e1);
  	peerrel2 (e2);
  	peerrel3 (e3);
  	peerrel4 (e4);
  	
  MODEL g2:

  	PEER BY peerrel1* (l1)
  			peerrel2 (l2)
  			peerrel3 (l3)
  			peerrel4 (l4);

  	PEER@1;
  	[PEER@0];

  	[peerrel1] (i1);
  	[peerrel2] (i2);
  	[peerrel3] (i3);
  	[peerrel4] (i4);

  	peerrel1 (e1);
  	peerrel2 (e2);
  	peerrel3 (e3);
  	peerrel4 (e4);

  	
  	



INPUT READING TERMINATED NORMALLY





Structura Invariance Model
Variance and Mean
Self-Concept - Peer Relationships

SUMMARY OF ANALYSIS

Number of groups                                                 2
Number of observations
   Group G1                                                    134
   Group G2                                                    251
   Total sample size                                           385

Number of dependent variables                                    4
Number of independent variables                                  0
Number of continuous latent variables                            1

Observed dependent variables

  Continuous
   PEERREL1    PEERREL2    PEERREL3    PEERREL4

Continuous latent variables
   PEER


Estimator                                                       ML
Information matrix                                        EXPECTED
Maximum number of iterations                                  1000
Convergence criterion                                    0.500D-04
Maximum number of steepest descent iterations                   20

Input data file(s)
  self_concept_data.txt

Input data format  FREE



THE MODEL ESTIMATION TERMINATED NORMALLY



MODEL FIT INFORMATION

Number of Free Parameters                       12

Loglikelihood

          H0 Value                       -3019.030
          H1 Value                       -3011.054

Information Criteria

          Akaike (AIC)                    6062.060
          Bayesian (BIC)                  6109.499
          Sample-Size Adjusted BIC        6071.425
            (n* = (n + 2) / 24)

Chi-Square Test of Model Fit

          Value                             15.952
          Degrees of Freedom                    16
          P-Value                           0.4563

Chi-Square Contribution From Each Group

          G1                                 9.191
          G2                                 6.762

RMSEA (Root Mean Square Error Of Approximation)

          Estimate                           0.000
          90 Percent C.I.                    0.000  0.066
          Probability RMSEA <= .05           0.839

CFI/TLI

          CFI                                1.000
          TLI                                1.000

Chi-Square Test of Model Fit for the Baseline Model

          Value                            503.360
          Degrees of Freedom                    12
          P-Value                           0.0000

SRMR (Standardized Root Mean Square Residual)

          Value                              0.116



MODEL RESULTS

                                                    Two-Tailed
                    Estimate       S.E.  Est./S.E.    P-Value

Group G1

 PEER     BY
    PEERREL1           1.261      0.090     13.950      0.000
    PEERREL2           1.399      0.100     13.996      0.000
    PEERREL3           1.761      0.107     16.430      0.000
    PEERREL4           1.523      0.096     15.852      0.000

 Means
    PEER               0.000      0.000    999.000    999.000

 Intercepts
    PEERREL1           8.681      0.094     92.629      0.000
    PEERREL2           7.829      0.104     75.454      0.000
    PEERREL3           7.360      0.115     64.005      0.000
    PEERREL4           8.151      0.102     79.640      0.000

 Variances
    PEER               1.000      0.000    999.000    999.000

 Residual Variances
    PEERREL1           1.793      0.161     11.142      0.000
    PEERREL2           2.187      0.197     11.114      0.000
    PEERREL3           1.990      0.221      8.994      0.000
    PEERREL4           1.712      0.178      9.616      0.000

Group G2

 PEER     BY
    PEERREL1           1.261      0.090     13.950      0.000
    PEERREL2           1.399      0.100     13.996      0.000
    PEERREL3           1.761      0.107     16.430      0.000
    PEERREL4           1.523      0.096     15.852      0.000

 Means
    PEER               0.000      0.000    999.000    999.000

 Intercepts
    PEERREL1           8.681      0.094     92.629      0.000
    PEERREL2           7.829      0.104     75.454      0.000
    PEERREL3           7.360      0.115     64.005      0.000
    PEERREL4           8.151      0.102     79.640      0.000

 Variances
    PEER               1.000      0.000    999.000    999.000

 Residual Variances
    PEERREL1           1.793      0.161     11.142      0.000
    PEERREL2           2.187      0.197     11.114      0.000
    PEERREL3           1.990      0.221      8.994      0.000
    PEERREL4           1.712      0.178      9.616      0.000


QUALITY OF NUMERICAL RESULTS

     Condition Number for the Information Matrix              0.468E-02
       (ratio of smallest to largest eigenvalue)


     Beginning Time:  15:55:54
        Ending Time:  15:55:54
       Elapsed Time:  00:00:00



MUTHEN & MUTHEN
3463 Stoner Ave.
Los Angeles, CA  90066

Tel: (310) 391-9971
Fax: (310) 391-8971
Web: www.StatModel.com
Support: Support@StatModel.com

Copyright (c) 1998-2013 Muthen & Muthen
