Mplus VERSION 7.11 (Mac)
MUTHEN & MUTHEN
11/01/2013   1:11 PM

INPUT INSTRUCTIONS

  TITLE:

  	Residual Invariance Model
  	Self-Concept - Peer Relationships

  DATA:

  	FILE IS self_concept_data.txt;
  	TYPE IS correlation means stdeviations;
  	NOBSERVATIONS = 134 251;
  	NGROUPS = 2;
  	
  VARIABLE:
  	
  	NAMES ARE phyab1 phyab2 phyab3 phyab4
  			  appear1 appear2 appear3 appear4
  			  peerrel1 peerrel2 peerrel3 peerrel4
  			  parrel1 parrel2 parrel3 parrel4;
  			
  	USEVARIABLES ARE peerrel1 peerrel2 peerrel3 peerrel4;
  	
  MODEL:

  	PEER BY peerrel1* (l1)
  			peerrel2 (l2)
  			peerrel3 (l3)
  			peerrel4 (l4);
  	
  	PEER@1;
  	[PEER@0];

  	[peerrel1] (i1);
  	[peerrel2] (i2);
  	[peerrel3] (i3);
  	[peerrel4] (i4);

  	peerrel1 (e1);
  	peerrel2 (e2);
  	peerrel3 (e3);
  	peerrel4 (e4);
  	
  MODEL g2:

  	PEER BY peerrel1* (l1)
  			peerrel2 (l2)
  			peerrel3 (l3)
  			peerrel4 (l4);

  	PEER*;
  	[PEER*];

  	[peerrel1] (i1);
  	[peerrel2] (i2);
  	[peerrel3] (i3);
  	[peerrel4] (i4);

  	peerrel1 (e1);
  	peerrel2 (e2);
  	peerrel3 (e3);
  	peerrel4 (e4);

  	
  	



INPUT READING TERMINATED NORMALLY





Residual Invariance Model
Self-Concept - Peer Relationships

SUMMARY OF ANALYSIS

Number of groups                                                 2
Number of observations
   Group G1                                                    134
   Group G2                                                    251
   Total sample size                                           385

Number of dependent variables                                    4
Number of independent variables                                  0
Number of continuous latent variables                            1

Observed dependent variables

  Continuous
   PEERREL1    PEERREL2    PEERREL3    PEERREL4

Continuous latent variables
   PEER


Estimator                                                       ML
Information matrix                                        EXPECTED
Maximum number of iterations                                  1000
Convergence criterion                                    0.500D-04
Maximum number of steepest descent iterations                   20

Input data file(s)
  self_concept_data.txt

Input data format  FREE



THE MODEL ESTIMATION TERMINATED NORMALLY



MODEL FIT INFORMATION

Number of Free Parameters                       14

Loglikelihood

          H0 Value                       -3013.531
          H1 Value                       -3011.054

Information Criteria

          Akaike (AIC)                    6055.061
          Bayesian (BIC)                  6110.407
          Sample-Size Adjusted BIC        6065.986
            (n* = (n + 2) / 24)

Chi-Square Test of Model Fit

          Value                              4.953
          Degrees of Freedom                    14
          P-Value                           0.9865

Chi-Square Contribution From Each Group

          G1                                 2.679
          G2                                 2.274

RMSEA (Root Mean Square Error Of Approximation)

          Estimate                           0.000
          90 Percent C.I.                    0.000  0.000
          Probability RMSEA <= .05           0.999

CFI/TLI

          CFI                                1.000
          TLI                                1.016

Chi-Square Test of Model Fit for the Baseline Model

          Value                            503.360
          Degrees of Freedom                    12
          P-Value                           0.0000

SRMR (Standardized Root Mean Square Residual)

          Value                              0.035



MODEL RESULTS

                                                    Two-Tailed
                    Estimate       S.E.  Est./S.E.    P-Value

Group G1

 PEER     BY
    PEERREL1           1.437      0.130     11.035      0.000
    PEERREL2           1.588      0.144     11.021      0.000
    PEERREL3           1.989      0.165     12.070      0.000
    PEERREL4           1.723      0.146     11.835      0.000

 Means
    PEER               0.000      0.000    999.000    999.000

 Intercepts
    PEERREL1           8.465      0.148     57.277      0.000
    PEERREL2           7.590      0.163     46.433      0.000
    PEERREL3           7.061      0.195     36.174      0.000
    PEERREL4           7.891      0.171     46.216      0.000

 Variances
    PEER               1.000      0.000    999.000    999.000

 Residual Variances
    PEERREL1           1.773      0.160     11.105      0.000
    PEERREL2           2.180      0.196     11.124      0.000
    PEERREL3           2.012      0.220      9.135      0.000
    PEERREL4           1.723      0.177      9.714      0.000

Group G2

 PEER     BY
    PEERREL1           1.437      0.130     11.035      0.000
    PEERREL2           1.588      0.144     11.021      0.000
    PEERREL3           1.989      0.165     12.070      0.000
    PEERREL4           1.723      0.146     11.835      0.000

 Means
    PEER               0.231      0.110      2.091      0.037

 Intercepts
    PEERREL1           8.465      0.148     57.277      0.000
    PEERREL2           7.590      0.163     46.433      0.000
    PEERREL3           7.061      0.195     36.174      0.000
    PEERREL4           7.891      0.171     46.216      0.000

 Variances
    PEER               0.642      0.117      5.509      0.000

 Residual Variances
    PEERREL1           1.773      0.160     11.105      0.000
    PEERREL2           2.180      0.196     11.124      0.000
    PEERREL3           2.012      0.220      9.135      0.000
    PEERREL4           1.723      0.177      9.714      0.000


QUALITY OF NUMERICAL RESULTS

     Condition Number for the Information Matrix              0.390E-02
       (ratio of smallest to largest eigenvalue)


     Beginning Time:  13:11:33
        Ending Time:  13:11:33
       Elapsed Time:  00:00:00



MUTHEN & MUTHEN
3463 Stoner Ave.
Los Angeles, CA  90066

Tel: (310) 391-9971
Fax: (310) 391-8971
Web: www.StatModel.com
Support: Support@StatModel.com

Copyright (c) 1998-2013 Muthen & Muthen
