Mplus VERSION 7.11 (Mac)
MUTHEN & MUTHEN
11/08/2013  11:36 AM

INPUT INSTRUCTIONS

  TITLE:

  	Power Analysis for Indirect Effect
  	Missing Data
  	Indirect Effect is Half of Total Effect
  	N = 75

  MONTECARLO:

  	NAMES ARE x m y;
  	NOBSERVATIONS = 75;
  	NREPS = 10000;
  	PATMISS = m (0) y (0) | m (1) y (1);
  	PATPROB = .8 | .2;
  		
  MODEL POPULATION:

  	x*1;
  	[x*0];
  	m*1;
  	[m*0];
  	y*1;
  	[y*0];
  	
  	y ON m*.5 x*.25;
  	m ON x*.5;
  	
  MODEL:
  	
  	x*1;
  	[x*0];
  	m*1;
  	[m*0];
  	y*1;
  	[y*0];
  	
  	y ON m*.5 x*.25;
  	m ON x*.5;
  	
  MODEL INDIRECT:
  	
  	Y IND X;




INPUT READING TERMINATED NORMALLY





Power Analysis for Indirect Effect
Missing Data
Indirect Effect is Half of Total Effect
N = 75

SUMMARY OF ANALYSIS

Number of groups                                                 1
Number of observations                                          75

Number of replications
    Requested                                                10000
    Completed                                                10000
Value of seed                                                    0

Number of dependent variables                                    2
Number of independent variables                                  1
Number of continuous latent variables                            0

Observed dependent variables

  Continuous
   M           Y

Observed independent variables
   X


Estimator                                                       ML
Information matrix                                        OBSERVED
Maximum number of iterations                                  1000
Convergence criterion                                    0.500D-04
Maximum number of steepest descent iterations                   20
Maximum number of iterations for H1                           2000
Convergence criterion for H1                             0.100D-03


SUMMARY OF DATA FOR THE FIRST REPLICATION

     Number of missing data patterns             2


SUMMARY OF MISSING DATA PATTERNS FOR THE FIRST REPLICATION


     MISSING DATA PATTERNS (x = not missing)

           1  2
 M         x
 Y         x
 X         x  x


     MISSING DATA PATTERN FREQUENCIES

    Pattern   Frequency     Pattern   Frequency
          1          60           2          15


COVARIANCE COVERAGE OF DATA FOR THE FIRST REPLICATION

Minimum covariance coverage value   0.100


     PROPORTION OF DATA PRESENT


           Covariance Coverage
              M             Y             X
              ________      ________      ________
 M              0.800
 Y              0.800         0.800
 X              0.800         0.800         1.000



SAMPLE STATISTICS FOR THE FIRST REPLICATION


     ESTIMATED SAMPLE STATISTICS


           Means
              M             Y             X
              ________      ________      ________
      1        -0.127        -0.022         0.050


           Covariances
              M             Y             X
              ________      ________      ________
 M              1.108
 Y              0.411         1.378
 X              0.226         0.431         0.996


           Correlations
              M             Y             X
              ________      ________      ________
 M              1.000
 Y              0.332         1.000
 X              0.215         0.368         1.000


     MAXIMUM LOG-LIKELIHOOD VALUE FOR THE UNRESTRICTED (H1) MODEL IS -281.050


MODEL FIT INFORMATION

Number of Free Parameters                        9

Loglikelihood

    H0 Value

        Mean                              -272.092
        Std Dev                             14.157
        Number of successful computations    10000

             Proportions                   Percentiles
        Expected    Observed         Expected       Observed
           0.990       0.990         -305.025       -305.141
           0.980       0.980         -301.166       -301.051
           0.950       0.951         -295.379       -295.192
           0.900       0.903         -290.236       -290.047
           0.800       0.796         -284.006       -284.210
           0.700       0.693         -279.516       -279.823
           0.500       0.503         -272.092       -272.012
           0.300       0.297         -264.668       -264.812
           0.200       0.198         -260.177       -260.293
           0.100       0.102         -253.948       -253.821
           0.050       0.052         -248.805       -248.531
           0.020       0.021         -243.017       -242.558
           0.010       0.010         -239.158       -238.977

    H1 Value

        Mean                              -272.092
        Std Dev                             14.157
        Number of successful computations    10000

             Proportions                   Percentiles
        Expected    Observed         Expected       Observed
           0.990       0.990         -305.025       -305.141
           0.980       0.980         -301.166       -301.051
           0.950       0.951         -295.379       -295.192
           0.900       0.903         -290.236       -290.047
           0.800       0.796         -284.006       -284.210
           0.700       0.693         -279.516       -279.823
           0.500       0.503         -272.092       -272.012
           0.300       0.297         -264.668       -264.812
           0.200       0.198         -260.177       -260.293
           0.100       0.102         -253.948       -253.821
           0.050       0.052         -248.805       -248.531
           0.020       0.021         -243.017       -242.558
           0.010       0.010         -239.158       -238.977

Information Criteria

    Akaike (AIC)

        Mean                               562.184
        Std Dev                             28.314
        Number of successful computations    10000

             Proportions                   Percentiles
        Expected    Observed         Expected       Observed
           0.990       0.990          496.316        495.938
           0.980       0.979          504.035        503.011
           0.950       0.948          515.610        515.036
           0.900       0.898          525.896        525.603
           0.800       0.802          538.354        538.580
           0.700       0.703          547.336        547.620
           0.500       0.497          562.184        562.023
           0.300       0.307          577.032        577.636
           0.200       0.204          586.013        586.402
           0.100       0.097          598.471        597.972
           0.050       0.049          608.758        608.337
           0.020       0.020          620.332        620.016
           0.010       0.010          628.051        628.030

    Bayesian (BIC)

        Mean                               583.041
        Std Dev                             28.314
        Number of successful computations    10000

             Proportions                   Percentiles
        Expected    Observed         Expected       Observed
           0.990       0.990          517.174        516.795
           0.980       0.979          524.892        523.868
           0.950       0.948          536.467        535.893
           0.900       0.898          546.753        546.460
           0.800       0.802          559.212        559.437
           0.700       0.703          568.193        568.478
           0.500       0.497          583.041        582.880
           0.300       0.307          597.889        598.494
           0.200       0.204          606.870        607.259
           0.100       0.097          619.328        618.830
           0.050       0.049          629.615        629.195
           0.020       0.020          641.190        640.873
           0.010       0.010          648.908        648.887

    Sample-Size Adjusted BIC (n* = (n + 2) / 24)

        Mean                               554.675
        Std Dev                             28.314
        Number of successful computations    10000

             Proportions                   Percentiles
        Expected    Observed         Expected       Observed
           0.990       0.990          488.808        488.430
           0.980       0.979          496.526        495.503
           0.950       0.948          508.101        507.527
           0.900       0.898          518.388        518.095
           0.800       0.802          530.846        531.071
           0.700       0.703          539.827        540.112
           0.500       0.497          554.675        554.514
           0.300       0.307          569.523        570.128
           0.200       0.204          578.505        578.894
           0.100       0.097          590.963        590.464
           0.050       0.049          601.249        600.829
           0.020       0.020          612.824        612.508
           0.010       0.010          620.543        620.522

Chi-Square Test of Model Fit

        Degrees of freedom                       0

        Mean                                 0.000
        Std Dev                              0.000
        Number of successful computations    10000

             Proportions                   Percentiles
        Expected    Observed         Expected       Observed
           0.990       1.000            0.000          0.000
           0.980       1.000            0.000          0.000
           0.950       1.000            0.000          0.000
           0.900       1.000            0.000          0.000
           0.800       1.000            0.000          0.000
           0.700       1.000            0.000          0.000
           0.500       1.000            0.000          0.000
           0.300       1.000            0.000          0.000
           0.200       1.000            0.000          0.000
           0.100       1.000            0.000          0.000
           0.050       1.000            0.000          0.000
           0.020       1.000            0.000          0.000
           0.010       1.000            0.000          0.000

RMSEA (Root Mean Square Error Of Approximation)

        Mean                                 0.000
        Std Dev                              0.000
        Number of successful computations    10000

             Proportions                   Percentiles
        Expected    Observed         Expected       Observed
           0.990       0.000            0.000          0.000
           0.980       0.000            0.000          0.000
           0.950       0.000            0.000          0.000
           0.900       0.000            0.000          0.000
           0.800       0.000            0.000          0.000
           0.700       0.000            0.000          0.000
           0.500       0.000            0.000          0.000
           0.300       0.000            0.000          0.000
           0.200       0.000            0.000          0.000
           0.100       0.000            0.000          0.000
           0.050       0.000            0.000          0.000
           0.020       0.000            0.000          0.000
           0.010       0.000            0.000          0.000

SRMR (Standardized Root Mean Square Residual)

        Mean                                 0.000
        Std Dev                              0.000
        Number of successful computations    10000

             Proportions                   Percentiles
        Expected    Observed         Expected       Observed
           0.990       0.989            0.000          0.000
           0.980       0.989            0.000          0.000
           0.950       0.968            0.000          0.000
           0.900       0.893            0.000          0.000
           0.800       0.765            0.000          0.000
           0.700       0.678            0.000          0.000
           0.500       0.513            0.000          0.000
           0.300       0.320            0.000          0.000
           0.200       0.209            0.000          0.000
           0.100       0.093            0.000          0.000
           0.050       0.043            0.000          0.000
           0.020       0.019            0.000          0.000
           0.010       0.010            0.000          0.000


MODEL RESULTS

                           ESTIMATES              S. E.     M. S. E.  95%  % Sig
              Population   Average   Std. Dev.   Average             Cover Coeff
 Y        ON
  M                0.500     0.5021     0.1338     0.1293     0.0179 0.939 0.959
  X                0.250     0.2463     0.1495     0.1446     0.0224 0.940 0.410

 M        ON
  X                0.500     0.5007     0.1331     0.1293     0.0177 0.941 0.962

 Means
  X                0.000    -0.0002     0.1167     0.1143     0.0136 0.941 0.059

 Intercepts
  M                0.000    -0.0011     0.1302     0.1277     0.0169 0.942 0.058
  Y                0.000     0.0036     0.1328     0.1277     0.0176 0.936 0.064

 Variances
  X                1.000     0.9861     0.1615     0.1610     0.0263 0.930 1.000

 Residual Variances
  M                1.000     0.9669     0.1784     0.1767     0.0329 0.907 1.000
  Y                1.000     0.9504     0.1767     0.1737     0.0337 0.897 1.000


QUALITY OF NUMERICAL RESULTS

     Average Condition Number for the Information Matrix      0.205E+00
       (ratio of smallest to largest eigenvalue)


TOTAL, TOTAL INDIRECT, SPECIFIC INDIRECT, AND DIRECT EFFECTS


                           ESTIMATES              S. E.     M. S. E.  95%  % Sig
              Population   Average   Std. Dev.   Average             Cover Coeff

Effects from X to Y

  Total            0.500     0.4978     0.1501     0.1446     0.0225 0.940 0.915
  Tot indirect     0.250     0.2515     0.0963     0.0938     0.0093 0.929 0.857

 Specific indirect

  Y
  M
  X                0.250     0.2515     0.0963     0.0938     0.0093 0.929 0.857

 Direct
  Y
  X                0.250     0.2463     0.1495     0.1446     0.0224 0.940 0.410



TECHNICAL OUTPUT


     PARAMETER SPECIFICATION


           NU
              M             Y             X
              ________      ________      ________
      1           0             0             0


           LAMBDA
              M             Y             X
              ________      ________      ________
 M                  0             0             0
 Y                  0             0             0
 X                  0             0             0


           THETA
              M             Y             X
              ________      ________      ________
 M                  0
 Y                  0             0
 X                  0             0             0


           ALPHA
              M             Y             X
              ________      ________      ________
      1           1             2             3


           BETA
              M             Y             X
              ________      ________      ________
 M                  0             0             4
 Y                  5             0             6
 X                  0             0             0


           PSI
              M             Y             X
              ________      ________      ________
 M                  7
 Y                  0             8
 X                  0             0             9


     STARTING VALUES


           NU
              M             Y             X
              ________      ________      ________
      1         0.000         0.000         0.000


           LAMBDA
              M             Y             X
              ________      ________      ________
 M              1.000         0.000         0.000
 Y              0.000         1.000         0.000
 X              0.000         0.000         1.000


           THETA
              M             Y             X
              ________      ________      ________
 M              0.000
 Y              0.000         0.000
 X              0.000         0.000         0.000


           ALPHA
              M             Y             X
              ________      ________      ________
      1         0.000         0.000         0.000


           BETA
              M             Y             X
              ________      ________      ________
 M              0.000         0.000         0.500
 Y              0.500         0.000         0.250
 X              0.000         0.000         0.000


           PSI
              M             Y             X
              ________      ________      ________
 M              1.000
 Y              0.000         1.000
 X              0.000         0.000         1.000


     POPULATION VALUES


           NU
              M             Y             X
              ________      ________      ________
 1              0.000         0.000         0.000


           LAMBDA
              M             Y             X
              ________      ________      ________
 M              1.000         0.000         0.000
 Y              0.000         1.000         0.000
 X              0.000         0.000         1.000


           THETA
              M             Y             X
              ________      ________      ________
 M              0.000
 Y              0.000         0.000
 X              0.000         0.000         0.000


           ALPHA
              M             Y             X
              ________      ________      ________
 1              0.000         0.000         0.000


           BETA
              M             Y             X
              ________      ________      ________
 M              0.000         0.000         0.500
 Y              0.500         0.000         0.250
 X              0.000         0.000         0.000


           PSI
              M             Y             X
              ________      ________      ________
 M              1.000
 Y              0.000         1.000
 X              0.000         0.000         1.000


     Beginning Time:  11:36:29
        Ending Time:  11:36:35
       Elapsed Time:  00:00:06



MUTHEN & MUTHEN
3463 Stoner Ave.
Los Angeles, CA  90066

Tel: (310) 391-9971
Fax: (310) 391-8971
Web: www.StatModel.com
Support: Support@StatModel.com

Copyright (c) 1998-2013 Muthen & Muthen
