Mplus VERSION 7.11 (Mac)
MUTHEN & MUTHEN
11/11/2013   3:43 PM

INPUT INSTRUCTIONS

  TITLE:
  	
  	ANOVA example

  DATA:

  	FILE IS anova_example_data.csv;

  VARIABLE:
  	
  	NAMES ARE dep tx;
  	GROUPING IS tx (1 = CBT, 2 = IPT, 3 = Control);	
  		
  MODEL:
  	
  	[dep] (mu);
  	dep	(sig);

  MODEL IPT:
  	
  	[dep] (mu);
  	dep	(sig);
  	
  MODEL Control:
  	
  	[dep] (mu);
  	dep	(sig);	
  	



*** WARNING in MODEL command
  All variables are uncorrelated with all other variables in the model.
  Check that this is what is intended.
   1 WARNING(S) FOUND IN THE INPUT INSTRUCTIONS





ANOVA example

SUMMARY OF ANALYSIS

Number of groups                                                 3
Number of observations
   Group CBT                                                    30
   Group IPT                                                    30
   Group CONTROL                                                30
   Total sample size                                            90

Number of dependent variables                                    1
Number of independent variables                                  0
Number of continuous latent variables                            0

Observed dependent variables

  Continuous
   DEP

Variables with special functions

  Grouping variable     TX

Estimator                                                       ML
Information matrix                                        OBSERVED
Maximum number of iterations                                  1000
Convergence criterion                                    0.500D-04
Maximum number of steepest descent iterations                   20

Input data file(s)
  anova_example_data.csv

Input data format  FREE



THE MODEL ESTIMATION TERMINATED NORMALLY



MODEL FIT INFORMATION

Number of Free Parameters                        2

Loglikelihood

          H0 Value                        -135.931
          H1 Value                        -130.712

Information Criteria

          Akaike (AIC)                     275.861
          Bayesian (BIC)                   280.861
          Sample-Size Adjusted BIC         274.548
            (n* = (n + 2) / 24)

Chi-Square Test of Model Fit

          Value                             10.436
          Degrees of Freedom                     4
          P-Value                           0.0337

Chi-Square Contribution From Each Group

          CBT                                1.345
          IPT                                2.208
          CONTROL                            6.883

RMSEA (Root Mean Square Error Of Approximation)

          Estimate                           0.232
          90 Percent C.I.                    0.059  0.409
          Probability RMSEA <= .05           0.045

CFI/TLI

          CFI                                0.000
          TLI                                1.000

Chi-Square Test of Model Fit for the Baseline Model

          Value                              0.000
          Degrees of Freedom                     0
          P-Value                           0.0000

SRMR (Standardized Root Mean Square Residual)

          Value                              0.285



MODEL RESULTS

                                                    Two-Tailed
                    Estimate       S.E.  Est./S.E.    P-Value

Group CBT

 Means
    DEP                0.421      0.115      3.648      0.000

 Variances
    DEP                1.201      0.179      6.708      0.000

Group IPT

 Means
    DEP                0.421      0.115      3.648      0.000

 Variances
    DEP                1.201      0.179      6.708      0.000

Group CONTROL

 Means
    DEP                0.421      0.115      3.648      0.000

 Variances
    DEP                1.201      0.179      6.708      0.000


QUALITY OF NUMERICAL RESULTS

     Condition Number for the Information Matrix              0.416E+00
       (ratio of smallest to largest eigenvalue)


     Beginning Time:  15:43:15
        Ending Time:  15:43:15
       Elapsed Time:  00:00:00



MUTHEN & MUTHEN
3463 Stoner Ave.
Los Angeles, CA  90066

Tel: (310) 391-9971
Fax: (310) 391-8971
Web: www.StatModel.com
Support: Support@StatModel.com

Copyright (c) 1998-2013 Muthen & Muthen
