Mplus VERSION 7.11 (Mac)
MUTHEN & MUTHEN
10/31/2013   1:14 PM

INPUT INSTRUCTIONS

  Title:
  	
  	ANOVA example;
  	Unconstrained Means;
  	Variances Constrained (Homoscedastic);

  Data:

  	File is anova_example_data.csv;

  Variable:
  	
  	Names are dep tx;
  	Grouping is tx (1 = CBT, 2 = IPT, 3 = Control);	
  		
  Model:
  	
  	[dep] (mu1);
  	dep	(sig);

  Model IPT:
  	
  	[dep] (mu2);
  	dep	(sig);
  	
  Model Control:
  	
  	[dep] (mu3);
  	dep	(sig);	
  	



*** WARNING in MODEL command
  All variables are uncorrelated with all other variables in the model.
  Check that this is what is intended.
   1 WARNING(S) FOUND IN THE INPUT INSTRUCTIONS





ANOVA example;
Unconstrained Means;
Variances Constrained (Homoscedastic);

SUMMARY OF ANALYSIS

Number of groups                                                 3
Number of observations
   Group CBT                                                    30
   Group IPT                                                    30
   Group CONTROL                                                30
   Total sample size                                            90

Number of dependent variables                                    1
Number of independent variables                                  0
Number of continuous latent variables                            0

Observed dependent variables

  Continuous
   DEP

Variables with special functions

  Grouping variable     TX

Estimator                                                       ML
Information matrix                                        OBSERVED
Maximum number of iterations                                  1000
Convergence criterion                                    0.500D-04
Maximum number of steepest descent iterations                   20

Input data file(s)
  anova_example_data.csv

Input data format  FREE



THE MODEL ESTIMATION TERMINATED NORMALLY



MODEL FIT INFORMATION

Number of Free Parameters                        4

Loglikelihood

          H0 Value                        -130.939
          H1 Value                        -130.712

Information Criteria

          Akaike (AIC)                     269.877
          Bayesian (BIC)                   279.877
          Sample-Size Adjusted BIC         267.252
            (n* = (n + 2) / 24)

Chi-Square Test of Model Fit

          Value                              0.452
          Degrees of Freedom                     2
          P-Value                           0.7975

Chi-Square Contribution From Each Group

          CBT                                0.279
          IPT                                0.042
          CONTROL                            0.132

RMSEA (Root Mean Square Error Of Approximation)

          Estimate                           0.000
          90 Percent C.I.                    0.000  0.228
          Probability RMSEA <= .05           0.811

CFI/TLI

          CFI                                1.000
          TLI                                1.000

Chi-Square Test of Model Fit for the Baseline Model

          Value                              0.000
          Degrees of Freedom                     0
          P-Value                           0.0000

SRMR (Standardized Root Mean Square Residual)

          Value                              0.071



MODEL RESULTS

                                                    Two-Tailed
                    Estimate       S.E.  Est./S.E.    P-Value

Group CBT

 Means
    DEP                0.190      0.189      1.004      0.315

 Variances
    DEP                1.075      0.160      6.708      0.000

Group IPT

 Means
    DEP                0.151      0.189      0.798      0.425

 Variances
    DEP                1.075      0.160      6.708      0.000

Group CONTROL

 Means
    DEP                0.923      0.189      4.877      0.000

 Variances
    DEP                1.075      0.160      6.708      0.000


QUALITY OF NUMERICAL RESULTS

     Condition Number for the Information Matrix              0.716E+00
       (ratio of smallest to largest eigenvalue)


     Beginning Time:  13:14:06
        Ending Time:  13:14:06
       Elapsed Time:  00:00:00



MUTHEN & MUTHEN
3463 Stoner Ave.
Los Angeles, CA  90066

Tel: (310) 391-9971
Fax: (310) 391-8971
Web: www.StatModel.com
Support: Support@StatModel.com

Copyright (c) 1998-2013 Muthen & Muthen
