Mplus VERSION 7.11 (Mac)
MUTHEN & MUTHEN
11/11/2013   3:44 PM

INPUT INSTRUCTIONS

  TITLE:
  	
  	Depression predicted by anxiety and QoL
  		
  DATA:

  	FILE IS anx_dep_qol.csv;

  VARIABLE:
  	
  	NAMES ARE anx dep qol;
  		
  MODEL:

  	dep ON anx qol;
  	anx WITH qol;

  	
  OUTPUT:
  	STDYX;



INPUT READING TERMINATED NORMALLY





Depression predicted by anxiety and QoL

SUMMARY OF ANALYSIS

Number of groups                                                 1
Number of observations                                         100

Number of dependent variables                                    1
Number of independent variables                                  2
Number of continuous latent variables                            0

Observed dependent variables

  Continuous
   DEP

Observed independent variables
   ANX         QOL


Estimator                                                       ML
Information matrix                                        OBSERVED
Maximum number of iterations                                  1000
Convergence criterion                                    0.500D-04
Maximum number of steepest descent iterations                   20

Input data file(s)
  anx_dep_qol.csv

Input data format  FREE



THE MODEL ESTIMATION TERMINATED NORMALLY



MODEL FIT INFORMATION

Number of Free Parameters                        9

Loglikelihood

          H0 Value                        -371.376
          H1 Value                        -371.376

Information Criteria

          Akaike (AIC)                     760.752
          Bayesian (BIC)                   784.198
          Sample-Size Adjusted BIC         755.774
            (n* = (n + 2) / 24)

Chi-Square Test of Model Fit

          Value                              0.000
          Degrees of Freedom                     0
          P-Value                           0.0000

RMSEA (Root Mean Square Error Of Approximation)

          Estimate                           0.000
          90 Percent C.I.                    0.000  0.000
          Probability RMSEA <= .05           0.000

CFI/TLI

          CFI                                1.000
          TLI                                1.000

Chi-Square Test of Model Fit for the Baseline Model

          Value                             49.784
          Degrees of Freedom                     2
          P-Value                           0.0000

SRMR (Standardized Root Mean Square Residual)

          Value                              0.000



MODEL RESULTS

                                                    Two-Tailed
                    Estimate       S.E.  Est./S.E.    P-Value

 DEP      ON
    ANX                0.471      0.080      5.899      0.000
    QOL                0.257      0.082      3.116      0.002

 ANX      WITH
    QOL                0.296      0.092      3.224      0.001

 Means
    ANX                0.173      0.095      1.823      0.068
    QOL               -0.037      0.092     -0.399      0.690

 Intercepts
    DEP                0.079      0.073      1.082      0.279

 Variances
    ANX                0.896      0.127      7.071      0.000
    QOL                0.843      0.119      7.071      0.000

 Residual Variances
    DEP                0.506      0.071      7.071      0.000


STANDARDIZED MODEL RESULTS


STDYX Standardization

                                                    Two-Tailed
                    Estimate       S.E.  Est./S.E.    P-Value

 DEP      ON
    ANX                0.489      0.075      6.559      0.000
    QOL                0.258      0.081      3.178      0.001

 ANX      WITH
    QOL                0.341      0.088      3.853      0.000

 Means
    ANX                0.182      0.101      1.808      0.071
    QOL               -0.040      0.100     -0.399      0.690

 Intercepts
    DEP                0.086      0.080      1.072      0.284

 Variances
    ANX                1.000      0.000    999.000    999.000
    QOL                1.000      0.000    999.000    999.000

 Residual Variances
    DEP                0.608      0.076      7.985      0.000


R-SQUARE

    Observed                                        Two-Tailed
    Variable        Estimate       S.E.  Est./S.E.    P-Value

    DEP                0.392      0.076      5.151      0.000


QUALITY OF NUMERICAL RESULTS

     Condition Number for the Information Matrix              0.194E+00
       (ratio of smallest to largest eigenvalue)


     Beginning Time:  15:44:06
        Ending Time:  15:44:06
       Elapsed Time:  00:00:00



MUTHEN & MUTHEN
3463 Stoner Ave.
Los Angeles, CA  90066

Tel: (310) 391-9971
Fax: (310) 391-8971
Web: www.StatModel.com
Support: Support@StatModel.com

Copyright (c) 1998-2013 Muthen & Muthen
