Mplus VERSION 7.11 (Mac)
MUTHEN & MUTHEN
11/04/2013   4:44 PM

INPUT INSTRUCTIONS

  TITLE:
  	
  	Mediation Model
  	Model 3

  DATA:

  	FILE IS read_data.csv;

  VARIABLE:
  	
  	NAMES ARE att4 math7 read7 read21 vocab4 adopted male momed;
  	USEVARIABLES ARE att4 math7 read7 read21 vocab4 adopted male momed;
  	MISSING ARE ALL (-9999);
  	
  ANALYSIS:

  	BOOTSTRAP = 1000;
  	PROCESSORS = 2;
  	
  MODEL:
  	
  	read21 ON read7
  			  math7
  			  att4
  			  vocab4 adopted male momed;
  	read7 ON att4
  			 vocab4 adopted male momed;
  	math7 ON att4
  			 vocab4 adopted male momed;
  	
  	read7 WITH math7;
  	
  	
  	
  MODEL INDIRECT:

  	read21 IND att4;
  	
  !MODEL CONSTRAINT:

  !	NEW (ab);
  !	ab = a*b;
  	
  OUTPUT:

  	STANDARDIZED (STDYX);
  	CINTERVAL;
  	
  	
  	
  	



*** WARNING
  Data set contains cases with missing on x-variables.
  These cases were not included in the analysis.
  Number of cases with missing on x-variables:  53
*** WARNING
  Data set contains cases with missing on all variables except
  x-variables.  These cases were not included in the analysis.
  Number of cases with missing on all variables except x-variables:  12
   2 WARNING(S) FOUND IN THE INPUT INSTRUCTIONS





Mediation Model
Model 3

SUMMARY OF ANALYSIS

Number of groups                                                 1
Number of observations                                         365

Number of dependent variables                                    3
Number of independent variables                                  5
Number of continuous latent variables                            0

Observed dependent variables

  Continuous
   MATH7       READ7       READ21

Observed independent variables
   ATT4        VOCAB4      ADOPTED     MALE        MOMED


Estimator                                                       ML
Information matrix                                        OBSERVED
Maximum number of iterations                                  1000
Convergence criterion                                    0.500D-04
Maximum number of steepest descent iterations                   20
Maximum number of iterations for H1                           2000
Convergence criterion for H1                             0.100D-03
Number of bootstrap draws
    Requested                                                 1000
    Completed                                                 1000

Input data file(s)
  read_data.csv

Input data format  FREE


SUMMARY OF DATA

     Number of missing data patterns             6


COVARIANCE COVERAGE OF DATA

Minimum covariance coverage value   0.100


     PROPORTION OF DATA PRESENT


           Covariance Coverage
              MATH7         READ7         READ21        ATT4          VOCAB4
              ________      ________      ________      ________      ________
 MATH7          0.964
 READ7          0.945         0.948
 READ21         0.830         0.816         0.866
 ATT4           0.964         0.948         0.866         1.000
 VOCAB4         0.964         0.948         0.866         1.000         1.000
 ADOPTED        0.964         0.948         0.866         1.000         1.000
 MALE           0.964         0.948         0.866         1.000         1.000
 MOMED          0.964         0.948         0.866         1.000         1.000


           Covariance Coverage
              ADOPTED       MALE          MOMED
              ________      ________      ________
 ADOPTED        1.000
 MALE           1.000         1.000
 MOMED          1.000         1.000         1.000



THE MODEL ESTIMATION TERMINATED NORMALLY



MODEL FIT INFORMATION

Number of Free Parameters                       24

Loglikelihood

          H0 Value                       -3102.880
          H1 Value                       -3102.880

Information Criteria

          Akaike (AIC)                    6253.760
          Bayesian (BIC)                  6347.358
          Sample-Size Adjusted BIC        6271.216
            (n* = (n + 2) / 24)

Chi-Square Test of Model Fit

          Value                              0.000
          Degrees of Freedom                     0
          P-Value                           0.0000

RMSEA (Root Mean Square Error Of Approximation)

          Estimate                           0.000
          90 Percent C.I.                    0.000  0.000
          Probability RMSEA <= .05           0.000

CFI/TLI

          CFI                                1.000
          TLI                                1.000

Chi-Square Test of Model Fit for the Baseline Model

          Value                            198.613
          Degrees of Freedom                    18
          P-Value                           0.0000

SRMR (Standardized Root Mean Square Residual)

          Value                              0.000



MODEL RESULTS

                                                    Two-Tailed
                    Estimate       S.E.  Est./S.E.    P-Value

 READ21   ON
    READ7              0.532      0.057      9.308      0.000
    MATH7              0.169      0.140      1.214      0.225
    ATT4               0.166      0.146      1.138      0.255
    VOCAB4             0.265      0.196      1.356      0.175
    ADOPTED           -2.901      0.829     -3.502      0.000
    MALE              -1.463      0.843     -1.737      0.082
    MOMED              0.041      0.212      0.195      0.846

 READ7    ON
    ATT4               0.346      0.134      2.587      0.010
    VOCAB4             0.372      0.179      2.076      0.038
    ADOPTED           -0.450      0.804     -0.559      0.576
    MALE               0.366      0.845      0.433      0.665
    MOMED              0.351      0.213      1.643      0.100

 MATH7    ON
    ATT4               0.085      0.047      1.813      0.070
    VOCAB4             0.235      0.062      3.800      0.000
    ADOPTED           -0.700      0.289     -2.420      0.016
    MALE              -0.296      0.268     -1.104      0.269
    MOMED             -0.045      0.069     -0.659      0.510

 READ7    WITH
    MATH7              5.256      1.056      4.979      0.000

 Intercepts
    MATH7              7.948      1.466      5.421      0.000
    READ7             16.300      4.040      4.035      0.000
    READ21            50.527      3.760     13.439      0.000

 Residual Variances
    MATH7              6.878      0.466     14.771      0.000
    READ7             62.123      4.890     12.703      0.000
    READ21            50.332      6.378      7.892      0.000


STANDARDIZED MODEL RESULTS

                      StdYX
                    Estimate

 READ21   ON
    READ7              0.492
    MATH7              0.053
    ATT4               0.058
    VOCAB4             0.077
    ADOPTED           -0.166
    MALE              -0.083
    MOMED              0.009

 READ7    ON
    ATT4               0.132
    VOCAB4             0.117
    ADOPTED           -0.028
    MALE               0.022
    MOMED              0.087

 MATH7    ON
    ATT4               0.095
    VOCAB4             0.218
    ADOPTED           -0.128
    MALE              -0.054
    MOMED             -0.033

 READ7    WITH
    MATH7              0.254

 Intercepts
    MATH7              2.907
    READ7              2.018
    READ21             5.794

 Residual Variances
    MATH7              0.920
    READ7              0.952
    READ21             0.662


R-SQUARE

    Observed
    Variable        Estimate

    MATH7              0.080
    READ7              0.048
    READ21             0.338


TOTAL, TOTAL INDIRECT, SPECIFIC INDIRECT, AND DIRECT EFFECTS


                                                    Two-Tailed
                    Estimate       S.E.  Est./S.E.    P-Value

Effects from ATT4 to READ21

  Total                0.364      0.163      2.232      0.026
  Total indirect       0.198      0.079      2.520      0.012

  Specific indirect

    READ21
    MATH7
    ATT4               0.014      0.017      0.861      0.389

    READ21
    READ7
    ATT4               0.184      0.073      2.513      0.012

  Direct
    READ21
    ATT4               0.166      0.146      1.138      0.255


STANDARDIZED TOTAL, TOTAL INDIRECT, SPECIFIC INDIRECT, AND DIRECT EFFECTS


STDYX Standardization

                                                    Two-Tailed
                    Estimate       S.E.  Est./S.E.    P-Value

Effects from ATT4 to READ21

  Total                0.128      0.056      2.304      0.021
  Total indirect       0.070      0.027      2.576      0.010

  Specific indirect

    READ21
    MATH7
    ATT4               0.005      0.006      0.847      0.397

    READ21
    READ7
    ATT4               0.065      0.025      2.583      0.010

  Direct
    READ21
    ATT4               0.058      0.051      1.150      0.250



CONFIDENCE INTERVALS OF MODEL RESULTS

                  Lower .5%  Lower 2.5%    Lower 5%    Estimate    Upper 5%  Upper 2.5%   Upper .5%

 READ21   ON
    READ7            0.385       0.420       0.438       0.532       0.626       0.644       0.679
    MATH7           -0.190      -0.104      -0.060       0.169       0.399       0.443       0.529
    ATT4            -0.209      -0.120      -0.074       0.166       0.405       0.451       0.540
    VOCAB4          -0.239      -0.118      -0.057       0.265       0.587       0.648       0.769
    ADOPTED         -5.036      -4.525      -4.264      -2.901      -1.539      -1.278      -0.767
    MALE            -3.634      -3.115      -2.849      -1.463      -0.077       0.188       0.707
    MOMED           -0.506      -0.375      -0.308       0.041       0.391       0.458       0.589

 READ7    ON
    ATT4             0.002       0.084       0.126       0.346       0.565       0.608       0.690
    VOCAB4          -0.090       0.021       0.077       0.372       0.667       0.724       0.834
    ADOPTED         -2.521      -2.026      -1.773      -0.450       0.873       1.127       1.622
    MALE            -1.812      -1.291      -1.025       0.366       1.756       2.023       2.543
    MOMED           -0.199      -0.068       0.000       0.351       0.702       0.769       0.900

 MATH7    ON
    ATT4            -0.036      -0.007       0.008       0.085       0.161       0.176       0.205
    VOCAB4           0.076       0.114       0.133       0.235       0.337       0.356       0.395
    ADOPTED         -1.445      -1.267      -1.175      -0.700      -0.224      -0.133       0.045
    MALE            -0.986      -0.821      -0.737      -0.296       0.145       0.229       0.394
    MOMED           -0.222      -0.180      -0.158      -0.045       0.068       0.089       0.132

 READ7    WITH
    MATH7            2.537       3.187       3.519       5.256       6.992       7.324       7.974

 Intercepts
    MATH7            4.171       5.074       5.536       7.948      10.359      10.821      11.724
    READ7            5.894       8.382       9.654      16.300      22.947      24.219      26.707
    READ21          40.843      43.158      44.342      50.527      56.712      57.896      60.211

 Residual Variances
    MATH7            5.678       5.965       6.112       6.878       7.644       7.790       8.077
    READ7           49.526      52.538      54.078      62.123      70.167      71.708      74.719
    READ21          33.905      37.832      39.841      50.332      60.823      62.832      66.760


CONFIDENCE INTERVALS OF TOTAL, TOTAL INDIRECT, SPECIFIC INDIRECT, AND DIRECT EFFECTS


                  Lower .5%  Lower 2.5%    Lower 5%    Estimate    Upper 5%  Upper 2.5%   Upper .5%

Effects from ATT4 to READ21

  Total             -0.056       0.044       0.096       0.364       0.632       0.683       0.783
  Total indirect    -0.004       0.044       0.069       0.198       0.327       0.352       0.401

  Specific indirect

    READ21
    MATH7
    ATT4            -0.029      -0.018      -0.013       0.014       0.042       0.047       0.057

    READ21
    READ7
    ATT4            -0.005       0.040       0.064       0.184       0.304       0.327       0.372

  Direct
    READ21
    ATT4            -0.209      -0.120      -0.074       0.166       0.405       0.451       0.540


CONFIDENCE INTERVALS OF STANDARDIZED TOTAL, TOTAL INDIRECT, SPECIFIC INDIRECT,
AND DIRECT EFFECTS


STDYX Standardization

                  Lower .5%  Lower 2.5%    Lower 5%    Estimate    Upper 5%  Upper 2.5%   Upper .5%

Effects from ATT4 to READ21

  Total             -0.015       0.019       0.037       0.128       0.220       0.238       0.272
  Total indirect     0.000       0.017       0.025       0.070       0.115       0.123       0.140

  Specific indirect

    READ21
    MATH7
    ATT4            -0.010      -0.007      -0.005       0.005       0.015       0.017       0.020

    READ21
    READ7
    ATT4             0.000       0.016       0.024       0.065       0.106       0.114       0.130

  Direct
    READ21
    ATT4            -0.073      -0.041      -0.025       0.058       0.142       0.158       0.189



     Beginning Time:  16:44:32
        Ending Time:  16:44:35
       Elapsed Time:  00:00:03



MUTHEN & MUTHEN
3463 Stoner Ave.
Los Angeles, CA  90066

Tel: (310) 391-9971
Fax: (310) 391-8971
Web: www.StatModel.com
Support: Support@StatModel.com

Copyright (c) 1998-2013 Muthen & Muthen
